2025-01-09 14:39:48.100 +08:00 [INF] Now listening on: http://localhost:5001
2025-01-09 14:39:48.164 +08:00 [INF] Application started. Press Ctrl+C to shut down.
2025-01-09 14:39:48.165 +08:00 [INF] Hosting environment: Development
2025-01-09 14:39:48.168 +08:00 [INF] Content root path: D:\Project\DotNetBackEnd\DotNetBackEndCleanArchitecture\DotNetBackEndCleanArchitecture\Presentation\DotNetBackEndService
2025-01-09 14:39:56.647 +08:00 [INF] HTTP GET / responded 404 in 3.4338 ms
2025-01-09 14:41:09.190 +08:00 [INF] Now listening on: http://localhost:5001
2025-01-09 14:41:09.202 +08:00 [INF] Application started. Press Ctrl+C to shut down.
2025-01-09 14:41:09.204 +08:00 [INF] Hosting environment: Development
2025-01-09 14:41:09.205 +08:00 [INF] Content root path: D:\Project\DotNetBackEnd\DotNetBackEndCleanArchitecture\DotNetBackEndCleanArchitecture\Presentation\DotNetBackEndService
2025-01-09 14:41:13.157 +08:00 [INF] HTTP GET / responded 404 in 2.1790 ms
2025-01-09 14:42:20.755 +08:00 [INF] TenderServiceController GetTenderRecord START
2025-01-09 14:42:21.061 +08:00 [INF] TenderRepository GetTenderRecord START
2025-01-09 14:42:22.632 +08:00 [INF] TenderRepository GetTenderRecord END
2025-01-09 14:42:22.685 +08:00 [INF] TenderServiceController GetTenderRecord ENDs
2025-01-09 14:42:22.744 +08:00 [INF] HTTP POST /api/TenderMgmt/TenderService/GetTenderRecord responded 200 in 2177.4960 ms
2025-01-09 15:03:50.875 +08:00 [INF] TenderServiceController GetTenderRecord START
2025-01-09 15:03:50.878 +08:00 [INF] TenderRepository GetTenderRecord START
2025-01-09 15:03:50.884 +08:00 [INF] TenderRepository GetTenderRecord END
2025-01-09 15:03:50.886 +08:00 [INF] TenderServiceController GetTenderRecord ENDs
2025-01-09 15:03:50.890 +08:00 [INF] HTTP POST /api/TenderMgmt/TenderService/GetTenderRecord responded 200 in 26.2792 ms
2025-01-09 16:50:06.196 +08:00 [INF] TenderServiceController GetTenderRecord START
2025-01-09 16:50:06.199 +08:00 [INF] TenderRepository GetTenderRecord START
2025-01-09 16:52:53.257 +08:00 [INF] TenderRepository GetTenderRecord END
2025-01-09 16:52:53.271 +08:00 [INF] TenderServiceController GetTenderRecord ENDs
2025-01-09 16:52:53.273 +08:00 [INF] HTTP POST /api/TenderMgmt/TenderService/GetTenderRecord responded 200 in 167082.2661 ms
2025-01-09 16:52:56.833 +08:00 [INF] TenderServiceController GetTenderRecord START
2025-01-09 16:52:56.835 +08:00 [INF] TenderRepository GetTenderRecord START
2025-01-09 16:52:58.239 +08:00 [INF] TenderRepository GetTenderRecord END
2025-01-09 16:52:58.243 +08:00 [INF] TenderServiceController GetTenderRecord ENDs
2025-01-09 16:52:58.246 +08:00 [INF] HTTP POST /api/TenderMgmt/TenderService/GetTenderRecord responded 200 in 1413.0914 ms
2025-01-09 16:56:07.878 +08:00 [INF] Now listening on: http://localhost:5001
2025-01-09 16:56:07.921 +08:00 [INF] Application started. Press Ctrl+C to shut down.
2025-01-09 16:56:07.923 +08:00 [INF] Hosting environment: Development
2025-01-09 16:56:07.923 +08:00 [INF] Content root path: D:\Project\DotNetBackEnd\DotNetBackEndCleanArchitecture\DotNetBackEndCleanArchitecture\Presentation\DotNetBackEndService
2025-01-09 16:56:12.341 +08:00 [INF] HTTP GET / responded 404 in 2.0159 ms
2025-01-09 17:00:43.783 +08:00 [INF] TenderServiceController GetTenderRecord START
2025-01-09 17:00:43.832 +08:00 [INF] TenderRepository GetTenderRecord START
2025-01-09 17:00:49.268 +08:00 [INF] TenderRepository GetTenderRecord Parameter '@ttr_sn' must be defined. To use this as a variable, set 'Allow User Variables=true' in the connection string.
2025-01-09 17:00:49.281 +08:00 [INF] TenderRepository GetTenderRecord END
2025-01-09 17:00:49.284 +08:00 [INF] TenderServiceController GetTenderRecord ENDs
2025-01-09 17:00:49.316 +08:00 [INF] HTTP POST /api/TenderMgmt/TenderService/GetTenderRecord responded 200 in 6223.0293 ms
2025-01-09 17:01:37.053 +08:00 [INF] Now listening on: http://localhost:5001
2025-01-09 17:01:37.125 +08:00 [INF] Application started. Press Ctrl+C to shut down.
2025-01-09 17:01:37.128 +08:00 [INF] Hosting environment: Development
2025-01-09 17:01:37.129 +08:00 [INF] Content root path: D:\Project\DotNetBackEnd\DotNetBackEndCleanArchitecture\DotNetBackEndCleanArchitecture\Presentation\DotNetBackEndService
2025-01-09 17:01:41.820 +08:00 [INF] HTTP GET / responded 404 in 3.1390 ms
2025-01-09 17:14:49.485 +08:00 [INF] TenderServiceController GetTenderRecord START
2025-01-09 17:14:49.490 +08:00 [INF] TenderRepository GetTenderRecord START
2025-01-09 17:14:49.995 +08:00 [INF] TenderRepository GetTenderRecord END
2025-01-09 17:14:49.998 +08:00 [INF] TenderServiceController GetTenderRecord ENDs
2025-01-09 17:14:50.026 +08:00 [INF] HTTP POST /api/TenderMgmt/TenderService/GetTenderRecord responded 200 in 1044.7907 ms
2025-01-09 17:15:01.266 +08:00 [INF] TenderServiceController GetTenderRecord START
2025-01-09 17:15:01.270 +08:00 [INF] TenderRepository GetTenderRecord START
2025-01-09 17:15:01.296 +08:00 [INF] TenderRepository GetTenderRecord END
2025-01-09 17:15:01.297 +08:00 [INF] TenderServiceController GetTenderRecord ENDs
2025-01-09 17:15:01.334 +08:00 [INF] HTTP POST /api/TenderMgmt/TenderService/GetTenderRecord responded 200 in 80.4305 ms
