2025-02-06 16:57:00.991 +08:00 [INF] Now listening on: http://localhost:5001
2025-02-06 16:57:01.023 +08:00 [INF] Application started. Press Ctrl+C to shut down.
2025-02-06 16:57:01.027 +08:00 [INF] Hosting environment: Development
2025-02-06 16:57:01.029 +08:00 [INF] Content root path: D:\Project\DotNetBackEnd\DotNetBackEndCleanArchitecture\DotNetBackEndCleanArchitecture\Presentation\DotNetBackEndService
2025-02-06 16:57:04.774 +08:00 [INF] HTTP GET / responded 404 in 3.3533 ms
2025-02-06 17:05:01.879 +08:00 [INF] Now listening on: http://localhost:5001
2025-02-06 17:05:01.991 +08:00 [INF] Application started. Press Ctrl+C to shut down.
2025-02-06 17:05:02.571 +08:00 [INF] Hosting environment: Development
2025-02-06 17:05:02.572 +08:00 [INF] Content root path: D:\Project\DotNetBackEnd\DotNetBackEndCleanArchitecture\DotNetBackEndCleanArchitecture\Presentation\DotNetBackEndService
2025-02-06 17:05:04.982 +08:00 [INF] HTTP GET / responded 404 in 1.9290 ms
2025-02-06 17:13:34.197 +08:00 [INF] Now listening on: http://localhost:5001
2025-02-06 17:13:34.263 +08:00 [INF] Application started. Press Ctrl+C to shut down.
2025-02-06 17:13:34.266 +08:00 [INF] Hosting environment: Development
2025-02-06 17:13:34.268 +08:00 [INF] Content root path: D:\Project\DotNetBackEnd\DotNetBackEndCleanArchitecture\DotNetBackEndCleanArchitecture\Presentation\DotNetBackEndService
2025-02-06 17:13:36.395 +08:00 [INF] HTTP GET / responded 404 in 3.0172 ms
2025-02-06 18:16:29.328 +08:00 [INF] Now listening on: http://localhost:5001
2025-02-06 18:16:29.339 +08:00 [INF] Application started. Press Ctrl+C to shut down.
2025-02-06 18:16:29.341 +08:00 [INF] Hosting environment: Development
2025-02-06 18:16:29.342 +08:00 [INF] Content root path: D:\Project\DotNetBackEnd\DotNetBackEndCleanArchitecture\DotNetBackEndCleanArchitecture\Presentation\DotNetBackEndService
2025-02-06 18:16:31.115 +08:00 [INF] HTTP GET / responded 404 in 2.6346 ms
2025-02-06 18:21:07.374 +08:00 [INF] Now listening on: http://localhost:5001
2025-02-06 18:21:07.387 +08:00 [INF] Application started. Press Ctrl+C to shut down.
2025-02-06 18:21:07.389 +08:00 [INF] Hosting environment: Development
2025-02-06 18:21:07.390 +08:00 [INF] Content root path: D:\Project\DotNetBackEnd\DotNetBackEndCleanArchitecture\DotNetBackEndCleanArchitecture\Presentation\DotNetBackEndService
2025-02-06 18:21:08.915 +08:00 [INF] HTTP GET / responded 404 in 1.7388 ms
