2024-10-25 14:49:46.667 +08:00 [INF] Now listening on: http://localhost:5001
2024-10-25 14:49:52.131 +08:00 [INF] Application started. Press Ctrl+C to shut down.
2024-10-25 14:49:53.885 +08:00 [INF] Hosting environment: Development
2024-10-25 14:49:53.886 +08:00 [INF] Content root path: D:\Project\DotNetBackEnd\DotNetBackEndCleanArchitecture\DotNetBackEndCleanArchitecture\Presentation\DotNetBackEndService
2024-10-25 14:49:55.267 +08:00 [INF] HTTP GET / responded 404 in 3.6150 ms
2024-10-25 14:50:43.773 +08:00 [INF] BalancesServiceController QueryMemberBalanceUser START
2024-10-25 14:50:44.309 +08:00 [INF] MemberBalanceRepository QueryMemberBalanceUser START
2024-10-25 14:50:45.717 +08:00 [INF] MemberBalanceRepository QueryMemberBalanceUser END
2024-10-25 14:50:45.719 +08:00 [INF] BalancesServiceController QueryMemberBalanceUser START
2024-10-25 14:50:45.763 +08:00 [INF] HTTP POST /api/FinancialMgmt/BalancesService/QueryMemberBalanceUser responded 200 in 2448.5595 ms
2024-10-25 14:50:52.126 +08:00 [INF] BalancesServiceController QueryMemberBalanceUser START
2024-10-25 14:50:52.138 +08:00 [INF] MemberBalanceRepository QueryMemberBalanceUser START
2024-10-25 14:50:52.144 +08:00 [INF] MemberBalanceRepository QueryMemberBalanceUser END
2024-10-25 14:50:52.146 +08:00 [INF] BalancesServiceController QueryMemberBalanceUser START
2024-10-25 14:50:52.148 +08:00 [INF] HTTP POST /api/FinancialMgmt/BalancesService/QueryMemberBalanceUser responded 200 in 25.5950 ms
2024-10-25 14:51:52.926 +08:00 [INF] Now listening on: http://localhost:5001
2024-10-25 14:51:52.942 +08:00 [INF] Application started. Press Ctrl+C to shut down.
2024-10-25 14:51:52.944 +08:00 [INF] Hosting environment: Development
2024-10-25 14:51:52.946 +08:00 [INF] Content root path: D:\Project\DotNetBackEnd\DotNetBackEndCleanArchitecture\DotNetBackEndCleanArchitecture\Presentation\DotNetBackEndService
2024-10-25 14:52:02.912 +08:00 [INF] HTTP GET / responded 404 in 7.2964 ms
2024-10-25 14:52:55.085 +08:00 [INF] BalancesServiceController QueryMemberBalanceUser START
2024-10-25 14:52:55.092 +08:00 [INF] MemberBalanceRepository QueryMemberBalanceUser START
2024-10-25 14:52:55.775 +08:00 [INF] MemberBalanceRepository QueryMemberBalanceUser END
2024-10-25 14:52:55.778 +08:00 [INF] BalancesServiceController QueryMemberBalanceUser START
2024-10-25 14:52:55.829 +08:00 [INF] HTTP POST /api/FinancialMgmt/BalancesService/QueryMemberBalanceUser responded 200 in 896.5259 ms
2024-10-25 15:05:17.646 +08:00 [INF] Now listening on: http://localhost:5001
2024-10-25 15:05:17.662 +08:00 [INF] Application started. Press Ctrl+C to shut down.
2024-10-25 15:05:17.664 +08:00 [INF] Hosting environment: Development
2024-10-25 15:05:17.665 +08:00 [INF] Content root path: D:\Project\DotNetBackEnd\DotNetBackEndCleanArchitecture\DotNetBackEndCleanArchitecture\Presentation\DotNetBackEndService
2024-10-25 15:05:27.545 +08:00 [INF] HTTP GET / responded 404 in 1.9573 ms
2024-10-25 15:07:51.300 +08:00 [INF] KycServiceController CheckKyc START
2024-10-25 15:07:51.531 +08:00 [INF] KycRepository CheckKyc START
2024-10-25 15:07:52.636 +08:00 [INF] KycRepository CheckKyc END
2024-10-25 15:07:52.662 +08:00 [INF] KycServiceController CheckKyc END
2024-10-25 15:07:52.695 +08:00 [INF] HTTP POST /api/AuthenticationMgmt/KycService/CheckKyc responded 200 in 1504.6755 ms
2024-10-25 15:08:16.788 +08:00 [INF] KycServiceController PostKyc START
2024-10-25 15:08:16.793 +08:00 [INF] KycRepository PostkKyc START
2024-10-25 15:08:16.829 +08:00 [INF] KycRepository PostkKyc END
2024-10-25 15:08:16.830 +08:00 [INF] KycServiceController PostKyc END
2024-10-25 15:08:16.841 +08:00 [INF] HTTP POST /api/AuthenticationMgmt/KycService/PostKyc responded 200 in 110.2179 ms
2024-10-25 15:09:23.315 +08:00 [INF] KycServiceController CheckKyc START
2024-10-25 15:09:23.317 +08:00 [INF] KycRepository CheckKyc START
2024-10-25 15:09:23.326 +08:00 [INF] KycRepository CheckKyc END
2024-10-25 15:09:23.328 +08:00 [INF] KycServiceController CheckKyc END
2024-10-25 15:09:23.331 +08:00 [INF] HTTP POST /api/AuthenticationMgmt/KycService/CheckKyc responded 200 in 29.0080 ms
2024-10-25 15:10:46.289 +08:00 [INF] Now listening on: http://localhost:5001
2024-10-25 15:10:46.339 +08:00 [INF] Application started. Press Ctrl+C to shut down.
2024-10-25 15:10:46.368 +08:00 [INF] Hosting environment: Development
2024-10-25 15:10:46.399 +08:00 [INF] Content root path: D:\Project\DotNetBackEnd\DotNetBackEndCleanArchitecture\DotNetBackEndCleanArchitecture\Presentation\DotNetBackEndService
2024-10-25 15:10:58.871 +08:00 [INF] HTTP GET / responded 404 in 1.8948 ms
2024-10-25 15:11:48.174 +08:00 [INF] ApplyWithdrawServiceController PostApplyWithdraw START
2024-10-25 15:11:48.199 +08:00 [INF] ApplyWithdrawRepository PostApplyWithdraw START
2024-10-25 15:12:31.911 +08:00 [INF] Now listening on: http://localhost:5001
2024-10-25 15:12:31.923 +08:00 [INF] Application started. Press Ctrl+C to shut down.
2024-10-25 15:12:31.925 +08:00 [INF] Hosting environment: Development
2024-10-25 15:12:31.929 +08:00 [INF] Content root path: D:\Project\DotNetBackEnd\DotNetBackEndCleanArchitecture\DotNetBackEndCleanArchitecture\Presentation\DotNetBackEndService
2024-10-25 15:12:40.209 +08:00 [INF] HTTP GET / responded 404 in 2.0056 ms
2024-10-25 15:13:29.079 +08:00 [INF] ApplyWithdrawServiceController PostApplyWithdraw START
2024-10-25 15:13:29.416 +08:00 [INF] ApplyWithdrawRepository PostApplyWithdraw START
2024-10-25 15:13:32.051 +08:00 [INF] ApplyWithdrawServiceController PostApplyWithdraw END
2024-10-25 15:13:32.387 +08:00 [INF] HTTP POST /api/FinancialMgmt/ApplyWithdrawService/PostApplyWithdraw responded 200 in 5226.1542 ms
2024-10-25 15:13:42.772 +08:00 [INF] ApplyWithdrawServiceController PostApplyWithdraw START
2024-10-25 15:13:43.198 +08:00 [INF] ApplyWithdrawRepository PostApplyWithdraw START
2024-10-25 15:13:46.521 +08:00 [INF] ApplyWithdrawRepository PostApplyWithdraw END
2024-10-25 15:13:46.523 +08:00 [INF] ApplyWithdrawServiceController PostApplyWithdraw END
2024-10-25 15:13:46.525 +08:00 [INF] HTTP POST /api/FinancialMgmt/ApplyWithdrawService/PostApplyWithdraw responded 200 in 5349.6358 ms
