2025-01-26 04:50:43.535 +08:00 [INF] Now listening on: http://localhost:5001
2025-01-26 04:50:43.551 +08:00 [INF] Application started. Press Ctrl+C to shut down.
2025-01-26 04:50:43.553 +08:00 [INF] Hosting environment: Development
2025-01-26 04:50:43.554 +08:00 [INF] Content root path: D:\Project\DotNetBackEnd\DotNetBackEndCleanArchitecture\DotNetBackEndCleanArchitecture\Presentation\DotNetBackEndService
2025-01-26 04:50:47.906 +08:00 [INF] HTTP GET / responded 404 in 3.4026 ms
2025-01-26 04:51:24.992 +08:00 [INF] AnnouncementServiceController QueryAnnAdmin START
2025-01-26 04:51:26.156 +08:00 [INF] AnnouncementRepository QueryAnnAdmin START
2025-01-26 04:51:28.246 +08:00 [INF] AnnouncementRepository QueryAnnAdmin START
2025-01-26 04:51:28.248 +08:00 [INF] AnnouncementRepository QueryAnnAdmin END
2025-01-26 04:51:28.248 +08:00 [INF] AnnouncementServiceController QueryAnnAdmin END
2025-01-26 04:51:28.283 +08:00 [INF] HTTP POST /api/SystemMgmt/AnnouncementService/QueryAnnAdmin responded 200 in 3477.4127 ms
2025-01-26 04:51:28.844 +08:00 [INF] AnnouncementServiceController QueryAnnAdmin START
2025-01-26 04:51:28.846 +08:00 [INF] AnnouncementRepository QueryAnnAdmin START
2025-01-26 04:51:28.894 +08:00 [INF] AnnouncementRepository QueryAnnAdmin START
2025-01-26 04:51:28.895 +08:00 [INF] AnnouncementRepository QueryAnnAdmin END
2025-01-26 04:51:28.895 +08:00 [INF] AnnouncementServiceController QueryAnnAdmin END
2025-01-26 04:51:28.898 +08:00 [INF] HTTP POST /api/SystemMgmt/AnnouncementService/QueryAnnAdmin responded 200 in 60.3944 ms
2025-01-26 04:52:06.524 +08:00 [INF] AnnouncementServiceController QueryAnnAdmin START
2025-01-26 04:52:06.525 +08:00 [INF] AnnouncementRepository QueryAnnAdmin START
2025-01-26 04:52:06.575 +08:00 [INF] AnnouncementRepository QueryAnnAdmin START
2025-01-26 04:52:06.578 +08:00 [INF] AnnouncementRepository QueryAnnAdmin END
2025-01-26 04:52:06.578 +08:00 [INF] AnnouncementServiceController QueryAnnAdmin END
2025-01-26 04:52:06.579 +08:00 [INF] HTTP POST /api/SystemMgmt/AnnouncementService/QueryAnnAdmin responded 200 in 63.6638 ms
2025-01-26 04:54:01.313 +08:00 [INF] AnnouncementServiceController QueryAnnAdmin START
2025-01-26 04:54:01.336 +08:00 [INF] AnnouncementRepository QueryAnnAdmin START
2025-01-26 04:54:01.371 +08:00 [INF] AnnouncementRepository QueryAnnAdmin START
2025-01-26 04:54:01.375 +08:00 [INF] AnnouncementRepository QueryAnnAdmin END
2025-01-26 04:54:01.379 +08:00 [INF] AnnouncementServiceController QueryAnnAdmin END
2025-01-26 04:54:01.381 +08:00 [INF] HTTP POST /api/SystemMgmt/AnnouncementService/QueryAnnAdmin responded 200 in 10982.6983 ms
2025-01-26 04:55:06.296 +08:00 [INF] Now listening on: http://localhost:5001
2025-01-26 04:55:06.376 +08:00 [INF] Application started. Press Ctrl+C to shut down.
2025-01-26 04:55:06.379 +08:00 [INF] Hosting environment: Development
2025-01-26 04:55:06.382 +08:00 [INF] Content root path: D:\Project\DotNetBackEnd\DotNetBackEndCleanArchitecture\DotNetBackEndCleanArchitecture\Presentation\DotNetBackEndService
2025-01-26 04:55:09.995 +08:00 [INF] HTTP GET / responded 404 in 3.3145 ms
2025-01-26 04:55:48.706 +08:00 [INF] AnnouncementServiceController QueryAnnAdmin START
2025-01-26 04:55:48.721 +08:00 [INF] AnnouncementRepository QueryAnnAdmin START
2025-01-26 04:55:49.138 +08:00 [INF] AnnouncementRepository QueryAnnAdmin END
2025-01-26 04:55:49.139 +08:00 [INF] AnnouncementServiceController QueryAnnAdmin END
2025-01-26 04:55:49.170 +08:00 [INF] HTTP POST /api/SystemMgmt/AnnouncementService/QueryAnnAdmin responded 200 in 4930.7655 ms
2025-01-26 04:55:52.723 +08:00 [INF] AnnouncementServiceController QueryAnnAdmin START
2025-01-26 04:55:52.724 +08:00 [INF] AnnouncementRepository QueryAnnAdmin START
2025-01-26 04:55:52.729 +08:00 [INF] AnnouncementRepository QueryAnnAdmin END
2025-01-26 04:55:52.730 +08:00 [INF] AnnouncementServiceController QueryAnnAdmin END
2025-01-26 04:55:52.733 +08:00 [INF] HTTP POST /api/SystemMgmt/AnnouncementService/QueryAnnAdmin responded 200 in 14.1287 ms
2025-01-26 04:55:57.559 +08:00 [INF] AnnouncementServiceController QueryAnnAdmin START
2025-01-26 04:55:57.563 +08:00 [INF] AnnouncementRepository QueryAnnAdmin START
2025-01-26 04:55:57.568 +08:00 [INF] AnnouncementRepository QueryAnnAdmin END
2025-01-26 04:55:57.570 +08:00 [INF] AnnouncementServiceController QueryAnnAdmin END
2025-01-26 04:55:57.572 +08:00 [INF] HTTP POST /api/SystemMgmt/AnnouncementService/QueryAnnAdmin responded 200 in 16.5785 ms
2025-01-26 05:05:09.364 +08:00 [INF] AnnouncementServiceController QueryAnnAdmin START
2025-01-26 05:05:09.366 +08:00 [INF] AnnouncementRepository QueryAnnAdmin START
2025-01-26 05:05:09.375 +08:00 [INF] AnnouncementRepository QueryAnnAdmin END
2025-01-26 05:05:09.377 +08:00 [INF] AnnouncementServiceController QueryAnnAdmin END
2025-01-26 05:05:09.378 +08:00 [INF] HTTP POST /api/SystemMgmt/AnnouncementService/QueryAnnAdmin responded 200 in 15.2428 ms
2025-01-26 05:06:00.273 +08:00 [INF] AnnouncementServiceController QueryAnnAdmin START
2025-01-26 05:06:00.293 +08:00 [INF] AnnouncementRepository QueryAnnAdmin START
2025-01-26 05:06:00.297 +08:00 [INF] AnnouncementRepository QueryAnnAdmin END
2025-01-26 05:06:00.298 +08:00 [INF] AnnouncementServiceController QueryAnnAdmin END
2025-01-26 05:06:00.299 +08:00 [INF] HTTP POST /api/SystemMgmt/AnnouncementService/QueryAnnAdmin responded 200 in 30.5158 ms
2025-01-26 05:07:47.026 +08:00 [INF] AnnouncementServiceController QueryAnnAdmin START
2025-01-26 05:07:47.028 +08:00 [INF] AnnouncementRepository QueryAnnAdmin START
2025-01-26 05:07:47.039 +08:00 [INF] AnnouncementRepository QueryAnnAdmin END
2025-01-26 05:07:47.039 +08:00 [INF] AnnouncementServiceController QueryAnnAdmin END
2025-01-26 05:07:47.041 +08:00 [INF] HTTP POST /api/SystemMgmt/AnnouncementService/QueryAnnAdmin responded 200 in 16.4654 ms
2025-01-26 05:08:26.543 +08:00 [INF] AnnouncementServiceController QueryAnnAdmin START
2025-01-26 05:08:26.546 +08:00 [INF] AnnouncementRepository QueryAnnAdmin START
2025-01-26 05:08:26.550 +08:00 [INF] AnnouncementRepository QueryAnnAdmin END
2025-01-26 05:08:26.551 +08:00 [INF] AnnouncementServiceController QueryAnnAdmin END
2025-01-26 05:08:26.554 +08:00 [INF] HTTP POST /api/SystemMgmt/AnnouncementService/QueryAnnAdmin responded 200 in 12.5285 ms
2025-01-26 05:08:55.303 +08:00 [INF] AnnouncementServiceController QueryAnnAdmin START
2025-01-26 05:08:55.309 +08:00 [INF] AnnouncementRepository QueryAnnAdmin START
2025-01-26 05:08:55.512 +08:00 [INF] AnnouncementRepository QueryAnnAdmin END
2025-01-26 05:08:55.546 +08:00 [INF] AnnouncementServiceController QueryAnnAdmin END
2025-01-26 05:08:55.547 +08:00 [INF] HTTP POST /api/SystemMgmt/AnnouncementService/QueryAnnAdmin responded 200 in 244.4001 ms
2025-01-26 05:09:30.141 +08:00 [INF] AnnouncementServiceController QueryAnnAdmin START
2025-01-26 05:09:30.171 +08:00 [INF] AnnouncementRepository QueryAnnAdmin START
2025-01-26 05:09:30.186 +08:00 [INF] AnnouncementRepository QueryAnnAdmin END
2025-01-26 05:09:30.187 +08:00 [INF] AnnouncementServiceController QueryAnnAdmin END
2025-01-26 05:09:30.188 +08:00 [INF] HTTP POST /api/SystemMgmt/AnnouncementService/QueryAnnAdmin responded 200 in 47.8959 ms
2025-01-26 05:09:37.553 +08:00 [INF] AnnouncementServiceController QueryAnnAdmin START
2025-01-26 05:09:37.555 +08:00 [INF] AnnouncementRepository QueryAnnAdmin START
2025-01-26 05:09:37.564 +08:00 [INF] AnnouncementRepository QueryAnnAdmin END
2025-01-26 05:09:37.565 +08:00 [INF] AnnouncementServiceController QueryAnnAdmin END
2025-01-26 05:09:37.569 +08:00 [INF] HTTP POST /api/SystemMgmt/AnnouncementService/QueryAnnAdmin responded 200 in 16.9785 ms
2025-01-26 05:10:55.981 +08:00 [INF] AnnouncementServiceController QueryAnnAdmin START
2025-01-26 05:10:55.982 +08:00 [INF] AnnouncementRepository QueryAnnAdmin START
2025-01-26 05:10:55.984 +08:00 [INF] AnnouncementRepository QueryAnnAdmin END
2025-01-26 05:10:55.985 +08:00 [INF] AnnouncementServiceController QueryAnnAdmin END
2025-01-26 05:10:55.986 +08:00 [INF] HTTP POST /api/SystemMgmt/AnnouncementService/QueryAnnAdmin responded 200 in 5.9880 ms
2025-01-26 05:12:04.916 +08:00 [INF] AnnouncementServiceController QueryAnnAdmin START
2025-01-26 05:12:04.925 +08:00 [INF] AnnouncementRepository QueryAnnAdmin START
2025-01-26 05:12:04.928 +08:00 [INF] AnnouncementRepository QueryAnnAdmin END
2025-01-26 05:12:04.928 +08:00 [INF] AnnouncementServiceController QueryAnnAdmin END
2025-01-26 05:12:04.929 +08:00 [INF] HTTP POST /api/SystemMgmt/AnnouncementService/QueryAnnAdmin responded 200 in 14.6896 ms
2025-01-26 05:12:56.565 +08:00 [INF] AnnouncementServiceController QueryAnnAdmin START
2025-01-26 05:12:56.573 +08:00 [INF] AnnouncementRepository QueryAnnAdmin START
2025-01-26 05:12:56.577 +08:00 [INF] AnnouncementRepository QueryAnnAdmin END
2025-01-26 05:12:56.578 +08:00 [INF] AnnouncementServiceController QueryAnnAdmin END
2025-01-26 05:12:56.580 +08:00 [INF] HTTP POST /api/SystemMgmt/AnnouncementService/QueryAnnAdmin responded 200 in 15.6496 ms
2025-01-26 05:15:50.825 +08:00 [INF] AnnouncementServiceController QueryAnnAdmin START
2025-01-26 05:15:50.827 +08:00 [INF] AnnouncementRepository QueryAnnAdmin START
2025-01-26 05:15:50.829 +08:00 [INF] AnnouncementRepository QueryAnnAdmin END
2025-01-26 05:15:50.830 +08:00 [INF] AnnouncementServiceController QueryAnnAdmin END
2025-01-26 05:15:50.832 +08:00 [INF] HTTP POST /api/SystemMgmt/AnnouncementService/QueryAnnAdmin responded 200 in 7.2917 ms
2025-01-26 05:16:14.815 +08:00 [INF] AnnouncementServiceController QueryAnnAdmin START
2025-01-26 05:16:14.857 +08:00 [INF] AnnouncementRepository QueryAnnAdmin START
2025-01-26 05:16:14.869 +08:00 [INF] AnnouncementRepository QueryAnnAdmin END
2025-01-26 05:16:14.930 +08:00 [INF] AnnouncementServiceController QueryAnnAdmin END
2025-01-26 05:16:14.931 +08:00 [INF] HTTP POST /api/SystemMgmt/AnnouncementService/QueryAnnAdmin responded 200 in 117.5495 ms
2025-01-26 05:16:15.075 +08:00 [INF] SpsServiceController QuerySps START
2025-01-26 05:16:15.079 +08:00 [INF] SpsRepository QuerySps START
2025-01-26 05:16:15.095 +08:00 [INF] SpsRepository QuerySps END
2025-01-26 05:16:15.096 +08:00 [INF] SpsServiceController QuerySps END
2025-01-26 05:16:15.111 +08:00 [INF] HTTP POST /api/SystemMgmt/SpsService/QuerySps responded 200 in 98.1485 ms
2025-01-26 05:18:20.149 +08:00 [INF] SpsServiceController QuerySps START
2025-01-26 05:18:20.184 +08:00 [INF] SpsRepository QuerySps START
2025-01-26 05:18:20.262 +08:00 [INF] SpsRepository QuerySps END
2025-01-26 05:18:20.276 +08:00 [INF] SpsServiceController QuerySps END
2025-01-26 05:18:20.277 +08:00 [INF] HTTP POST /api/SystemMgmt/SpsService/QuerySps responded 200 in 137.0086 ms
2025-01-26 05:18:25.615 +08:00 [INF] SpsServiceController QuerySps START
2025-01-26 05:18:25.622 +08:00 [INF] SpsRepository QuerySps START
2025-01-26 05:18:25.640 +08:00 [INF] SpsRepository QuerySps END
2025-01-26 05:18:25.641 +08:00 [INF] SpsServiceController QuerySps END
2025-01-26 05:18:25.641 +08:00 [INF] HTTP POST /api/SystemMgmt/SpsService/QuerySps responded 200 in 36.0359 ms
2025-01-26 05:19:36.931 +08:00 [INF] SpsServiceController QuerySps START
2025-01-26 05:19:36.934 +08:00 [INF] SpsRepository QuerySps START
2025-01-26 05:19:36.945 +08:00 [INF] SpsRepository QuerySps END
2025-01-26 05:19:36.946 +08:00 [INF] SpsServiceController QuerySps END
2025-01-26 05:19:36.947 +08:00 [INF] HTTP POST /api/SystemMgmt/SpsService/QuerySps responded 200 in 19.2713 ms
2025-01-26 05:22:08.968 +08:00 [INF] AnnouncementServiceController QueryAnnAdmin START
2025-01-26 05:22:08.969 +08:00 [INF] AnnouncementRepository QueryAnnAdmin START
2025-01-26 05:22:08.973 +08:00 [INF] AnnouncementRepository QueryAnnAdmin END
2025-01-26 05:22:08.973 +08:00 [INF] AnnouncementServiceController QueryAnnAdmin END
2025-01-26 05:22:08.976 +08:00 [INF] HTTP POST /api/SystemMgmt/AnnouncementService/QueryAnnAdmin responded 200 in 8.0984 ms
2025-01-26 05:26:16.195 +08:00 [INF] AnnouncementServiceController QueryAnnAdmin START
2025-01-26 05:26:16.201 +08:00 [INF] AnnouncementRepository QueryAnnAdmin START
2025-01-26 05:26:16.207 +08:00 [INF] AnnouncementRepository QueryAnnAdmin END
2025-01-26 05:26:16.208 +08:00 [INF] AnnouncementServiceController QueryAnnAdmin END
2025-01-26 05:26:16.209 +08:00 [INF] HTTP POST /api/SystemMgmt/AnnouncementService/QueryAnnAdmin responded 200 in 16.1189 ms
2025-01-26 05:26:43.839 +08:00 [INF] AnnouncementServiceController QueryAnnAdmin START
2025-01-26 05:26:43.841 +08:00 [INF] AnnouncementRepository QueryAnnAdmin START
2025-01-26 05:26:43.844 +08:00 [INF] AnnouncementRepository QueryAnnAdmin END
2025-01-26 05:26:43.888 +08:00 [INF] AnnouncementServiceController QueryAnnAdmin END
2025-01-26 05:26:43.889 +08:00 [INF] HTTP POST /api/SystemMgmt/AnnouncementService/QueryAnnAdmin responded 200 in 50.7298 ms
2025-01-26 05:29:51.789 +08:00 [INF] AnnouncementServiceController QueryAnnAdmin START
2025-01-26 05:29:51.802 +08:00 [INF] AnnouncementRepository QueryAnnAdmin START
2025-01-26 05:29:51.808 +08:00 [INF] AnnouncementRepository QueryAnnAdmin END
2025-01-26 05:29:51.809 +08:00 [INF] AnnouncementServiceController QueryAnnAdmin END
2025-01-26 05:29:51.812 +08:00 [INF] HTTP POST /api/SystemMgmt/AnnouncementService/QueryAnnAdmin responded 200 in 24.1491 ms
2025-01-26 05:29:52.025 +08:00 [INF] AnnouncementServiceController QueryAnnAdmin START
2025-01-26 05:29:52.070 +08:00 [INF] AnnouncementRepository QueryAnnAdmin START
2025-01-26 05:29:52.072 +08:00 [INF] AnnouncementRepository QueryAnnAdmin END
2025-01-26 05:29:52.072 +08:00 [INF] AnnouncementServiceController QueryAnnAdmin END
2025-01-26 05:29:52.074 +08:00 [INF] HTTP POST /api/SystemMgmt/AnnouncementService/QueryAnnAdmin responded 200 in 57.6068 ms
2025-01-26 05:31:15.748 +08:00 [INF] AnnouncementServiceController QueryAnnAdmin START
2025-01-26 05:31:15.755 +08:00 [INF] AnnouncementRepository QueryAnnAdmin START
2025-01-26 05:31:15.761 +08:00 [INF] AnnouncementRepository QueryAnnAdmin END
2025-01-26 05:31:15.763 +08:00 [INF] AnnouncementServiceController QueryAnnAdmin END
2025-01-26 05:31:15.766 +08:00 [INF] HTTP POST /api/SystemMgmt/AnnouncementService/QueryAnnAdmin responded 200 in 20.6638 ms
2025-01-26 05:32:31.078 +08:00 [INF] AnnouncementServiceController QueryAnnAdmin START
2025-01-26 05:32:31.081 +08:00 [INF] AnnouncementRepository QueryAnnAdmin START
2025-01-26 05:32:31.083 +08:00 [INF] AnnouncementRepository QueryAnnAdmin END
2025-01-26 05:32:31.084 +08:00 [INF] AnnouncementServiceController QueryAnnAdmin END
2025-01-26 05:32:31.085 +08:00 [INF] HTTP POST /api/SystemMgmt/AnnouncementService/QueryAnnAdmin responded 200 in 7.6612 ms
2025-01-26 05:33:43.096 +08:00 [INF] AnnouncementServiceController QueryAnnAdmin START
2025-01-26 05:33:43.097 +08:00 [INF] AnnouncementRepository QueryAnnAdmin START
2025-01-26 05:33:43.107 +08:00 [INF] AnnouncementRepository QueryAnnAdmin END
2025-01-26 05:33:43.108 +08:00 [INF] AnnouncementServiceController QueryAnnAdmin END
2025-01-26 05:33:43.109 +08:00 [INF] HTTP POST /api/SystemMgmt/AnnouncementService/QueryAnnAdmin responded 200 in 14.3128 ms
2025-01-26 05:33:43.475 +08:00 [INF] AnnouncementServiceController QueryAnnAdmin START
2025-01-26 05:33:43.480 +08:00 [INF] AnnouncementRepository QueryAnnAdmin START
2025-01-26 05:33:43.483 +08:00 [INF] AnnouncementRepository QueryAnnAdmin END
2025-01-26 05:33:43.485 +08:00 [INF] AnnouncementServiceController QueryAnnAdmin END
2025-01-26 05:33:43.488 +08:00 [INF] HTTP POST /api/SystemMgmt/AnnouncementService/QueryAnnAdmin responded 200 in 13.9670 ms
2025-01-26 05:39:46.332 +08:00 [INF] AnnouncementServiceController QueryAnnAdmin START
2025-01-26 05:39:46.333 +08:00 [INF] AnnouncementRepository QueryAnnAdmin START
2025-01-26 05:39:46.342 +08:00 [INF] AnnouncementRepository QueryAnnAdmin END
2025-01-26 05:39:46.345 +08:00 [INF] AnnouncementServiceController QueryAnnAdmin END
2025-01-26 05:39:46.347 +08:00 [INF] HTTP POST /api/SystemMgmt/AnnouncementService/QueryAnnAdmin responded 200 in 17.7686 ms
2025-01-26 05:39:46.457 +08:00 [INF] AnnouncementServiceController QueryAnnAdmin START
2025-01-26 05:39:46.460 +08:00 [INF] AnnouncementRepository QueryAnnAdmin START
2025-01-26 05:39:46.465 +08:00 [INF] AnnouncementRepository QueryAnnAdmin END
2025-01-26 05:39:46.549 +08:00 [INF] AnnouncementServiceController QueryAnnAdmin END
2025-01-26 05:39:46.553 +08:00 [INF] HTTP POST /api/SystemMgmt/AnnouncementService/QueryAnnAdmin responded 200 in 96.9831 ms
2025-01-26 05:42:13.682 +08:00 [INF] AnnouncementServiceController QueryAnnAdmin START
2025-01-26 05:42:13.685 +08:00 [INF] AnnouncementRepository QueryAnnAdmin START
2025-01-26 05:42:13.689 +08:00 [INF] AnnouncementRepository QueryAnnAdmin END
2025-01-26 05:42:13.690 +08:00 [INF] AnnouncementServiceController QueryAnnAdmin END
2025-01-26 05:42:13.693 +08:00 [INF] HTTP POST /api/SystemMgmt/AnnouncementService/QueryAnnAdmin responded 200 in 11.8741 ms
2025-01-26 05:43:03.790 +08:00 [INF] AnnouncementServiceController QueryAnnAdmin START
2025-01-26 05:43:03.794 +08:00 [INF] AnnouncementRepository QueryAnnAdmin START
2025-01-26 05:43:03.801 +08:00 [INF] AnnouncementRepository QueryAnnAdmin END
2025-01-26 05:43:03.803 +08:00 [INF] AnnouncementServiceController QueryAnnAdmin END
2025-01-26 05:43:03.805 +08:00 [INF] HTTP POST /api/SystemMgmt/AnnouncementService/QueryAnnAdmin responded 200 in 15.6352 ms
2025-01-26 05:45:51.319 +08:00 [INF] AnnouncementServiceController QueryAnnAdmin START
2025-01-26 05:45:51.320 +08:00 [INF] AnnouncementRepository QueryAnnAdmin START
2025-01-26 05:45:51.322 +08:00 [INF] AnnouncementRepository QueryAnnAdmin END
2025-01-26 05:45:51.323 +08:00 [INF] AnnouncementServiceController QueryAnnAdmin END
2025-01-26 05:45:51.325 +08:00 [INF] HTTP POST /api/SystemMgmt/AnnouncementService/QueryAnnAdmin responded 200 in 6.3751 ms
2025-01-26 05:53:58.849 +08:00 [INF] AnnouncementServiceController QueryAnnAdmin START
2025-01-26 05:53:58.851 +08:00 [INF] AnnouncementRepository QueryAnnAdmin START
2025-01-26 05:53:58.862 +08:00 [INF] AnnouncementRepository QueryAnnAdmin END
2025-01-26 05:53:58.878 +08:00 [INF] AnnouncementServiceController QueryAnnAdmin END
2025-01-26 05:53:58.879 +08:00 [INF] HTTP POST /api/SystemMgmt/AnnouncementService/QueryAnnAdmin responded 200 in 30.3514 ms
2025-01-26 05:58:14.998 +08:00 [INF] AnnouncementServiceController QueryAnnAdmin START
2025-01-26 05:58:15.259 +08:00 [INF] AnnouncementRepository QueryAnnAdmin START
2025-01-26 05:58:15.554 +08:00 [INF] AnnouncementRepository QueryAnnAdmin END
2025-01-26 05:58:16.392 +08:00 [INF] AnnouncementServiceController QueryAnnAdmin END
2025-01-26 05:58:16.419 +08:00 [INF] HTTP POST /api/SystemMgmt/AnnouncementService/QueryAnnAdmin responded 200 in 1422.0170 ms
2025-01-26 05:58:17.121 +08:00 [INF] AnnouncementServiceController QueryAnnAdmin START
2025-01-26 05:58:17.218 +08:00 [INF] AnnouncementRepository QueryAnnAdmin START
2025-01-26 05:58:17.223 +08:00 [INF] AnnouncementRepository QueryAnnAdmin END
2025-01-26 05:58:17.224 +08:00 [INF] AnnouncementServiceController QueryAnnAdmin END
2025-01-26 05:58:17.225 +08:00 [INF] HTTP POST /api/SystemMgmt/AnnouncementService/QueryAnnAdmin responded 200 in 375.5973 ms
2025-01-26 05:58:17.290 +08:00 [INF] AnnouncementServiceController QueryAnnAdmin START
2025-01-26 05:58:17.292 +08:00 [INF] AnnouncementRepository QueryAnnAdmin START
2025-01-26 05:58:17.294 +08:00 [INF] AnnouncementRepository QueryAnnAdmin END
2025-01-26 05:58:17.294 +08:00 [INF] AnnouncementServiceController QueryAnnAdmin END
2025-01-26 05:58:17.300 +08:00 [INF] HTTP POST /api/SystemMgmt/AnnouncementService/QueryAnnAdmin responded 200 in 10.4850 ms
2025-01-26 05:59:14.351 +08:00 [INF] AnnouncementServiceController QueryAnnAdmin START
2025-01-26 05:59:14.352 +08:00 [INF] AnnouncementRepository QueryAnnAdmin START
2025-01-26 05:59:14.355 +08:00 [INF] AnnouncementRepository QueryAnnAdmin END
2025-01-26 05:59:14.356 +08:00 [INF] AnnouncementServiceController QueryAnnAdmin END
2025-01-26 05:59:14.357 +08:00 [INF] HTTP POST /api/SystemMgmt/AnnouncementService/QueryAnnAdmin responded 200 in 9.3627 ms
2025-01-26 06:01:13.167 +08:00 [INF] AnnouncementServiceController QueryAnnAdmin START
2025-01-26 06:01:13.171 +08:00 [INF] AnnouncementRepository QueryAnnAdmin START
2025-01-26 06:01:13.175 +08:00 [INF] AnnouncementRepository QueryAnnAdmin END
2025-01-26 06:01:13.179 +08:00 [INF] AnnouncementServiceController QueryAnnAdmin END
2025-01-26 06:01:13.186 +08:00 [INF] HTTP POST /api/SystemMgmt/AnnouncementService/QueryAnnAdmin responded 200 in 21.9863 ms
2025-01-26 07:03:31.091 +08:00 [INF] AnnouncementServiceController QueryAnnAdmin START
2025-01-26 07:03:31.093 +08:00 [INF] AnnouncementRepository QueryAnnAdmin START
2025-01-26 07:03:31.097 +08:00 [INF] AnnouncementRepository QueryAnnAdmin END
2025-01-26 07:03:31.099 +08:00 [INF] AnnouncementServiceController QueryAnnAdmin END
2025-01-26 07:03:31.102 +08:00 [INF] HTTP POST /api/SystemMgmt/AnnouncementService/QueryAnnAdmin responded 200 in 10.8553 ms
2025-01-26 07:03:51.417 +08:00 [INF] AnnouncementServiceController QueryAnnAdmin START
2025-01-26 07:03:51.418 +08:00 [INF] AnnouncementRepository QueryAnnAdmin START
2025-01-26 07:03:51.431 +08:00 [INF] AnnouncementRepository QueryAnnAdmin END
2025-01-26 07:03:51.433 +08:00 [INF] AnnouncementServiceController QueryAnnAdmin END
2025-01-26 07:03:51.437 +08:00 [INF] HTTP POST /api/SystemMgmt/AnnouncementService/QueryAnnAdmin responded 200 in 20.7275 ms
2025-01-26 07:04:36.538 +08:00 [INF] AnnouncementServiceController QueryAnnAdmin START
2025-01-26 07:04:36.543 +08:00 [INF] AnnouncementRepository QueryAnnAdmin START
2025-01-26 07:04:36.545 +08:00 [INF] AnnouncementRepository QueryAnnAdmin END
2025-01-26 07:04:36.547 +08:00 [INF] AnnouncementServiceController QueryAnnAdmin END
2025-01-26 07:04:36.551 +08:00 [INF] HTTP POST /api/SystemMgmt/AnnouncementService/QueryAnnAdmin responded 200 in 14.4896 ms
2025-01-26 07:04:43.192 +08:00 [INF] AnnouncementServiceController QueryAnnAdmin START
2025-01-26 07:04:43.193 +08:00 [INF] AnnouncementRepository QueryAnnAdmin START
2025-01-26 07:04:43.197 +08:00 [INF] AnnouncementRepository QueryAnnAdmin END
2025-01-26 07:04:43.200 +08:00 [INF] AnnouncementServiceController QueryAnnAdmin END
2025-01-26 07:04:43.201 +08:00 [INF] HTTP POST /api/SystemMgmt/AnnouncementService/QueryAnnAdmin responded 200 in 12.8945 ms
2025-01-26 07:05:51.270 +08:00 [INF] AnnouncementServiceController QueryAnnAdmin START
2025-01-26 07:05:51.272 +08:00 [INF] AnnouncementRepository QueryAnnAdmin START
2025-01-26 07:05:51.278 +08:00 [INF] AnnouncementRepository QueryAnnAdmin END
2025-01-26 07:05:51.279 +08:00 [INF] AnnouncementServiceController QueryAnnAdmin END
2025-01-26 07:05:51.281 +08:00 [INF] HTTP POST /api/SystemMgmt/AnnouncementService/QueryAnnAdmin responded 200 in 11.2358 ms
2025-01-26 07:06:03.888 +08:00 [INF] AnnouncementServiceController QueryAnnAdmin START
2025-01-26 07:06:03.889 +08:00 [INF] AnnouncementRepository QueryAnnAdmin START
2025-01-26 07:06:03.893 +08:00 [INF] AnnouncementRepository QueryAnnAdmin END
2025-01-26 07:06:03.897 +08:00 [INF] AnnouncementServiceController QueryAnnAdmin END
2025-01-26 07:06:03.899 +08:00 [INF] HTTP POST /api/SystemMgmt/AnnouncementService/QueryAnnAdmin responded 200 in 11.0472 ms
2025-01-26 07:06:30.892 +08:00 [INF] AnnouncementServiceController QueryAnnAdmin START
2025-01-26 07:06:30.897 +08:00 [INF] AnnouncementRepository QueryAnnAdmin START
2025-01-26 07:06:30.901 +08:00 [INF] AnnouncementRepository QueryAnnAdmin END
2025-01-26 07:06:30.903 +08:00 [INF] AnnouncementServiceController QueryAnnAdmin END
2025-01-26 07:06:30.904 +08:00 [INF] HTTP POST /api/SystemMgmt/AnnouncementService/QueryAnnAdmin responded 200 in 18.1302 ms
2025-01-26 16:22:20.494 +08:00 [INF] AnnouncementServiceController QueryAnnAdmin START
2025-01-26 16:22:20.496 +08:00 [INF] AnnouncementRepository QueryAnnAdmin START
2025-01-26 16:22:20.502 +08:00 [INF] AnnouncementRepository QueryAnnAdmin END
2025-01-26 16:22:20.503 +08:00 [INF] AnnouncementServiceController QueryAnnAdmin END
2025-01-26 16:22:20.504 +08:00 [INF] HTTP POST /api/SystemMgmt/AnnouncementService/QueryAnnAdmin responded 200 in 11.1686 ms
2025-01-26 16:28:38.187 +08:00 [INF] AnnouncementServiceController QueryAnnAdmin START
2025-01-26 16:28:38.189 +08:00 [INF] AnnouncementRepository QueryAnnAdmin START
2025-01-26 16:28:38.194 +08:00 [INF] AnnouncementRepository QueryAnnAdmin END
2025-01-26 16:28:38.196 +08:00 [INF] AnnouncementServiceController QueryAnnAdmin END
2025-01-26 16:28:38.198 +08:00 [INF] HTTP POST /api/SystemMgmt/AnnouncementService/QueryAnnAdmin responded 200 in 16.4785 ms
2025-01-26 16:34:23.533 +08:00 [INF] AnnouncementServiceController QueryAnnAdmin START
2025-01-26 16:34:23.545 +08:00 [INF] AnnouncementRepository QueryAnnAdmin START
2025-01-26 16:34:23.549 +08:00 [INF] AnnouncementRepository QueryAnnAdmin END
2025-01-26 16:34:23.550 +08:00 [INF] AnnouncementServiceController QueryAnnAdmin END
2025-01-26 16:34:23.551 +08:00 [INF] HTTP POST /api/SystemMgmt/AnnouncementService/QueryAnnAdmin responded 200 in 18.4942 ms
2025-01-26 16:35:02.895 +08:00 [INF] AnnouncementServiceController QueryAnnAdmin START
2025-01-26 16:35:02.909 +08:00 [INF] AnnouncementRepository QueryAnnAdmin START
2025-01-26 16:35:02.912 +08:00 [INF] AnnouncementRepository QueryAnnAdmin END
2025-01-26 16:35:02.913 +08:00 [INF] AnnouncementServiceController QueryAnnAdmin END
2025-01-26 16:35:02.914 +08:00 [INF] HTTP POST /api/SystemMgmt/AnnouncementService/QueryAnnAdmin responded 200 in 23.3379 ms
2025-01-26 16:42:33.833 +08:00 [INF] AnnouncementServiceController QueryAnnAdmin START
2025-01-26 16:42:33.836 +08:00 [INF] AnnouncementRepository QueryAnnAdmin START
2025-01-26 16:42:33.847 +08:00 [INF] AnnouncementRepository QueryAnnAdmin END
2025-01-26 16:42:33.852 +08:00 [INF] AnnouncementServiceController QueryAnnAdmin END
2025-01-26 16:42:33.854 +08:00 [INF] HTTP POST /api/SystemMgmt/AnnouncementService/QueryAnnAdmin responded 200 in 22.2770 ms
2025-01-26 16:43:41.630 +08:00 [INF] AnnouncementServiceController QueryAnnAdmin START
2025-01-26 16:43:41.632 +08:00 [INF] AnnouncementRepository QueryAnnAdmin START
2025-01-26 16:43:41.636 +08:00 [INF] AnnouncementRepository QueryAnnAdmin END
2025-01-26 16:43:41.638 +08:00 [INF] AnnouncementServiceController QueryAnnAdmin END
2025-01-26 16:43:41.642 +08:00 [INF] HTTP POST /api/SystemMgmt/AnnouncementService/QueryAnnAdmin responded 200 in 12.3598 ms
2025-01-26 16:51:08.249 +08:00 [INF] AnnouncementServiceController QueryAnnAdmin START
2025-01-26 16:51:08.251 +08:00 [INF] AnnouncementRepository QueryAnnAdmin START
2025-01-26 16:51:08.256 +08:00 [INF] AnnouncementRepository QueryAnnAdmin END
2025-01-26 16:51:08.258 +08:00 [INF] AnnouncementServiceController QueryAnnAdmin END
2025-01-26 16:51:08.260 +08:00 [INF] HTTP POST /api/SystemMgmt/AnnouncementService/QueryAnnAdmin responded 200 in 10.7460 ms
2025-01-26 16:53:36.618 +08:00 [INF] AnnouncementServiceController QueryAnnAdmin START
2025-01-26 16:53:36.625 +08:00 [INF] AnnouncementRepository QueryAnnAdmin START
2025-01-26 16:53:36.630 +08:00 [INF] AnnouncementRepository QueryAnnAdmin END
2025-01-26 16:53:36.631 +08:00 [INF] AnnouncementServiceController QueryAnnAdmin END
2025-01-26 16:53:36.633 +08:00 [INF] HTTP POST /api/SystemMgmt/AnnouncementService/QueryAnnAdmin responded 200 in 15.5447 ms
2025-01-26 16:56:20.218 +08:00 [INF] Now listening on: http://localhost:5001
2025-01-26 16:56:22.751 +08:00 [INF] Application started. Press Ctrl+C to shut down.
2025-01-26 16:56:28.719 +08:00 [INF] Hosting environment: Development
2025-01-26 16:56:28.759 +08:00 [INF] Content root path: D:\Project\DotNetBackEnd\DotNetBackEndCleanArchitecture\DotNetBackEndCleanArchitecture\Presentation\DotNetBackEndService
2025-01-26 16:56:28.939 +08:00 [INF] HTTP GET / responded 404 in 1.9280 ms
2025-01-26 16:58:19.454 +08:00 [INF] AnnouncementServiceController QueryAnnAdmin START
2025-01-26 16:58:19.458 +08:00 [INF] AnnouncementRepository QueryAnnAdmin START
2025-01-26 16:58:20.132 +08:00 [INF] AnnouncementRepository QueryAnnAdmin END
2025-01-26 16:58:20.134 +08:00 [INF] AnnouncementServiceController QueryAnnAdmin END
2025-01-26 16:58:20.170 +08:00 [INF] HTTP POST /api/SystemMgmt/AnnouncementService/QueryAnnAdmin responded 200 in 874.4864 ms
2025-01-26 17:02:38.186 +08:00 [INF] AnnouncementServiceController QueryAnnAdmin START
2025-01-26 17:02:38.188 +08:00 [INF] AnnouncementRepository QueryAnnAdmin START
2025-01-26 17:02:38.204 +08:00 [INF] AnnouncementRepository QueryAnnAdmin END
2025-01-26 17:02:38.205 +08:00 [INF] AnnouncementServiceController QueryAnnAdmin END
2025-01-26 17:02:38.207 +08:00 [INF] HTTP POST /api/SystemMgmt/AnnouncementService/QueryAnnAdmin responded 200 in 25.1171 ms
2025-01-26 17:03:50.880 +08:00 [INF] AnnouncementServiceController QueryAnnAdmin START
2025-01-26 17:03:50.885 +08:00 [INF] AnnouncementRepository QueryAnnAdmin START
2025-01-26 17:03:50.893 +08:00 [INF] AnnouncementRepository QueryAnnAdmin END
2025-01-26 17:03:50.895 +08:00 [INF] AnnouncementServiceController QueryAnnAdmin END
2025-01-26 17:03:50.896 +08:00 [INF] HTTP POST /api/SystemMgmt/AnnouncementService/QueryAnnAdmin responded 200 in 23.7717 ms
2025-01-26 17:05:29.710 +08:00 [INF] AnnouncementServiceController QueryAnnAdmin START
2025-01-26 17:05:29.712 +08:00 [INF] AnnouncementRepository QueryAnnAdmin START
2025-01-26 17:05:29.716 +08:00 [INF] AnnouncementRepository QueryAnnAdmin END
2025-01-26 17:05:29.719 +08:00 [INF] AnnouncementServiceController QueryAnnAdmin END
2025-01-26 17:05:29.720 +08:00 [INF] HTTP POST /api/SystemMgmt/AnnouncementService/QueryAnnAdmin responded 200 in 14.6172 ms
2025-01-26 17:10:39.463 +08:00 [INF] Now listening on: http://localhost:5001
2025-01-26 17:10:39.673 +08:00 [INF] Application started. Press Ctrl+C to shut down.
2025-01-26 17:10:39.691 +08:00 [INF] Hosting environment: Development
2025-01-26 17:10:39.692 +08:00 [INF] Content root path: D:\Project\DotNetBackEnd\DotNetBackEndCleanArchitecture\DotNetBackEndCleanArchitecture\Presentation\DotNetBackEndService
2025-01-26 17:10:52.597 +08:00 [INF] HTTP GET / responded 404 in 2.5083 ms
2025-01-26 17:11:26.470 +08:00 [INF] AnnouncementServiceController QueryAnnAdmin START
2025-01-26 17:11:26.474 +08:00 [INF] AnnouncementRepository QueryAnnAdmin START
2025-01-26 17:11:27.018 +08:00 [INF] AnnouncementRepository QueryAnnAdmin END
2025-01-26 17:11:27.028 +08:00 [INF] AnnouncementServiceController QueryAnnAdmin END
2025-01-26 17:11:27.075 +08:00 [INF] HTTP POST /api/SystemMgmt/AnnouncementService/QueryAnnAdmin responded 200 in 768.7183 ms
2025-01-26 17:20:04.838 +08:00 [INF] AnnouncementServiceController QueryAnnAdmin START
2025-01-26 17:20:04.839 +08:00 [INF] AnnouncementRepository QueryAnnAdmin START
2025-01-26 17:20:04.844 +08:00 [INF] AnnouncementRepository QueryAnnAdmin END
2025-01-26 17:20:04.845 +08:00 [INF] AnnouncementServiceController QueryAnnAdmin END
2025-01-26 17:20:04.847 +08:00 [INF] HTTP POST /api/SystemMgmt/AnnouncementService/QueryAnnAdmin responded 200 in 17.5340 ms
2025-01-26 17:22:10.618 +08:00 [INF] Now listening on: http://localhost:5001
2025-01-26 17:22:10.630 +08:00 [INF] Application started. Press Ctrl+C to shut down.
2025-01-26 17:22:10.634 +08:00 [INF] Hosting environment: Development
2025-01-26 17:22:10.636 +08:00 [INF] Content root path: D:\Project\DotNetBackEnd\DotNetBackEndCleanArchitecture\DotNetBackEndCleanArchitecture\Presentation\DotNetBackEndService
2025-01-26 17:22:13.840 +08:00 [INF] HTTP GET / responded 404 in 8.8764 ms
2025-01-26 17:24:41.339 +08:00 [INF] AnnouncementServiceController QueryAnnAdmin START
2025-01-26 17:24:41.343 +08:00 [INF] AnnouncementRepository QueryAnnAdmin START
2025-01-26 17:24:41.689 +08:00 [INF] AnnouncementRepository QueryAnnAdmin END
2025-01-26 17:24:41.693 +08:00 [INF] AnnouncementServiceController QueryAnnAdmin END
2025-01-26 17:24:41.722 +08:00 [INF] HTTP POST /api/SystemMgmt/AnnouncementService/QueryAnnAdmin responded 200 in 561.8658 ms
2025-01-26 17:29:30.785 +08:00 [INF] AnnouncementServiceController QueryAnnAdmin START
2025-01-26 17:29:30.840 +08:00 [INF] AnnouncementRepository QueryAnnAdmin START
2025-01-26 17:29:30.847 +08:00 [INF] AnnouncementRepository QueryAnnAdmin END
2025-01-26 17:29:30.849 +08:00 [INF] AnnouncementServiceController QueryAnnAdmin END
2025-01-26 17:29:30.852 +08:00 [INF] HTTP POST /api/SystemMgmt/AnnouncementService/QueryAnnAdmin responded 200 in 74.1553 ms
2025-01-26 17:29:30.947 +08:00 [INF] AnnouncementServiceController QueryAnnAdmin START
2025-01-26 17:29:30.949 +08:00 [INF] AnnouncementRepository QueryAnnAdmin START
2025-01-26 17:29:30.952 +08:00 [INF] AnnouncementRepository QueryAnnAdmin END
2025-01-26 17:29:30.954 +08:00 [INF] AnnouncementServiceController QueryAnnAdmin END
2025-01-26 17:29:30.956 +08:00 [INF] HTTP POST /api/SystemMgmt/AnnouncementService/QueryAnnAdmin responded 200 in 14.0016 ms
2025-01-26 17:29:34.089 +08:00 [INF] AnnouncementServiceController QueryAnnAdmin START
2025-01-26 17:29:34.108 +08:00 [INF] AnnouncementRepository QueryAnnAdmin START
2025-01-26 17:29:34.116 +08:00 [INF] AnnouncementRepository QueryAnnAdmin END
2025-01-26 17:29:34.119 +08:00 [INF] AnnouncementServiceController QueryAnnAdmin END
2025-01-26 17:29:34.120 +08:00 [INF] HTTP POST /api/SystemMgmt/AnnouncementService/QueryAnnAdmin responded 200 in 48.4575 ms
2025-01-26 17:32:06.317 +08:00 [INF] Now listening on: http://localhost:5001
2025-01-26 17:32:06.362 +08:00 [INF] Application started. Press Ctrl+C to shut down.
2025-01-26 17:32:06.410 +08:00 [INF] Hosting environment: Development
2025-01-26 17:32:06.412 +08:00 [INF] Content root path: D:\Project\DotNetBackEnd\DotNetBackEndCleanArchitecture\DotNetBackEndCleanArchitecture\Presentation\DotNetBackEndService
2025-01-26 17:32:08.218 +08:00 [INF] HTTP GET / responded 404 in 2.0384 ms
2025-01-26 17:35:43.445 +08:00 [INF] AnnouncementServiceController QueryAnnAdmin START
2025-01-26 17:35:43.461 +08:00 [INF] AnnouncementRepository QueryAnnAdmin START
2025-01-26 17:35:43.790 +08:00 [INF] AnnouncementRepository QueryAnnAdmin END
2025-01-26 17:35:43.793 +08:00 [INF] AnnouncementServiceController QueryAnnAdmin END
2025-01-26 17:35:43.824 +08:00 [INF] HTTP POST /api/SystemMgmt/AnnouncementService/QueryAnnAdmin responded 200 in 544.0211 ms
2025-01-26 17:37:03.617 +08:00 [INF] AnnouncementServiceController QueryAnnAdmin START
2025-01-26 17:37:03.618 +08:00 [INF] AnnouncementRepository QueryAnnAdmin START
2025-01-26 17:37:03.626 +08:00 [INF] AnnouncementRepository QueryAnnAdmin END
2025-01-26 17:37:03.627 +08:00 [INF] AnnouncementServiceController QueryAnnAdmin END
2025-01-26 17:37:03.629 +08:00 [INF] HTTP POST /api/SystemMgmt/AnnouncementService/QueryAnnAdmin responded 200 in 15.4906 ms
2025-01-26 17:38:13.844 +08:00 [INF] AnnouncementServiceController QueryAnnAdmin START
2025-01-26 17:38:13.846 +08:00 [INF] AnnouncementRepository QueryAnnAdmin START
2025-01-26 17:38:13.852 +08:00 [INF] AnnouncementRepository QueryAnnAdmin END
2025-01-26 17:38:13.853 +08:00 [INF] AnnouncementServiceController QueryAnnAdmin END
2025-01-26 17:38:13.854 +08:00 [INF] HTTP POST /api/SystemMgmt/AnnouncementService/QueryAnnAdmin responded 200 in 12.8382 ms
2025-01-26 17:38:39.938 +08:00 [INF] AnnouncementServiceController QueryAnnAdmin START
2025-01-26 17:38:39.940 +08:00 [INF] AnnouncementRepository QueryAnnAdmin START
2025-01-26 17:38:39.944 +08:00 [INF] AnnouncementRepository QueryAnnAdmin END
2025-01-26 17:38:39.945 +08:00 [INF] AnnouncementServiceController QueryAnnAdmin END
2025-01-26 17:38:39.947 +08:00 [INF] HTTP POST /api/SystemMgmt/AnnouncementService/QueryAnnAdmin responded 200 in 11.3000 ms
2025-01-26 17:38:40.072 +08:00 [INF] AnnouncementServiceController QueryAnnAdmin START
2025-01-26 17:38:40.074 +08:00 [INF] AnnouncementRepository QueryAnnAdmin START
2025-01-26 17:38:40.076 +08:00 [INF] AnnouncementRepository QueryAnnAdmin END
2025-01-26 17:38:40.077 +08:00 [INF] AnnouncementServiceController QueryAnnAdmin END
2025-01-26 17:38:40.081 +08:00 [INF] HTTP POST /api/SystemMgmt/AnnouncementService/QueryAnnAdmin responded 200 in 18.9503 ms
2025-01-26 17:40:16.801 +08:00 [INF] AnnouncementServiceController QueryAnnAdmin START
2025-01-26 17:40:16.803 +08:00 [INF] AnnouncementRepository QueryAnnAdmin START
2025-01-26 17:40:16.806 +08:00 [INF] AnnouncementRepository QueryAnnAdmin END
2025-01-26 17:40:16.813 +08:00 [INF] AnnouncementServiceController QueryAnnAdmin END
2025-01-26 17:40:16.814 +08:00 [INF] HTTP POST /api/SystemMgmt/AnnouncementService/QueryAnnAdmin responded 200 in 15.1081 ms
2025-01-26 17:45:24.344 +08:00 [INF] AnnouncementServiceController QueryAnnAdmin START
2025-01-26 17:45:24.350 +08:00 [INF] AnnouncementRepository QueryAnnAdmin START
2025-01-26 17:45:24.354 +08:00 [INF] AnnouncementRepository QueryAnnAdmin END
2025-01-26 17:45:24.355 +08:00 [INF] AnnouncementServiceController QueryAnnAdmin END
2025-01-26 17:45:24.358 +08:00 [INF] HTTP POST /api/SystemMgmt/AnnouncementService/QueryAnnAdmin responded 200 in 17.5557 ms
2025-01-26 17:54:26.039 +08:00 [INF] AnnouncementServiceController QueryAnnAdmin START
2025-01-26 17:54:26.040 +08:00 [INF] AnnouncementRepository QueryAnnAdmin START
2025-01-26 17:54:26.050 +08:00 [INF] AnnouncementRepository QueryAnnAdmin END
2025-01-26 17:54:26.078 +08:00 [INF] AnnouncementServiceController QueryAnnAdmin END
2025-01-26 17:54:26.082 +08:00 [INF] HTTP POST /api/SystemMgmt/AnnouncementService/QueryAnnAdmin responded 200 in 45.4968 ms
2025-01-26 17:54:37.740 +08:00 [INF] AnnouncementServiceController QueryAnnAdmin START
2025-01-26 17:54:37.742 +08:00 [INF] AnnouncementRepository QueryAnnAdmin START
2025-01-26 17:54:37.750 +08:00 [INF] AnnouncementRepository QueryAnnAdmin END
2025-01-26 17:54:37.752 +08:00 [INF] AnnouncementServiceController QueryAnnAdmin END
2025-01-26 17:54:37.754 +08:00 [INF] HTTP POST /api/SystemMgmt/AnnouncementService/QueryAnnAdmin responded 200 in 14.8639 ms
2025-01-26 18:13:37.803 +08:00 [INF] Now listening on: http://localhost:5001
2025-01-26 18:13:37.914 +08:00 [INF] Application started. Press Ctrl+C to shut down.
2025-01-26 18:13:37.915 +08:00 [INF] Hosting environment: Development
2025-01-26 18:13:37.917 +08:00 [INF] Content root path: D:\Project\DotNetBackEnd\DotNetBackEndCleanArchitecture\DotNetBackEndCleanArchitecture\Presentation\DotNetBackEndService
2025-01-26 18:13:40.341 +08:00 [INF] HTTP GET / responded 404 in 2.7795 ms
2025-01-26 18:14:15.413 +08:00 [INF] AnnouncementServiceController QueryAnnAdmin START
2025-01-26 18:14:15.418 +08:00 [INF] AnnouncementRepository QueryAnnAdmin START
2025-01-26 18:14:15.799 +08:00 [INF] AnnouncementRepository QueryAnnAdmin END
2025-01-26 18:14:15.802 +08:00 [INF] AnnouncementServiceController QueryAnnAdmin END
2025-01-26 18:14:15.835 +08:00 [INF] HTTP POST /api/SystemMgmt/AnnouncementService/QueryAnnAdmin responded 200 in 579.0277 ms
2025-01-26 18:15:33.048 +08:00 [INF] AnnouncementServiceController QueryAnnAdmin START
2025-01-26 18:15:33.051 +08:00 [INF] AnnouncementRepository QueryAnnAdmin START
2025-01-26 18:15:33.056 +08:00 [INF] AnnouncementRepository QueryAnnAdmin END
2025-01-26 18:15:33.057 +08:00 [INF] AnnouncementServiceController QueryAnnAdmin END
2025-01-26 18:15:33.062 +08:00 [INF] HTTP POST /api/SystemMgmt/AnnouncementService/QueryAnnAdmin responded 200 in 20.9963 ms
2025-01-26 18:20:09.793 +08:00 [INF] AnnouncementServiceController QueryAnnAdmin START
2025-01-26 18:20:09.796 +08:00 [INF] AnnouncementRepository QueryAnnAdmin START
2025-01-26 18:20:09.866 +08:00 [INF] AnnouncementRepository QueryAnnAdmin END
2025-01-26 18:20:09.868 +08:00 [INF] AnnouncementServiceController QueryAnnAdmin END
2025-01-26 18:20:09.869 +08:00 [INF] HTTP POST /api/SystemMgmt/AnnouncementService/QueryAnnAdmin responded 200 in 93.4556 ms
2025-01-26 18:28:01.856 +08:00 [INF] AnnouncementServiceController QueryAnnAdmin START
2025-01-26 18:28:01.860 +08:00 [INF] AnnouncementRepository QueryAnnAdmin START
2025-01-26 18:28:01.872 +08:00 [INF] AnnouncementRepository QueryAnnAdmin END
2025-01-26 18:28:01.878 +08:00 [INF] AnnouncementServiceController QueryAnnAdmin END
2025-01-26 18:28:01.879 +08:00 [INF] HTTP POST /api/SystemMgmt/AnnouncementService/QueryAnnAdmin responded 200 in 23.6388 ms
2025-01-26 18:28:06.508 +08:00 [INF] AnnouncementServiceController QueryAnnAdmin START
2025-01-26 18:28:06.511 +08:00 [INF] AnnouncementRepository QueryAnnAdmin START
2025-01-26 18:28:06.520 +08:00 [INF] AnnouncementRepository QueryAnnAdmin END
2025-01-26 18:28:06.523 +08:00 [INF] AnnouncementServiceController QueryAnnAdmin END
2025-01-26 18:28:06.525 +08:00 [INF] HTTP POST /api/SystemMgmt/AnnouncementService/QueryAnnAdmin responded 200 in 19.0264 ms
2025-01-26 18:30:45.224 +08:00 [INF] AnnouncementServiceController QueryAnnAdmin START
2025-01-26 18:30:45.229 +08:00 [INF] AnnouncementRepository QueryAnnAdmin START
2025-01-26 18:30:45.254 +08:00 [INF] AnnouncementRepository QueryAnnAdmin END
2025-01-26 18:30:45.255 +08:00 [INF] AnnouncementServiceController QueryAnnAdmin END
2025-01-26 18:30:45.258 +08:00 [INF] HTTP POST /api/SystemMgmt/AnnouncementService/QueryAnnAdmin responded 200 in 33.8787 ms
2025-01-26 18:30:55.148 +08:00 [INF] AnnouncementServiceController QueryAnnAdmin START
2025-01-26 18:30:55.158 +08:00 [INF] AnnouncementRepository QueryAnnAdmin START
2025-01-26 18:30:55.177 +08:00 [INF] AnnouncementRepository QueryAnnAdmin END
2025-01-26 18:30:55.179 +08:00 [INF] AnnouncementServiceController QueryAnnAdmin END
2025-01-26 18:30:55.183 +08:00 [INF] HTTP POST /api/SystemMgmt/AnnouncementService/QueryAnnAdmin responded 200 in 34.8532 ms
2025-01-26 18:30:55.597 +08:00 [INF] AnnouncementServiceController QueryAnnAdmin START
2025-01-26 18:30:55.598 +08:00 [INF] AnnouncementRepository QueryAnnAdmin START
2025-01-26 18:30:55.608 +08:00 [INF] AnnouncementRepository QueryAnnAdmin END
2025-01-26 18:30:55.609 +08:00 [INF] AnnouncementServiceController QueryAnnAdmin END
2025-01-26 18:30:55.611 +08:00 [INF] HTTP POST /api/SystemMgmt/AnnouncementService/QueryAnnAdmin responded 200 in 14.2222 ms
2025-01-26 18:32:07.627 +08:00 [INF] AnnouncementServiceController QueryAnnAdmin START
2025-01-26 18:32:07.654 +08:00 [INF] AnnouncementRepository QueryAnnAdmin START
2025-01-26 18:32:07.664 +08:00 [INF] AnnouncementRepository QueryAnnAdmin END
2025-01-26 18:32:07.671 +08:00 [INF] AnnouncementServiceController QueryAnnAdmin END
2025-01-26 18:32:07.673 +08:00 [INF] HTTP POST /api/SystemMgmt/AnnouncementService/QueryAnnAdmin responded 200 in 46.8472 ms
2025-01-26 18:32:08.298 +08:00 [INF] AnnouncementServiceController QueryAnnAdmin START
2025-01-26 18:32:08.642 +08:00 [INF] AnnouncementRepository QueryAnnAdmin START
2025-01-26 18:32:08.645 +08:00 [INF] AnnouncementRepository QueryAnnAdmin END
2025-01-26 18:32:08.646 +08:00 [INF] AnnouncementServiceController QueryAnnAdmin END
2025-01-26 18:32:08.648 +08:00 [INF] HTTP POST /api/SystemMgmt/AnnouncementService/QueryAnnAdmin responded 200 in 363.0900 ms
2025-01-26 18:34:08.829 +08:00 [INF] AnnouncementServiceController QueryAnnAdmin START
2025-01-26 18:34:08.841 +08:00 [INF] AnnouncementRepository QueryAnnAdmin START
2025-01-26 18:34:08.843 +08:00 [INF] AnnouncementRepository QueryAnnAdmin END
2025-01-26 18:34:08.844 +08:00 [INF] AnnouncementServiceController QueryAnnAdmin END
2025-01-26 18:34:08.845 +08:00 [INF] HTTP POST /api/SystemMgmt/AnnouncementService/QueryAnnAdmin responded 200 in 16.6457 ms
2025-01-26 18:43:44.062 +08:00 [INF] Now listening on: http://localhost:5001
2025-01-26 18:43:44.532 +08:00 [INF] Application started. Press Ctrl+C to shut down.
2025-01-26 18:43:44.536 +08:00 [INF] Hosting environment: Development
2025-01-26 18:43:44.538 +08:00 [INF] Content root path: D:\Project\DotNetBackEnd\DotNetBackEndCleanArchitecture\DotNetBackEndCleanArchitecture\Presentation\DotNetBackEndService
2025-01-26 18:43:44.988 +08:00 [INF] HTTP GET / responded 404 in 18.6413 ms
2025-01-26 18:43:53.485 +08:00 [INF] AnnouncementServiceController QueryAnnAdmin START
2025-01-26 18:43:53.493 +08:00 [INF] AnnouncementRepository QueryAnnAdmin START
2025-01-26 18:43:54.050 +08:00 [INF] AnnouncementRepository QueryAnnAdmin END
2025-01-26 18:43:54.052 +08:00 [INF] AnnouncementServiceController QueryAnnAdmin END
2025-01-26 18:43:54.091 +08:00 [INF] HTTP POST /api/SystemMgmt/AnnouncementService/QueryAnnAdmin responded 200 in 893.1333 ms
2025-01-26 18:44:14.905 +08:00 [INF] AnnouncementServiceController QueryAnnAdmin START
2025-01-26 18:44:14.915 +08:00 [INF] AnnouncementRepository QueryAnnAdmin START
2025-01-26 18:44:14.923 +08:00 [INF] AnnouncementRepository QueryAnnAdmin END
2025-01-26 18:44:14.924 +08:00 [INF] AnnouncementServiceController QueryAnnAdmin END
2025-01-26 18:44:14.925 +08:00 [INF] HTTP POST /api/SystemMgmt/AnnouncementService/QueryAnnAdmin responded 200 in 30.1667 ms
2025-01-26 18:45:46.848 +08:00 [INF] AnnouncementServiceController QueryAnnAdmin START
2025-01-26 18:45:46.865 +08:00 [INF] AnnouncementRepository QueryAnnAdmin START
2025-01-26 18:45:46.870 +08:00 [INF] AnnouncementRepository QueryAnnAdmin END
2025-01-26 18:45:46.872 +08:00 [INF] AnnouncementServiceController QueryAnnAdmin END
2025-01-26 18:45:46.874 +08:00 [INF] HTTP POST /api/SystemMgmt/AnnouncementService/QueryAnnAdmin responded 200 in 33.9392 ms
2025-01-26 18:54:53.817 +08:00 [INF] AnnouncementServiceController QueryAnnAdmin START
2025-01-26 18:54:53.818 +08:00 [INF] AnnouncementRepository QueryAnnAdmin START
2025-01-26 18:54:53.823 +08:00 [INF] AnnouncementRepository QueryAnnAdmin END
2025-01-26 18:54:53.824 +08:00 [INF] AnnouncementServiceController QueryAnnAdmin END
2025-01-26 18:54:53.825 +08:00 [INF] HTTP POST /api/SystemMgmt/AnnouncementService/QueryAnnAdmin responded 200 in 8.8932 ms
2025-01-26 18:55:31.656 +08:00 [ERR] HTTP POST /api/SystemMgmt/AnnouncementService/PutAnnouncement responded 500 in 88.7962 ms
System.NotSupportedException: Deserialization of interface types is not supported. Type 'Microsoft.AspNetCore.Http.IFormFile'. Path: $.file | LineNumber: 0 | BytePositionInLine: 91.
 ---> System.NotSupportedException: Deserialization of interface types is not supported. Type 'Microsoft.AspNetCore.Http.IFormFile'.
   --- End of inner exception stack trace ---
   at System.Text.Json.ThrowHelper.ThrowNotSupportedException(ReadStack& state, Utf8JsonReader& reader, NotSupportedException ex)
   at System.Text.Json.Serialization.Converters.ObjectDefaultConverter`1.OnTryRead(Utf8JsonReader& reader, Type typeToConvert, JsonSerializerOptions options, ReadStack& state, T& value)
   at System.Text.Json.Serialization.JsonConverter`1.TryRead(Utf8JsonReader& reader, Type typeToConvert, JsonSerializerOptions options, ReadStack& state, T& value)
   at System.Text.Json.Serialization.Metadata.JsonPropertyInfo`1.ReadJsonAndSetMember(Object obj, ReadStack& state, Utf8JsonReader& reader)
   at System.Text.Json.Serialization.Converters.ObjectDefaultConverter`1.OnTryRead(Utf8JsonReader& reader, Type typeToConvert, JsonSerializerOptions options, ReadStack& state, T& value)
   at System.Text.Json.Serialization.JsonConverter`1.TryRead(Utf8JsonReader& reader, Type typeToConvert, JsonSerializerOptions options, ReadStack& state, T& value)
   at System.Text.Json.Serialization.JsonConverter`1.ReadCore(Utf8JsonReader& reader, JsonSerializerOptions options, ReadStack& state)
   at System.Text.Json.Serialization.JsonConverter`1.ReadCoreAsObject(Utf8JsonReader& reader, JsonSerializerOptions options, ReadStack& state)
   at System.Text.Json.JsonSerializer.ReadCore[TValue](Utf8JsonReader& reader, JsonTypeInfo jsonTypeInfo, ReadStack& state)
   at System.Text.Json.JsonSerializer.ContinueDeserialize[TValue](ReadBufferState& bufferState, JsonReaderState& jsonReaderState, ReadStack& readStack, JsonTypeInfo jsonTypeInfo)
   at System.Text.Json.JsonSerializer.ReadFromStreamAsync[TValue](Stream utf8Json, JsonTypeInfo jsonTypeInfo, CancellationToken cancellationToken)
   at Microsoft.AspNetCore.Mvc.Formatters.SystemTextJsonInputFormatter.ReadRequestBodyAsync(InputFormatterContext context, Encoding encoding)
   at Microsoft.AspNetCore.Mvc.Formatters.SystemTextJsonInputFormatter.ReadRequestBodyAsync(InputFormatterContext context, Encoding encoding)
   at Microsoft.AspNetCore.Mvc.ModelBinding.Binders.BodyModelBinder.BindModelAsync(ModelBindingContext bindingContext)
   at Microsoft.AspNetCore.Mvc.ModelBinding.ParameterBinder.BindModelAsync(ActionContext actionContext, IModelBinder modelBinder, IValueProvider valueProvider, ParameterDescriptor parameter, ModelMetadata metadata, Object value, Object container)
   at Microsoft.AspNetCore.Mvc.Controllers.ControllerBinderDelegateProvider.<>c__DisplayClass0_0.<<CreateBinderDelegate>g__Bind|0>d.MoveNext()
--- End of stack trace from previous location ---
   at Microsoft.AspNetCore.Mvc.Infrastructure.ControllerActionInvoker.<InvokeInnerFilterAsync>g__Awaited|13_0(ControllerActionInvoker invoker, Task lastTask, State next, Scope scope, Object state, Boolean isCompleted)
   at Microsoft.AspNetCore.Mvc.Infrastructure.ResourceInvoker.<InvokeFilterPipelineAsync>g__Awaited|20_0(ResourceInvoker invoker, Task lastTask, State next, Scope scope, Object state, Boolean isCompleted)
   at Microsoft.AspNetCore.Mvc.Infrastructure.ResourceInvoker.<InvokeAsync>g__Awaited|17_0(ResourceInvoker invoker, Task task, IDisposable scope)
   at Microsoft.AspNetCore.Mvc.Infrastructure.ResourceInvoker.<InvokeAsync>g__Awaited|17_0(ResourceInvoker invoker, Task task, IDisposable scope)
   at Microsoft.AspNetCore.Routing.EndpointMiddleware.<Invoke>g__AwaitRequestTask|6_0(Endpoint endpoint, Task requestTask, ILogger logger)
   at Microsoft.AspNetCore.Authorization.AuthorizationMiddleware.Invoke(HttpContext context)
   at Serilog.AspNetCore.RequestLoggingMiddleware.Invoke(HttpContext httpContext)
2025-01-26 18:55:31.747 +08:00 [ERR] An unhandled exception has occurred while executing the request.
System.NotSupportedException: Deserialization of interface types is not supported. Type 'Microsoft.AspNetCore.Http.IFormFile'. Path: $.file | LineNumber: 0 | BytePositionInLine: 91.
 ---> System.NotSupportedException: Deserialization of interface types is not supported. Type 'Microsoft.AspNetCore.Http.IFormFile'.
   --- End of inner exception stack trace ---
   at System.Text.Json.ThrowHelper.ThrowNotSupportedException(ReadStack& state, Utf8JsonReader& reader, NotSupportedException ex)
   at System.Text.Json.Serialization.Converters.ObjectDefaultConverter`1.OnTryRead(Utf8JsonReader& reader, Type typeToConvert, JsonSerializerOptions options, ReadStack& state, T& value)
   at System.Text.Json.Serialization.JsonConverter`1.TryRead(Utf8JsonReader& reader, Type typeToConvert, JsonSerializerOptions options, ReadStack& state, T& value)
   at System.Text.Json.Serialization.Metadata.JsonPropertyInfo`1.ReadJsonAndSetMember(Object obj, ReadStack& state, Utf8JsonReader& reader)
   at System.Text.Json.Serialization.Converters.ObjectDefaultConverter`1.OnTryRead(Utf8JsonReader& reader, Type typeToConvert, JsonSerializerOptions options, ReadStack& state, T& value)
   at System.Text.Json.Serialization.JsonConverter`1.TryRead(Utf8JsonReader& reader, Type typeToConvert, JsonSerializerOptions options, ReadStack& state, T& value)
   at System.Text.Json.Serialization.JsonConverter`1.ReadCore(Utf8JsonReader& reader, JsonSerializerOptions options, ReadStack& state)
   at System.Text.Json.Serialization.JsonConverter`1.ReadCoreAsObject(Utf8JsonReader& reader, JsonSerializerOptions options, ReadStack& state)
   at System.Text.Json.JsonSerializer.ReadCore[TValue](Utf8JsonReader& reader, JsonTypeInfo jsonTypeInfo, ReadStack& state)
   at System.Text.Json.JsonSerializer.ContinueDeserialize[TValue](ReadBufferState& bufferState, JsonReaderState& jsonReaderState, ReadStack& readStack, JsonTypeInfo jsonTypeInfo)
   at System.Text.Json.JsonSerializer.ReadFromStreamAsync[TValue](Stream utf8Json, JsonTypeInfo jsonTypeInfo, CancellationToken cancellationToken)
   at Microsoft.AspNetCore.Mvc.Formatters.SystemTextJsonInputFormatter.ReadRequestBodyAsync(InputFormatterContext context, Encoding encoding)
   at Microsoft.AspNetCore.Mvc.Formatters.SystemTextJsonInputFormatter.ReadRequestBodyAsync(InputFormatterContext context, Encoding encoding)
   at Microsoft.AspNetCore.Mvc.ModelBinding.Binders.BodyModelBinder.BindModelAsync(ModelBindingContext bindingContext)
   at Microsoft.AspNetCore.Mvc.ModelBinding.ParameterBinder.BindModelAsync(ActionContext actionContext, IModelBinder modelBinder, IValueProvider valueProvider, ParameterDescriptor parameter, ModelMetadata metadata, Object value, Object container)
   at Microsoft.AspNetCore.Mvc.Controllers.ControllerBinderDelegateProvider.<>c__DisplayClass0_0.<<CreateBinderDelegate>g__Bind|0>d.MoveNext()
--- End of stack trace from previous location ---
   at Microsoft.AspNetCore.Mvc.Infrastructure.ControllerActionInvoker.<InvokeInnerFilterAsync>g__Awaited|13_0(ControllerActionInvoker invoker, Task lastTask, State next, Scope scope, Object state, Boolean isCompleted)
   at Microsoft.AspNetCore.Mvc.Infrastructure.ResourceInvoker.<InvokeFilterPipelineAsync>g__Awaited|20_0(ResourceInvoker invoker, Task lastTask, State next, Scope scope, Object state, Boolean isCompleted)
   at Microsoft.AspNetCore.Mvc.Infrastructure.ResourceInvoker.<InvokeAsync>g__Awaited|17_0(ResourceInvoker invoker, Task task, IDisposable scope)
   at Microsoft.AspNetCore.Mvc.Infrastructure.ResourceInvoker.<InvokeAsync>g__Awaited|17_0(ResourceInvoker invoker, Task task, IDisposable scope)
   at Microsoft.AspNetCore.Routing.EndpointMiddleware.<Invoke>g__AwaitRequestTask|6_0(Endpoint endpoint, Task requestTask, ILogger logger)
   at Microsoft.AspNetCore.Authorization.AuthorizationMiddleware.Invoke(HttpContext context)
   at Serilog.AspNetCore.RequestLoggingMiddleware.Invoke(HttpContext httpContext)
   at Microsoft.AspNetCore.Authentication.AuthenticationMiddleware.Invoke(HttpContext context)
   at Microsoft.AspNetCore.Diagnostics.DeveloperExceptionPageMiddlewareImpl.Invoke(HttpContext context)
2025-01-26 18:56:50.582 +08:00 [ERR] HTTP POST /api/SystemMgmt/AnnouncementService/PutAnnouncement responded 500 in 6.1591 ms
System.NotSupportedException: Deserialization of interface types is not supported. Type 'Microsoft.AspNetCore.Http.IFormFile'. Path: $.file | LineNumber: 0 | BytePositionInLine: 91.
 ---> System.NotSupportedException: Deserialization of interface types is not supported. Type 'Microsoft.AspNetCore.Http.IFormFile'.
   --- End of inner exception stack trace ---
   at System.Text.Json.ThrowHelper.ThrowNotSupportedException(ReadStack& state, Utf8JsonReader& reader, NotSupportedException ex)
   at System.Text.Json.Serialization.Converters.ObjectDefaultConverter`1.OnTryRead(Utf8JsonReader& reader, Type typeToConvert, JsonSerializerOptions options, ReadStack& state, T& value)
   at System.Text.Json.Serialization.JsonConverter`1.TryRead(Utf8JsonReader& reader, Type typeToConvert, JsonSerializerOptions options, ReadStack& state, T& value)
   at System.Text.Json.Serialization.Metadata.JsonPropertyInfo`1.ReadJsonAndSetMember(Object obj, ReadStack& state, Utf8JsonReader& reader)
   at System.Text.Json.Serialization.Converters.ObjectDefaultConverter`1.OnTryRead(Utf8JsonReader& reader, Type typeToConvert, JsonSerializerOptions options, ReadStack& state, T& value)
   at System.Text.Json.Serialization.JsonConverter`1.TryRead(Utf8JsonReader& reader, Type typeToConvert, JsonSerializerOptions options, ReadStack& state, T& value)
   at System.Text.Json.Serialization.JsonConverter`1.ReadCore(Utf8JsonReader& reader, JsonSerializerOptions options, ReadStack& state)
   at System.Text.Json.Serialization.JsonConverter`1.ReadCoreAsObject(Utf8JsonReader& reader, JsonSerializerOptions options, ReadStack& state)
   at System.Text.Json.JsonSerializer.ReadCore[TValue](Utf8JsonReader& reader, JsonTypeInfo jsonTypeInfo, ReadStack& state)
   at System.Text.Json.JsonSerializer.ContinueDeserialize[TValue](ReadBufferState& bufferState, JsonReaderState& jsonReaderState, ReadStack& readStack, JsonTypeInfo jsonTypeInfo)
   at System.Text.Json.JsonSerializer.ReadFromStreamAsync[TValue](Stream utf8Json, JsonTypeInfo jsonTypeInfo, CancellationToken cancellationToken)
   at Microsoft.AspNetCore.Mvc.Formatters.SystemTextJsonInputFormatter.ReadRequestBodyAsync(InputFormatterContext context, Encoding encoding)
   at Microsoft.AspNetCore.Mvc.Formatters.SystemTextJsonInputFormatter.ReadRequestBodyAsync(InputFormatterContext context, Encoding encoding)
   at Microsoft.AspNetCore.Mvc.ModelBinding.Binders.BodyModelBinder.BindModelAsync(ModelBindingContext bindingContext)
   at Microsoft.AspNetCore.Mvc.ModelBinding.ParameterBinder.BindModelAsync(ActionContext actionContext, IModelBinder modelBinder, IValueProvider valueProvider, ParameterDescriptor parameter, ModelMetadata metadata, Object value, Object container)
   at Microsoft.AspNetCore.Mvc.Controllers.ControllerBinderDelegateProvider.<>c__DisplayClass0_0.<<CreateBinderDelegate>g__Bind|0>d.MoveNext()
--- End of stack trace from previous location ---
   at Microsoft.AspNetCore.Mvc.Infrastructure.ControllerActionInvoker.<InvokeInnerFilterAsync>g__Awaited|13_0(ControllerActionInvoker invoker, Task lastTask, State next, Scope scope, Object state, Boolean isCompleted)
   at Microsoft.AspNetCore.Mvc.Infrastructure.ResourceInvoker.<InvokeFilterPipelineAsync>g__Awaited|20_0(ResourceInvoker invoker, Task lastTask, State next, Scope scope, Object state, Boolean isCompleted)
   at Microsoft.AspNetCore.Mvc.Infrastructure.ResourceInvoker.<InvokeAsync>g__Awaited|17_0(ResourceInvoker invoker, Task task, IDisposable scope)
   at Microsoft.AspNetCore.Mvc.Infrastructure.ResourceInvoker.<InvokeAsync>g__Awaited|17_0(ResourceInvoker invoker, Task task, IDisposable scope)
   at Microsoft.AspNetCore.Routing.EndpointMiddleware.<Invoke>g__AwaitRequestTask|6_0(Endpoint endpoint, Task requestTask, ILogger logger)
   at Microsoft.AspNetCore.Authorization.AuthorizationMiddleware.Invoke(HttpContext context)
   at Serilog.AspNetCore.RequestLoggingMiddleware.Invoke(HttpContext httpContext)
2025-01-26 18:56:50.653 +08:00 [ERR] An unhandled exception has occurred while executing the request.
System.NotSupportedException: Deserialization of interface types is not supported. Type 'Microsoft.AspNetCore.Http.IFormFile'. Path: $.file | LineNumber: 0 | BytePositionInLine: 91.
 ---> System.NotSupportedException: Deserialization of interface types is not supported. Type 'Microsoft.AspNetCore.Http.IFormFile'.
   --- End of inner exception stack trace ---
   at System.Text.Json.ThrowHelper.ThrowNotSupportedException(ReadStack& state, Utf8JsonReader& reader, NotSupportedException ex)
   at System.Text.Json.Serialization.Converters.ObjectDefaultConverter`1.OnTryRead(Utf8JsonReader& reader, Type typeToConvert, JsonSerializerOptions options, ReadStack& state, T& value)
   at System.Text.Json.Serialization.JsonConverter`1.TryRead(Utf8JsonReader& reader, Type typeToConvert, JsonSerializerOptions options, ReadStack& state, T& value)
   at System.Text.Json.Serialization.Metadata.JsonPropertyInfo`1.ReadJsonAndSetMember(Object obj, ReadStack& state, Utf8JsonReader& reader)
   at System.Text.Json.Serialization.Converters.ObjectDefaultConverter`1.OnTryRead(Utf8JsonReader& reader, Type typeToConvert, JsonSerializerOptions options, ReadStack& state, T& value)
   at System.Text.Json.Serialization.JsonConverter`1.TryRead(Utf8JsonReader& reader, Type typeToConvert, JsonSerializerOptions options, ReadStack& state, T& value)
   at System.Text.Json.Serialization.JsonConverter`1.ReadCore(Utf8JsonReader& reader, JsonSerializerOptions options, ReadStack& state)
   at System.Text.Json.Serialization.JsonConverter`1.ReadCoreAsObject(Utf8JsonReader& reader, JsonSerializerOptions options, ReadStack& state)
   at System.Text.Json.JsonSerializer.ReadCore[TValue](Utf8JsonReader& reader, JsonTypeInfo jsonTypeInfo, ReadStack& state)
   at System.Text.Json.JsonSerializer.ContinueDeserialize[TValue](ReadBufferState& bufferState, JsonReaderState& jsonReaderState, ReadStack& readStack, JsonTypeInfo jsonTypeInfo)
   at System.Text.Json.JsonSerializer.ReadFromStreamAsync[TValue](Stream utf8Json, JsonTypeInfo jsonTypeInfo, CancellationToken cancellationToken)
   at Microsoft.AspNetCore.Mvc.Formatters.SystemTextJsonInputFormatter.ReadRequestBodyAsync(InputFormatterContext context, Encoding encoding)
   at Microsoft.AspNetCore.Mvc.Formatters.SystemTextJsonInputFormatter.ReadRequestBodyAsync(InputFormatterContext context, Encoding encoding)
   at Microsoft.AspNetCore.Mvc.ModelBinding.Binders.BodyModelBinder.BindModelAsync(ModelBindingContext bindingContext)
   at Microsoft.AspNetCore.Mvc.ModelBinding.ParameterBinder.BindModelAsync(ActionContext actionContext, IModelBinder modelBinder, IValueProvider valueProvider, ParameterDescriptor parameter, ModelMetadata metadata, Object value, Object container)
   at Microsoft.AspNetCore.Mvc.Controllers.ControllerBinderDelegateProvider.<>c__DisplayClass0_0.<<CreateBinderDelegate>g__Bind|0>d.MoveNext()
--- End of stack trace from previous location ---
   at Microsoft.AspNetCore.Mvc.Infrastructure.ControllerActionInvoker.<InvokeInnerFilterAsync>g__Awaited|13_0(ControllerActionInvoker invoker, Task lastTask, State next, Scope scope, Object state, Boolean isCompleted)
   at Microsoft.AspNetCore.Mvc.Infrastructure.ResourceInvoker.<InvokeFilterPipelineAsync>g__Awaited|20_0(ResourceInvoker invoker, Task lastTask, State next, Scope scope, Object state, Boolean isCompleted)
   at Microsoft.AspNetCore.Mvc.Infrastructure.ResourceInvoker.<InvokeAsync>g__Awaited|17_0(ResourceInvoker invoker, Task task, IDisposable scope)
   at Microsoft.AspNetCore.Mvc.Infrastructure.ResourceInvoker.<InvokeAsync>g__Awaited|17_0(ResourceInvoker invoker, Task task, IDisposable scope)
   at Microsoft.AspNetCore.Routing.EndpointMiddleware.<Invoke>g__AwaitRequestTask|6_0(Endpoint endpoint, Task requestTask, ILogger logger)
   at Microsoft.AspNetCore.Authorization.AuthorizationMiddleware.Invoke(HttpContext context)
   at Serilog.AspNetCore.RequestLoggingMiddleware.Invoke(HttpContext httpContext)
   at Microsoft.AspNetCore.Authentication.AuthenticationMiddleware.Invoke(HttpContext context)
   at Microsoft.AspNetCore.Diagnostics.DeveloperExceptionPageMiddlewareImpl.Invoke(HttpContext context)
2025-01-26 19:00:04.270 +08:00 [INF] Now listening on: http://localhost:5001
2025-01-26 19:00:04.298 +08:00 [INF] Application started. Press Ctrl+C to shut down.
2025-01-26 19:00:04.303 +08:00 [INF] Hosting environment: Development
2025-01-26 19:00:04.311 +08:00 [INF] Content root path: D:\Project\DotNetBackEnd\DotNetBackEndCleanArchitecture\DotNetBackEndCleanArchitecture\Presentation\DotNetBackEndService
2025-01-26 19:00:09.161 +08:00 [INF] HTTP GET / responded 404 in 2.3088 ms
2025-01-26 19:00:31.402 +08:00 [INF] AnnouncementServiceController PutAnnouncement START
2025-01-26 19:00:33.962 +08:00 [INF] AnnouncementRepository PutAnnouncement START
2025-01-26 19:00:37.701 +08:00 [INF] AnnouncementRepository PutAnnouncement END
2025-01-26 19:00:37.704 +08:00 [INF] AnnouncementServiceController PutAnnouncement END
2025-01-26 19:00:37.735 +08:00 [INF] HTTP POST /api/SystemMgmt/AnnouncementService/PutAnnouncement responded 200 in 6529.7420 ms
2025-01-26 19:00:40.478 +08:00 [INF] AnnouncementServiceController QueryAnnAdmin START
2025-01-26 19:00:40.483 +08:00 [INF] AnnouncementRepository QueryAnnAdmin START
2025-01-26 19:00:40.530 +08:00 [INF] AnnouncementRepository QueryAnnAdmin END
2025-01-26 19:00:40.531 +08:00 [INF] AnnouncementServiceController QueryAnnAdmin END
2025-01-26 19:00:40.548 +08:00 [INF] HTTP POST /api/SystemMgmt/AnnouncementService/QueryAnnAdmin responded 200 in 90.8300 ms
2025-01-26 19:15:20.754 +08:00 [INF] Now listening on: http://localhost:5001
2025-01-26 19:15:20.816 +08:00 [INF] Application started. Press Ctrl+C to shut down.
2025-01-26 19:15:20.822 +08:00 [INF] Hosting environment: Development
2025-01-26 19:15:20.828 +08:00 [INF] Content root path: D:\Project\DotNetBackEnd\DotNetBackEndCleanArchitecture\DotNetBackEndCleanArchitecture\Presentation\DotNetBackEndService
2025-01-26 19:15:23.170 +08:00 [INF] HTTP GET / responded 404 in 1.7507 ms
2025-01-26 19:15:30.346 +08:00 [INF] AnnouncementServiceController QueryAnnAdmin START
2025-01-26 19:15:30.349 +08:00 [INF] AnnouncementRepository QueryAnnAdmin START
2025-01-26 19:15:30.731 +08:00 [INF] AnnouncementRepository QueryAnnAdmin END
2025-01-26 19:15:30.733 +08:00 [INF] AnnouncementServiceController QueryAnnAdmin END
2025-01-26 19:15:30.762 +08:00 [INF] HTTP POST /api/SystemMgmt/AnnouncementService/QueryAnnAdmin responded 200 in 546.9795 ms
2025-01-26 19:18:15.526 +08:00 [INF] Now listening on: http://localhost:5001
2025-01-26 19:18:15.539 +08:00 [INF] Application started. Press Ctrl+C to shut down.
2025-01-26 19:18:15.540 +08:00 [INF] Hosting environment: Development
2025-01-26 19:18:15.541 +08:00 [INF] Content root path: D:\Project\DotNetBackEnd\DotNetBackEndCleanArchitecture\DotNetBackEndCleanArchitecture\Presentation\DotNetBackEndService
2025-01-26 19:18:19.904 +08:00 [INF] HTTP GET / responded 404 in 3.0195 ms
2025-01-26 19:19:38.264 +08:00 [INF] AnnouncementServiceController QueryAnnAdmin START
2025-01-26 19:19:38.269 +08:00 [INF] AnnouncementRepository QueryAnnAdmin START
2025-01-26 19:19:39.043 +08:00 [INF] AnnouncementRepository QueryAnnAdmin END
2025-01-26 19:19:39.046 +08:00 [INF] AnnouncementServiceController QueryAnnAdmin END
2025-01-26 19:19:39.080 +08:00 [INF] HTTP POST /api/SystemMgmt/AnnouncementService/QueryAnnAdmin responded 200 in 960.4121 ms
2025-01-26 19:23:53.727 +08:00 [INF] Now listening on: http://localhost:5001
2025-01-26 19:23:53.792 +08:00 [INF] Application started. Press Ctrl+C to shut down.
2025-01-26 19:23:53.798 +08:00 [INF] Hosting environment: Development
2025-01-26 19:23:53.799 +08:00 [INF] Content root path: D:\Project\DotNetBackEnd\DotNetBackEndCleanArchitecture\DotNetBackEndCleanArchitecture\Presentation\DotNetBackEndService
2025-01-26 19:23:57.440 +08:00 [INF] HTTP GET / responded 404 in 3.6208 ms
2025-01-26 19:25:21.220 +08:00 [INF] AnnouncementServiceController QueryAnnAdmin START
2025-01-26 19:25:21.229 +08:00 [INF] AnnouncementRepository QueryAnnAdmin START
2025-01-26 19:25:21.574 +08:00 [INF] AnnouncementRepository QueryAnnAdmin END
2025-01-26 19:25:21.576 +08:00 [INF] AnnouncementServiceController QueryAnnAdmin END
2025-01-26 19:25:21.610 +08:00 [INF] HTTP POST /api/SystemMgmt/AnnouncementService/QueryAnnAdmin responded 200 in 530.8534 ms
2025-01-26 19:48:11.203 +08:00 [INF] Now listening on: http://localhost:5001
2025-01-26 19:48:11.226 +08:00 [INF] Application started. Press Ctrl+C to shut down.
2025-01-26 19:48:11.230 +08:00 [INF] Hosting environment: Development
2025-01-26 19:48:11.236 +08:00 [INF] Content root path: D:\Project\DotNetBackEnd\DotNetBackEndCleanArchitecture\DotNetBackEndCleanArchitecture\Presentation\DotNetBackEndService
2025-01-26 19:48:14.333 +08:00 [INF] HTTP GET / responded 404 in 2.8642 ms
2025-01-26 19:49:40.902 +08:00 [INF] AnnouncementServiceController QueryAnnAdmin START
2025-01-26 19:49:40.908 +08:00 [INF] AnnouncementRepository QueryAnnAdmin START
2025-01-26 19:49:41.278 +08:00 [INF] AnnouncementRepository QueryAnnAdmin END
2025-01-26 19:49:41.281 +08:00 [INF] AnnouncementServiceController QueryAnnAdmin END
2025-01-26 19:49:41.315 +08:00 [INF] HTTP POST /api/SystemMgmt/AnnouncementService/QueryAnnAdmin responded 200 in 568.2605 ms
2025-01-26 19:50:49.845 +08:00 [INF] Now listening on: http://localhost:5001
2025-01-26 19:50:49.898 +08:00 [INF] Application started. Press Ctrl+C to shut down.
2025-01-26 19:50:49.899 +08:00 [INF] Hosting environment: Development
2025-01-26 19:50:49.900 +08:00 [INF] Content root path: D:\Project\DotNetBackEnd\DotNetBackEndCleanArchitecture\DotNetBackEndCleanArchitecture\Presentation\DotNetBackEndService
2025-01-26 19:50:55.900 +08:00 [INF] HTTP GET / responded 404 in 2.0619 ms
2025-01-26 19:51:01.565 +08:00 [INF] AnnouncementServiceController QueryAnnAdmin START
2025-01-26 19:51:01.723 +08:00 [INF] AnnouncementRepository QueryAnnAdmin START
2025-01-26 19:51:02.260 +08:00 [INF] AnnouncementRepository QueryAnnAdmin END
2025-01-26 19:51:02.263 +08:00 [INF] AnnouncementServiceController QueryAnnAdmin END
2025-01-26 19:51:02.300 +08:00 [INF] HTTP POST /api/SystemMgmt/AnnouncementService/QueryAnnAdmin responded 200 in 980.9394 ms
2025-01-26 19:51:18.428 +08:00 [INF] AnnouncementServiceController QueryAnnAdmin START
2025-01-26 19:51:18.432 +08:00 [INF] AnnouncementRepository QueryAnnAdmin START
2025-01-26 19:51:18.443 +08:00 [INF] AnnouncementRepository QueryAnnAdmin END
2025-01-26 19:51:18.445 +08:00 [INF] AnnouncementServiceController QueryAnnAdmin END
2025-01-26 19:51:18.447 +08:00 [INF] HTTP POST /api/SystemMgmt/AnnouncementService/QueryAnnAdmin responded 200 in 31.4264 ms
2025-01-26 19:54:58.609 +08:00 [INF] Now listening on: http://localhost:5001
2025-01-26 19:54:58.629 +08:00 [INF] Application started. Press Ctrl+C to shut down.
2025-01-26 19:54:58.630 +08:00 [INF] Hosting environment: Development
2025-01-26 19:54:58.631 +08:00 [INF] Content root path: D:\Project\DotNetBackEnd\DotNetBackEndCleanArchitecture\DotNetBackEndCleanArchitecture\Presentation\DotNetBackEndService
2025-01-26 19:55:00.102 +08:00 [INF] HTTP GET / responded 404 in 3.2305 ms
2025-01-26 19:55:48.902 +08:00 [INF] Now listening on: http://localhost:5001
2025-01-26 19:55:48.924 +08:00 [INF] Application started. Press Ctrl+C to shut down.
2025-01-26 19:55:48.925 +08:00 [INF] Hosting environment: Development
2025-01-26 19:55:48.926 +08:00 [INF] Content root path: D:\Project\DotNetBackEnd\DotNetBackEndCleanArchitecture\DotNetBackEndCleanArchitecture\Presentation\DotNetBackEndService
2025-01-26 19:55:50.998 +08:00 [INF] HTTP GET / responded 404 in 5.4211 ms
2025-01-26 19:59:32.376 +08:00 [INF] Now listening on: http://localhost:5001
2025-01-26 19:59:32.394 +08:00 [INF] Application started. Press Ctrl+C to shut down.
2025-01-26 19:59:32.398 +08:00 [INF] Hosting environment: Development
2025-01-26 19:59:32.399 +08:00 [INF] Content root path: D:\Project\DotNetBackEnd\DotNetBackEndCleanArchitecture\DotNetBackEndCleanArchitecture\Presentation\DotNetBackEndService
2025-01-26 19:59:33.401 +08:00 [INF] HTTP GET / responded 404 in 10.0671 ms
2025-01-26 20:00:28.125 +08:00 [INF] Now listening on: http://localhost:5001
2025-01-26 20:00:28.173 +08:00 [INF] Application started. Press Ctrl+C to shut down.
2025-01-26 20:00:28.175 +08:00 [INF] Hosting environment: Development
2025-01-26 20:00:28.176 +08:00 [INF] Content root path: D:\Project\DotNetBackEnd\DotNetBackEndCleanArchitecture\DotNetBackEndCleanArchitecture\Presentation\DotNetBackEndService
2025-01-26 20:00:29.527 +08:00 [INF] HTTP GET / responded 404 in 2.7340 ms
2025-01-26 20:00:57.956 +08:00 [INF] AnnouncementServiceController QueryAnnAdmin START
2025-01-26 20:00:57.961 +08:00 [INF] AnnouncementRepository QueryAnnAdmin START
2025-01-26 20:00:58.318 +08:00 [INF] AnnouncementRepository QueryAnnAdmin END
2025-01-26 20:00:58.321 +08:00 [INF] AnnouncementServiceController QueryAnnAdmin END
2025-01-26 20:00:58.363 +08:00 [INF] HTTP POST /api/SystemMgmt/AnnouncementService/QueryAnnAdmin responded 200 in 582.8169 ms
2025-01-26 20:02:37.342 +08:00 [INF] AnnouncementServiceController PutAnnouncement START
2025-01-26 20:02:38.779 +08:00 [INF] AnnouncementRepository PutAnnouncement START
2025-01-26 20:02:40.770 +08:00 [INF] AnnouncementRepository PutAnnouncement END
2025-01-26 20:02:40.772 +08:00 [INF] AnnouncementServiceController PutAnnouncement END
2025-01-26 20:02:40.783 +08:00 [INF] HTTP POST /api/SystemMgmt/AnnouncementService/PutAnnouncement responded 200 in 3468.4886 ms
2025-01-26 20:02:42.581 +08:00 [INF] AnnouncementServiceController QueryAnnAdmin START
2025-01-26 20:02:42.582 +08:00 [INF] AnnouncementRepository QueryAnnAdmin START
2025-01-26 20:02:42.598 +08:00 [INF] AnnouncementRepository QueryAnnAdmin END
2025-01-26 20:02:42.605 +08:00 [INF] AnnouncementServiceController QueryAnnAdmin END
2025-01-26 20:02:42.607 +08:00 [INF] HTTP POST /api/SystemMgmt/AnnouncementService/QueryAnnAdmin responded 200 in 29.2197 ms
2025-01-26 20:03:08.805 +08:00 [INF] AnnouncementServiceController PutAnnouncement START
2025-01-26 20:03:09.764 +08:00 [INF] AnnouncementRepository PutAnnouncement START
2025-01-26 20:03:09.997 +08:00 [INF] AnnouncementRepository PutAnnouncement END
2025-01-26 20:03:09.998 +08:00 [INF] AnnouncementServiceController PutAnnouncement END
2025-01-26 20:03:09.999 +08:00 [INF] HTTP POST /api/SystemMgmt/AnnouncementService/PutAnnouncement responded 200 in 1197.2683 ms
2025-01-26 20:03:12.700 +08:00 [INF] AnnouncementServiceController QueryAnnAdmin START
2025-01-26 20:03:12.718 +08:00 [INF] AnnouncementRepository QueryAnnAdmin START
2025-01-26 20:03:12.724 +08:00 [INF] AnnouncementRepository QueryAnnAdmin END
2025-01-26 20:03:12.729 +08:00 [INF] AnnouncementServiceController QueryAnnAdmin END
2025-01-26 20:03:12.730 +08:00 [INF] HTTP POST /api/SystemMgmt/AnnouncementService/QueryAnnAdmin responded 200 in 31.2054 ms
2025-01-26 20:03:38.649 +08:00 [INF] AnnouncementServiceController QueryAnnAdmin START
2025-01-26 20:03:38.726 +08:00 [INF] AnnouncementRepository QueryAnnAdmin START
2025-01-26 20:03:38.734 +08:00 [INF] AnnouncementRepository QueryAnnAdmin END
2025-01-26 20:03:38.734 +08:00 [INF] AnnouncementServiceController QueryAnnAdmin END
2025-01-26 20:03:38.736 +08:00 [INF] HTTP POST /api/SystemMgmt/AnnouncementService/QueryAnnAdmin responded 200 in 294.4584 ms
2025-01-26 20:03:43.959 +08:00 [INF] AnnouncementServiceController QueryAnnAdmin START
2025-01-26 20:03:43.961 +08:00 [INF] AnnouncementRepository QueryAnnAdmin START
2025-01-26 20:03:43.978 +08:00 [INF] AnnouncementRepository QueryAnnAdmin END
2025-01-26 20:03:43.982 +08:00 [INF] AnnouncementServiceController QueryAnnAdmin END
2025-01-26 20:03:43.986 +08:00 [INF] HTTP POST /api/SystemMgmt/AnnouncementService/QueryAnnAdmin responded 200 in 28.0408 ms
2025-01-26 20:03:44.189 +08:00 [INF] AnnouncementServiceController QueryAnnAdmin START
2025-01-26 20:03:44.196 +08:00 [INF] AnnouncementRepository QueryAnnAdmin START
2025-01-26 20:03:44.203 +08:00 [INF] AnnouncementRepository QueryAnnAdmin END
2025-01-26 20:03:44.204 +08:00 [INF] AnnouncementServiceController QueryAnnAdmin END
2025-01-26 20:03:44.206 +08:00 [INF] HTTP POST /api/SystemMgmt/AnnouncementService/QueryAnnAdmin responded 200 in 18.1788 ms
