2025-02-10 05:07:25.272 +08:00 [INF] Now listening on: http://localhost:5001
2025-02-10 05:07:25.378 +08:00 [INF] Application started. Press Ctrl+C to shut down.
2025-02-10 05:07:26.418 +08:00 [INF] Hosting environment: Development
2025-02-10 05:07:26.419 +08:00 [INF] Content root path: D:\Project\DotNetBackEnd\DotNetBackEndCleanArchitecture\DotNetBackEndCleanArchitecture\Presentation\DotNetBackEndService
2025-02-10 05:07:32.336 +08:00 [INF] HTTP GET / responded 404 in 2.5610 ms
2025-02-10 05:09:07.848 +08:00 [INF] Now listening on: http://localhost:5001
2025-02-10 05:09:07.863 +08:00 [INF] Application started. Press Ctrl+C to shut down.
2025-02-10 05:09:07.865 +08:00 [INF] Hosting environment: Development
2025-02-10 05:09:07.867 +08:00 [INF] Content root path: D:\Project\DotNetBackEnd\DotNetBackEndCleanArchitecture\DotNetBackEndCleanArchitecture\Presentation\DotNetBackEndService
2025-02-10 05:09:10.192 +08:00 [INF] HTTP GET / responded 404 in 1.9402 ms
2025-02-10 05:11:20.072 +08:00 [INF] Now listening on: http://localhost:5001
2025-02-10 05:11:20.090 +08:00 [INF] Application started. Press Ctrl+C to shut down.
2025-02-10 05:11:20.092 +08:00 [INF] Hosting environment: Development
2025-02-10 05:11:20.095 +08:00 [INF] Content root path: D:\Project\DotNetBackEnd\DotNetBackEndCleanArchitecture\DotNetBackEndCleanArchitecture\Presentation\DotNetBackEndService
2025-02-10 05:11:23.334 +08:00 [INF] HTTP GET / responded 404 in 2.1699 ms
2025-02-10 05:14:31.056 +08:00 [INF] Now listening on: http://localhost:5001
2025-02-10 05:14:31.073 +08:00 [INF] Application started. Press Ctrl+C to shut down.
2025-02-10 05:14:31.074 +08:00 [INF] Hosting environment: Development
2025-02-10 05:14:31.075 +08:00 [INF] Content root path: D:\Project\DotNetBackEnd\DotNetBackEndCleanArchitecture\DotNetBackEndCleanArchitecture\Presentation\DotNetBackEndService
2025-02-10 05:14:35.909 +08:00 [INF] HTTP GET / responded 404 in 23.6088 ms
2025-02-10 05:40:15.202 +08:00 [INF] Now listening on: http://localhost:5001
2025-02-10 05:40:19.875 +08:00 [INF] Application started. Press Ctrl+C to shut down.
2025-02-10 05:40:19.877 +08:00 [INF] Hosting environment: Development
2025-02-10 05:40:19.929 +08:00 [INF] Content root path: D:\Project\DotNetBackEnd\DotNetBackEndCleanArchitecture\DotNetBackEndCleanArchitecture\Presentation\DotNetBackEndService
2025-02-10 05:40:20.140 +08:00 [INF] HTTP GET / responded 404 in 2.8862 ms
2025-02-10 05:40:48.829 +08:00 [INF] HTTP POST /api/FinancialMgmt/PointConversionService/PostPointConversion responded 404 in 0.2720 ms
2025-02-10 05:42:13.619 +08:00 [INF] HTTP POST /api/FinancialMgmt/PointConversionService/PostPointConversion responded 404 in 0.0319 ms
2025-02-10 05:42:53.045 +08:00 [INF] Now listening on: http://localhost:5001
2025-02-10 05:42:53.060 +08:00 [INF] Application started. Press Ctrl+C to shut down.
2025-02-10 05:42:53.061 +08:00 [INF] Hosting environment: Development
2025-02-10 05:42:53.062 +08:00 [INF] Content root path: D:\Project\DotNetBackEnd\DotNetBackEndCleanArchitecture\DotNetBackEndCleanArchitecture\Presentation\DotNetBackEndService
2025-02-10 05:42:57.924 +08:00 [INF] HTTP GET / responded 404 in 1.6691 ms
2025-02-10 05:43:23.764 +08:00 [INF] PointConversionServiceController PostPointConversion START
2025-02-10 05:43:23.771 +08:00 [INF] PointConversionRepository PostPointConversion START
2025-02-10 05:43:40.661 +08:00 [INF] PointConversionServiceController PostPointConversion Cannot access a disposed object.
Object name: 'MySqlConnector.MySqlTransaction'.
2025-02-10 05:43:40.665 +08:00 [INF] PointConversionServiceController PostPointConversion END
2025-02-10 05:43:40.691 +08:00 [INF] HTTP POST /api/FinancialMgmt/PointConversionService/PostPointConversion responded 200 in 17202.9839 ms
2025-02-10 05:43:51.868 +08:00 [INF] PointConversionServiceController PostPointConversion START
2025-02-10 05:43:51.871 +08:00 [INF] PointConversionRepository PostPointConversion START
2025-02-10 05:43:53.547 +08:00 [INF] PointConversionServiceController PostPointConversion Cannot access a disposed object.
Object name: 'MySqlConnector.MySqlTransaction'.
2025-02-10 05:43:53.550 +08:00 [INF] PointConversionServiceController PostPointConversion END
2025-02-10 05:43:53.554 +08:00 [INF] HTTP POST /api/FinancialMgmt/PointConversionService/PostPointConversion responded 200 in 1695.1227 ms
2025-02-10 05:43:56.294 +08:00 [INF] PointConversionServiceController PostPointConversion START
2025-02-10 05:43:56.296 +08:00 [INF] PointConversionRepository PostPointConversion START
2025-02-10 05:45:05.020 +08:00 [INF] Now listening on: http://localhost:5001
2025-02-10 05:45:05.077 +08:00 [INF] Application started. Press Ctrl+C to shut down.
2025-02-10 05:45:05.160 +08:00 [INF] Hosting environment: Development
2025-02-10 05:45:06.629 +08:00 [INF] Content root path: D:\Project\DotNetBackEnd\DotNetBackEndCleanArchitecture\DotNetBackEndCleanArchitecture\Presentation\DotNetBackEndService
2025-02-10 05:45:07.049 +08:00 [INF] HTTP GET / responded 404 in 2.5160 ms
2025-02-10 06:03:02.312 +08:00 [INF] PointConversionServiceController PostPointConversion START
2025-02-10 06:03:02.449 +08:00 [INF] PointConversionRepository PostPointConversion START
2025-02-10 06:03:12.087 +08:00 [INF] PointConversionServiceController PostPointConversion END
2025-02-10 06:03:12.128 +08:00 [INF] HTTP POST /api/FinancialMgmt/PointConversionService/PostPointConversion responded 200 in 10739.1248 ms
2025-02-10 06:03:19.748 +08:00 [INF] PointConversionServiceController PostPointConversion START
2025-02-10 06:03:19.750 +08:00 [INF] PointConversionRepository PostPointConversion START
2025-02-10 06:03:43.984 +08:00 [INF] PointConversionRepository PostPointConversion END
2025-02-10 06:03:44.008 +08:00 [INF] PointConversionServiceController PostPointConversion END
2025-02-10 06:03:44.010 +08:00 [INF] HTTP POST /api/FinancialMgmt/PointConversionService/PostPointConversion responded 200 in 24267.3343 ms
2025-02-10 06:04:26.246 +08:00 [INF] HTTP POST /api/FinancialMgmt/PointConversionService/PsotGiftPoint responded 404 in 0.0235 ms
2025-02-10 06:05:50.680 +08:00 [INF] HTTP POST /api/FinancialMgmt/PointConversionService/PsotGiftPoint responded 404 in 0.0173 ms
2025-02-10 06:06:11.456 +08:00 [INF] PointConversionServiceController PostGiftPoint START
2025-02-10 06:06:11.467 +08:00 [INF] PointConversionRepository PostGiftPoint START
2025-02-10 06:06:22.889 +08:00 [INF] PointConversionServiceController PostGiftPoint END
2025-02-10 06:06:22.910 +08:00 [INF] HTTP POST /api/FinancialMgmt/PointConversionService/PostGiftPoint responded 200 in 11472.4463 ms
2025-02-10 06:06:30.771 +08:00 [INF] PointConversionServiceController PostGiftPoint START
2025-02-10 06:06:30.778 +08:00 [INF] PointConversionRepository PostGiftPoint START
2025-02-10 06:07:07.180 +08:00 [INF] PointConversionRepository PostGiftPoint END
2025-02-10 06:07:07.197 +08:00 [INF] PointConversionServiceController PostGiftPoint END
2025-02-10 06:07:07.199 +08:00 [INF] HTTP POST /api/FinancialMgmt/PointConversionService/PostGiftPoint responded 200 in 36428.4545 ms
2025-02-10 06:07:19.873 +08:00 [INF] PointConversionServiceController PostGiftPoint START
2025-02-10 06:07:19.886 +08:00 [INF] PointConversionRepository PostGiftPoint START
2025-02-10 06:07:35.567 +08:00 [INF] PointConversionRepository PostGiftPoint Sequence contains no elements
2025-02-10 06:07:35.569 +08:00 [INF] PointConversionRepository PostGiftPoint END
2025-02-10 06:07:35.571 +08:00 [INF] PointConversionServiceController PostGiftPoint END
2025-02-10 06:07:35.572 +08:00 [INF] HTTP POST /api/FinancialMgmt/PointConversionService/PostGiftPoint responded 200 in 15700.2293 ms
2025-02-10 06:09:24.773 +08:00 [INF] Now listening on: http://localhost:5001
2025-02-10 06:09:25.307 +08:00 [INF] Application started. Press Ctrl+C to shut down.
2025-02-10 06:09:25.384 +08:00 [INF] Hosting environment: Development
2025-02-10 06:09:25.395 +08:00 [INF] Content root path: D:\Project\DotNetBackEnd\DotNetBackEndCleanArchitecture\DotNetBackEndCleanArchitecture\Presentation\DotNetBackEndService
2025-02-10 06:09:29.007 +08:00 [INF] HTTP GET / responded 404 in 3.0145 ms
2025-02-10 06:09:42.103 +08:00 [INF] PointConversionServiceController PostGiftPoint START
2025-02-10 06:09:42.123 +08:00 [INF] PointConversionRepository PostGiftPoint START
2025-02-10 06:09:59.469 +08:00 [INF] PointConversionServiceController PostGiftPoint Cannot access a disposed object.
Object name: 'MySqlConnector.MySqlTransaction'.
2025-02-10 06:09:59.473 +08:00 [INF] PointConversionServiceController PostGiftPoint END
2025-02-10 06:09:59.498 +08:00 [INF] HTTP POST /api/FinancialMgmt/PointConversionService/PostGiftPoint responded 200 in 17641.8487 ms
2025-02-10 06:12:36.391 +08:00 [INF] Now listening on: http://localhost:5001
2025-02-10 06:12:36.408 +08:00 [INF] Application started. Press Ctrl+C to shut down.
2025-02-10 06:12:36.411 +08:00 [INF] Hosting environment: Development
2025-02-10 06:12:36.412 +08:00 [INF] Content root path: D:\Project\DotNetBackEnd\DotNetBackEndCleanArchitecture\DotNetBackEndCleanArchitecture\Presentation\DotNetBackEndService
2025-02-10 06:12:39.518 +08:00 [INF] HTTP GET / responded 404 in 3.1116 ms
2025-02-10 06:12:52.943 +08:00 [INF] PointConversionServiceController PostGiftPoint START
2025-02-10 06:12:52.949 +08:00 [INF] PointConversionRepository PostGiftPoint START
2025-02-10 06:12:56.804 +08:00 [INF] PointConversionServiceController PostGiftPoint END
2025-02-10 06:12:56.829 +08:00 [INF] HTTP POST /api/FinancialMgmt/PointConversionService/PostGiftPoint responded 200 in 4063.9909 ms
2025-02-10 06:13:06.776 +08:00 [INF] PointConversionServiceController PostGiftPoint START
2025-02-10 06:13:06.969 +08:00 [INF] PointConversionRepository PostGiftPoint START
2025-02-10 06:13:09.636 +08:00 [INF] PointConversionRepository PostGiftPoint END
2025-02-10 06:13:09.638 +08:00 [INF] PointConversionServiceController PostGiftPoint END
2025-02-10 06:13:09.640 +08:00 [INF] HTTP POST /api/FinancialMgmt/PointConversionService/PostGiftPoint responded 200 in 2952.4334 ms
2025-02-10 06:13:19.743 +08:00 [INF] PointConversionServiceController PostGiftPoint START
2025-02-10 06:13:19.770 +08:00 [INF] PointConversionRepository PostGiftPoint START
2025-02-10 06:13:24.084 +08:00 [INF] PointConversionRepository PostGiftPoint END
2025-02-10 06:13:24.086 +08:00 [INF] PointConversionServiceController PostGiftPoint END
2025-02-10 06:13:24.088 +08:00 [INF] HTTP POST /api/FinancialMgmt/PointConversionService/PostGiftPoint responded 200 in 4423.8083 ms
2025-02-10 15:39:24.428 +08:00 [INF] Now listening on: http://localhost:5001
2025-02-10 15:39:24.456 +08:00 [INF] Application started. Press Ctrl+C to shut down.
2025-02-10 15:39:24.457 +08:00 [INF] Hosting environment: Development
2025-02-10 15:39:24.459 +08:00 [INF] Content root path: D:\Project\DotNetBackEnd\DotNetBackEndCleanArchitecture\DotNetBackEndCleanArchitecture\Presentation\DotNetBackEndService
2025-02-10 15:39:28.972 +08:00 [INF] HTTP GET / responded 404 in 2.7156 ms
2025-02-10 15:40:41.851 +08:00 [INF] PointConversionServiceController PostPointConversion START
2025-02-10 15:40:41.857 +08:00 [INF] PointConversionRepository PostPointConversion START
2025-02-10 15:40:46.105 +08:00 [INF] PointConversionRepository PostPointConversion END
2025-02-10 15:40:47.920 +08:00 [INF] PointConversionServiceController PostPointConversion END
2025-02-10 15:40:47.971 +08:00 [INF] HTTP POST /api/FinancialMgmt/PointConversionService/PostPointConversion responded 200 in 6325.2095 ms
2025-02-10 15:41:12.863 +08:00 [INF] PointConversionServiceController PostGiftPoint START
2025-02-10 15:41:12.869 +08:00 [INF] PointConversionRepository PostGiftPoint START
2025-02-10 15:41:15.638 +08:00 [INF] PointConversionRepository PostGiftPoint END
2025-02-10 15:41:15.639 +08:00 [INF] PointConversionServiceController PostGiftPoint END
2025-02-10 15:41:15.641 +08:00 [INF] HTTP POST /api/FinancialMgmt/PointConversionService/PostGiftPoint responded 200 in 2805.5624 ms
2025-02-10 16:06:41.371 +08:00 [INF] Now listening on: http://localhost:5001
2025-02-10 16:06:41.382 +08:00 [INF] Application started. Press Ctrl+C to shut down.
2025-02-10 16:06:41.383 +08:00 [INF] Hosting environment: Development
2025-02-10 16:06:41.384 +08:00 [INF] Content root path: D:\Project\DotNetBackEnd\DotNetBackEndCleanArchitecture\DotNetBackEndCleanArchitecture\Presentation\DotNetBackEndService
2025-02-10 16:06:51.232 +08:00 [INF] HTTP GET / responded 404 in 1.7029 ms
2025-02-10 16:07:51.373 +08:00 [INF] PointConversionServiceController PostGiftPoint START
2025-02-10 16:07:51.379 +08:00 [INF] PointConversionRepository PostGiftPoint START
2025-02-10 16:07:57.605 +08:00 [INF] PointConversionRepository PostGiftPoint END
2025-02-10 16:07:57.608 +08:00 [INF] PointConversionServiceController PostGiftPoint END
2025-02-10 16:07:57.641 +08:00 [INF] HTTP POST /api/FinancialMgmt/PointConversionService/PostGiftPoint responded 200 in 6459.5584 ms
2025-02-10 16:08:13.454 +08:00 [INF] PointConversionServiceController PostGiftPoint START
2025-02-10 16:08:13.456 +08:00 [INF] PointConversionRepository PostGiftPoint START
2025-02-10 16:08:16.001 +08:00 [INF] PointConversionServiceController PostGiftPoint END
2025-02-10 16:08:16.003 +08:00 [INF] HTTP POST /api/FinancialMgmt/PointConversionService/PostGiftPoint responded 200 in 2554.4903 ms
