2024-08-15 10:46:52.369 +08:00 [INF] Now listening on: http://localhost:5001
2024-08-15 10:46:52.454 +08:00 [INF] Application started. Press Ctrl+C to shut down.
2024-08-15 10:46:52.456 +08:00 [INF] Hosting environment: Development
2024-08-15 10:46:52.457 +08:00 [INF] Content root path: D:\Project\DotNetBackEnd\DotNetBackEndCleanArchitecture\DotNetBackEndCleanArchitecture\Presentation\DotNetBackEndService
2024-08-15 10:46:59.656 +08:00 [INF] HTTP GET / responded 404 in 11.3507 ms
2024-08-15 10:48:39.394 +08:00 [INF] Now listening on: http://localhost:5001
2024-08-15 10:48:39.504 +08:00 [INF] Application started. Press Ctrl+C to shut down.
2024-08-15 10:48:39.508 +08:00 [INF] Hosting environment: Development
2024-08-15 10:48:39.510 +08:00 [INF] Content root path: D:\Project\DotNetBackEnd\DotNetBackEndCleanArchitecture\DotNetBackEndCleanArchitecture\Presentation\DotNetBackEndService
2024-08-15 10:48:41.824 +08:00 [INF] HTTP GET / responded 404 in 10.1666 ms
2024-08-15 10:48:59.529 +08:00 [INF] SpsServiceController QuerySps START
2024-08-15 10:48:59.647 +08:00 [INF] SpsRepository QueryWallet START
2024-08-15 10:49:02.276 +08:00 [INF] SpsRepository QueryWallet END
2024-08-15 10:49:02.304 +08:00 [INF] SpsServiceController QuerySps END
2024-08-15 10:49:02.354 +08:00 [INF] HTTP POST /api/SystemMgmt/SpsService/QuerySps responded 200 in 3455.8617 ms
2024-08-15 13:34:04.200 +08:00 [INF] Now listening on: http://localhost:5001
2024-08-15 13:34:04.228 +08:00 [INF] Application started. Press Ctrl+C to shut down.
2024-08-15 13:34:04.991 +08:00 [INF] Hosting environment: Development
2024-08-15 13:34:20.461 +08:00 [INF] HTTP GET / responded 404 in 2.9916 ms
2024-08-15 13:34:20.547 +08:00 [INF] Content root path: D:\Project\DotNetBackEnd\DotNetBackEndCleanArchitecture\DotNetBackEndCleanArchitecture\Presentation\DotNetBackEndService
2024-08-15 13:34:51.676 +08:00 [INF] SpsServiceController QuerySps START
2024-08-15 13:34:51.682 +08:00 [INF] SpsRepository QueryWallet START
2024-08-15 13:34:52.795 +08:00 [INF] SpsRepository QueryWallet END
2024-08-15 13:34:52.800 +08:00 [INF] SpsServiceController QuerySps END
2024-08-15 13:34:52.870 +08:00 [INF] HTTP POST /api/SystemMgmt/SpsService/QuerySps responded 200 in 1375.9018 ms
2024-08-15 13:34:53.494 +08:00 [INF] SpsServiceController QuerySps START
2024-08-15 13:34:53.509 +08:00 [INF] SpsRepository QueryWallet START
2024-08-15 13:34:53.519 +08:00 [INF] SpsRepository QueryWallet END
2024-08-15 13:34:53.520 +08:00 [INF] SpsServiceController QuerySps END
2024-08-15 13:34:53.524 +08:00 [INF] HTTP POST /api/SystemMgmt/SpsService/QuerySps responded 200 in 54.8655 ms
2024-08-15 13:39:36.656 +08:00 [INF] SpsServiceController QuerySps START
2024-08-15 13:39:36.660 +08:00 [INF] SpsRepository QueryWallet START
2024-08-15 13:39:36.665 +08:00 [INF] SpsRepository QueryWallet END
2024-08-15 13:39:36.668 +08:00 [INF] SpsServiceController QuerySps END
2024-08-15 13:39:36.672 +08:00 [INF] HTTP POST /api/SystemMgmt/SpsService/QuerySps responded 200 in 20.8725 ms
2024-08-15 13:40:16.661 +08:00 [INF] SpsServiceController QuerySps START
2024-08-15 13:40:16.676 +08:00 [INF] SpsRepository QueryWallet START
2024-08-15 13:40:16.680 +08:00 [INF] SpsRepository QueryWallet END
2024-08-15 13:40:16.686 +08:00 [INF] SpsServiceController QuerySps END
2024-08-15 13:40:16.687 +08:00 [INF] HTTP POST /api/SystemMgmt/SpsService/QuerySps responded 200 in 27.0662 ms
2024-08-15 13:41:04.110 +08:00 [INF] SpsServiceController QuerySps START
2024-08-15 13:41:04.125 +08:00 [INF] SpsRepository QueryWallet START
2024-08-15 13:41:04.130 +08:00 [INF] SpsRepository QueryWallet END
2024-08-15 13:41:04.133 +08:00 [INF] SpsServiceController QuerySps END
2024-08-15 13:41:04.134 +08:00 [INF] HTTP POST /api/SystemMgmt/SpsService/QuerySps responded 200 in 24.8481 ms
2024-08-15 13:43:14.381 +08:00 [INF] SpsServiceController QuerySps START
2024-08-15 13:43:14.382 +08:00 [INF] SpsRepository QueryWallet START
2024-08-15 13:43:14.389 +08:00 [INF] SpsRepository QueryWallet END
2024-08-15 13:43:14.391 +08:00 [INF] SpsServiceController QuerySps END
2024-08-15 13:43:14.394 +08:00 [INF] HTTP POST /api/SystemMgmt/SpsService/QuerySps responded 200 in 13.8971 ms
2024-08-15 13:46:27.471 +08:00 [INF] SpsServiceController QuerySps START
2024-08-15 13:46:27.471 +08:00 [INF] SpsRepository QueryWallet START
2024-08-15 13:46:27.475 +08:00 [INF] SpsRepository QueryWallet END
2024-08-15 13:46:27.476 +08:00 [INF] SpsServiceController QuerySps END
2024-08-15 13:46:27.479 +08:00 [INF] HTTP POST /api/SystemMgmt/SpsService/QuerySps responded 200 in 9.0494 ms
2024-08-15 13:46:47.221 +08:00 [INF] SpsServiceController QuerySps START
2024-08-15 13:46:47.227 +08:00 [INF] SpsRepository QueryWallet START
2024-08-15 13:46:47.231 +08:00 [INF] SpsRepository QueryWallet END
2024-08-15 13:46:47.234 +08:00 [INF] SpsServiceController QuerySps END
2024-08-15 13:46:47.237 +08:00 [INF] HTTP POST /api/SystemMgmt/SpsService/QuerySps responded 200 in 21.0849 ms
2024-08-15 14:25:03.579 +08:00 [INF] SpsServiceController QuerySps START
2024-08-15 14:25:03.616 +08:00 [INF] SpsRepository QueryWallet START
2024-08-15 14:25:03.631 +08:00 [INF] SpsRepository QueryWallet END
2024-08-15 14:25:03.633 +08:00 [INF] SpsServiceController QuerySps END
2024-08-15 14:25:03.636 +08:00 [INF] HTTP POST /api/SystemMgmt/SpsService/QuerySps responded 200 in 67.5966 ms
2024-08-15 14:25:07.280 +08:00 [INF] SpsServiceController QuerySps START
2024-08-15 14:25:07.281 +08:00 [INF] SpsRepository QueryWallet START
2024-08-15 14:25:07.291 +08:00 [INF] SpsRepository QueryWallet END
2024-08-15 14:25:07.294 +08:00 [INF] SpsServiceController QuerySps END
2024-08-15 14:25:07.296 +08:00 [INF] HTTP POST /api/SystemMgmt/SpsService/QuerySps responded 200 in 17.6101 ms
2024-08-15 14:26:35.615 +08:00 [INF] SpsServiceController QuerySps START
2024-08-15 14:26:35.635 +08:00 [INF] SpsRepository QueryWallet START
2024-08-15 14:26:35.637 +08:00 [INF] SpsRepository QueryWallet END
2024-08-15 14:26:35.640 +08:00 [INF] SpsServiceController QuerySps END
2024-08-15 14:26:35.643 +08:00 [INF] HTTP POST /api/SystemMgmt/SpsService/QuerySps responded 200 in 29.6695 ms
2024-08-15 14:27:35.012 +08:00 [INF] SpsServiceController QuerySps START
2024-08-15 14:27:35.012 +08:00 [INF] SpsRepository QueryWallet START
2024-08-15 14:27:35.015 +08:00 [INF] SpsRepository QueryWallet END
2024-08-15 14:27:35.016 +08:00 [INF] SpsServiceController QuerySps END
2024-08-15 14:27:35.019 +08:00 [INF] HTTP POST /api/SystemMgmt/SpsService/QuerySps responded 200 in 8.0399 ms
2024-08-15 14:28:54.709 +08:00 [INF] SpsServiceController QuerySps START
2024-08-15 14:28:54.718 +08:00 [INF] SpsRepository QueryWallet START
2024-08-15 14:28:54.724 +08:00 [INF] SpsRepository QueryWallet END
2024-08-15 14:28:54.726 +08:00 [INF] SpsServiceController QuerySps END
2024-08-15 14:28:54.728 +08:00 [INF] HTTP POST /api/SystemMgmt/SpsService/QuerySps responded 200 in 20.0775 ms
2024-08-15 14:34:50.835 +08:00 [INF] SpsServiceController QuerySps START
2024-08-15 14:34:51.024 +08:00 [INF] SpsRepository QueryWallet START
2024-08-15 14:34:51.194 +08:00 [INF] SpsRepository QueryWallet END
2024-08-15 14:34:51.198 +08:00 [INF] SpsServiceController QuerySps END
2024-08-15 14:34:51.201 +08:00 [INF] HTTP POST /api/SystemMgmt/SpsService/QuerySps responded 200 in 368.9968 ms
2024-08-15 14:35:14.392 +08:00 [INF] SpsServiceController QuerySps START
2024-08-15 14:35:14.428 +08:00 [INF] SpsRepository QueryWallet START
2024-08-15 14:35:14.433 +08:00 [INF] SpsRepository QueryWallet END
2024-08-15 14:35:14.435 +08:00 [INF] SpsServiceController QuerySps END
2024-08-15 14:35:14.438 +08:00 [INF] HTTP POST /api/SystemMgmt/SpsService/QuerySps responded 200 in 45.9697 ms
2024-08-15 14:35:18.215 +08:00 [INF] SpsServiceController QuerySps START
2024-08-15 14:35:18.217 +08:00 [INF] SpsRepository QueryWallet START
2024-08-15 14:35:18.223 +08:00 [INF] SpsRepository QueryWallet END
2024-08-15 14:35:18.224 +08:00 [INF] SpsServiceController QuerySps END
2024-08-15 14:35:18.226 +08:00 [INF] HTTP POST /api/SystemMgmt/SpsService/QuerySps responded 200 in 18.9709 ms
2024-08-15 14:36:02.673 +08:00 [INF] SpsServiceController QuerySps START
2024-08-15 14:36:02.677 +08:00 [INF] SpsRepository QueryWallet START
2024-08-15 14:36:02.680 +08:00 [INF] SpsRepository QueryWallet END
2024-08-15 14:36:02.681 +08:00 [INF] SpsServiceController QuerySps END
2024-08-15 14:36:02.682 +08:00 [INF] HTTP POST /api/SystemMgmt/SpsService/QuerySps responded 200 in 9.4304 ms
2024-08-15 14:38:39.605 +08:00 [INF] SpsServiceController QuerySps START
2024-08-15 14:38:39.610 +08:00 [INF] SpsRepository QueryWallet START
2024-08-15 14:38:39.617 +08:00 [INF] SpsRepository QueryWallet END
2024-08-15 14:38:39.619 +08:00 [INF] SpsServiceController QuerySps END
2024-08-15 14:38:39.624 +08:00 [INF] HTTP POST /api/SystemMgmt/SpsService/QuerySps responded 200 in 28.9426 ms
2024-08-15 14:49:27.920 +08:00 [INF] SpsServiceController QuerySps START
2024-08-15 14:49:27.922 +08:00 [INF] SpsRepository QueryWallet START
2024-08-15 14:49:27.928 +08:00 [INF] SpsRepository QueryWallet END
2024-08-15 14:49:27.930 +08:00 [INF] SpsServiceController QuerySps END
2024-08-15 14:49:27.932 +08:00 [INF] HTTP POST /api/SystemMgmt/SpsService/QuerySps responded 200 in 12.8036 ms
2024-08-15 14:50:35.052 +08:00 [INF] SpsServiceController QuerySps START
2024-08-15 14:50:35.054 +08:00 [INF] SpsRepository QueryWallet START
2024-08-15 14:50:35.056 +08:00 [INF] SpsRepository QueryWallet END
2024-08-15 14:50:35.056 +08:00 [INF] SpsServiceController QuerySps END
2024-08-15 14:50:35.057 +08:00 [INF] HTTP POST /api/SystemMgmt/SpsService/QuerySps responded 200 in 12.4237 ms
2024-08-15 14:52:10.416 +08:00 [INF] SpsServiceController QuerySps START
2024-08-15 14:52:10.418 +08:00 [INF] SpsRepository QueryWallet START
2024-08-15 14:52:10.425 +08:00 [INF] SpsRepository QueryWallet END
2024-08-15 14:52:10.427 +08:00 [INF] SpsServiceController QuerySps END
2024-08-15 14:52:10.432 +08:00 [INF] HTTP POST /api/SystemMgmt/SpsService/QuerySps responded 200 in 17.6621 ms
2024-08-15 14:52:30.315 +08:00 [INF] SpsServiceController QuerySps START
2024-08-15 14:52:30.325 +08:00 [INF] SpsRepository QueryWallet START
2024-08-15 14:52:30.339 +08:00 [INF] SpsRepository QueryWallet END
2024-08-15 14:52:30.344 +08:00 [INF] SpsServiceController QuerySps END
2024-08-15 14:52:30.356 +08:00 [INF] HTTP POST /api/SystemMgmt/SpsService/QuerySps responded 200 in 41.4883 ms
2024-08-15 14:52:32.435 +08:00 [INF] SpsServiceController QuerySps START
2024-08-15 14:52:32.475 +08:00 [INF] SpsRepository QueryWallet START
2024-08-15 14:52:32.495 +08:00 [INF] SpsRepository QueryWallet END
2024-08-15 14:52:32.497 +08:00 [INF] SpsServiceController QuerySps END
2024-08-15 14:52:32.499 +08:00 [INF] HTTP POST /api/SystemMgmt/SpsService/QuerySps responded 200 in 67.0606 ms
2024-08-15 14:52:33.378 +08:00 [INF] SpsServiceController QuerySps START
2024-08-15 14:52:33.381 +08:00 [INF] SpsRepository QueryWallet START
2024-08-15 14:52:33.384 +08:00 [INF] SpsRepository QueryWallet END
2024-08-15 14:52:33.384 +08:00 [INF] SpsServiceController QuerySps END
2024-08-15 14:52:33.385 +08:00 [INF] HTTP POST /api/SystemMgmt/SpsService/QuerySps responded 200 in 8.5025 ms
2024-08-15 14:52:33.493 +08:00 [INF] SpsServiceController QuerySps START
2024-08-15 14:52:33.497 +08:00 [INF] SpsRepository QueryWallet START
2024-08-15 14:52:33.511 +08:00 [INF] SpsRepository QueryWallet END
2024-08-15 14:52:33.511 +08:00 [INF] SpsServiceController QuerySps END
2024-08-15 14:52:33.513 +08:00 [INF] HTTP POST /api/SystemMgmt/SpsService/QuerySps responded 200 in 32.4617 ms
2024-08-15 14:52:34.014 +08:00 [INF] SpsServiceController QuerySps START
2024-08-15 14:52:34.017 +08:00 [INF] SpsRepository QueryWallet START
2024-08-15 14:52:34.020 +08:00 [INF] SpsRepository QueryWallet END
2024-08-15 14:52:34.028 +08:00 [INF] SpsServiceController QuerySps END
2024-08-15 14:52:34.030 +08:00 [INF] HTTP POST /api/SystemMgmt/SpsService/QuerySps responded 200 in 16.4727 ms
2024-08-15 14:52:37.458 +08:00 [INF] SpsServiceController QuerySps START
2024-08-15 14:52:37.463 +08:00 [INF] SpsRepository QueryWallet START
2024-08-15 14:52:37.468 +08:00 [INF] SpsRepository QueryWallet END
2024-08-15 14:52:37.471 +08:00 [INF] SpsServiceController QuerySps END
2024-08-15 14:52:37.473 +08:00 [INF] HTTP POST /api/SystemMgmt/SpsService/QuerySps responded 200 in 16.1565 ms
2024-08-15 14:57:24.446 +08:00 [INF] SpsServiceController QuerySps START
2024-08-15 14:57:24.449 +08:00 [INF] SpsRepository QueryWallet START
2024-08-15 14:57:24.459 +08:00 [INF] SpsRepository QueryWallet END
2024-08-15 14:57:24.459 +08:00 [INF] SpsServiceController QuerySps END
2024-08-15 14:57:24.460 +08:00 [INF] HTTP POST /api/SystemMgmt/SpsService/QuerySps responded 200 in 16.1164 ms
2024-08-15 14:59:18.128 +08:00 [INF] SpsServiceController QuerySps START
2024-08-15 14:59:18.133 +08:00 [INF] SpsRepository QueryWallet START
2024-08-15 14:59:18.148 +08:00 [INF] SpsRepository QueryWallet END
2024-08-15 14:59:18.151 +08:00 [INF] SpsServiceController QuerySps END
2024-08-15 14:59:18.152 +08:00 [INF] HTTP POST /api/SystemMgmt/SpsService/QuerySps responded 200 in 29.8903 ms
2024-08-15 15:00:27.699 +08:00 [INF] SpsServiceController QuerySps START
2024-08-15 15:00:28.080 +08:00 [INF] SpsRepository QueryWallet START
2024-08-15 15:00:28.087 +08:00 [INF] SpsRepository QueryWallet END
2024-08-15 15:00:28.089 +08:00 [INF] SpsServiceController QuerySps END
2024-08-15 15:00:28.091 +08:00 [INF] HTTP POST /api/SystemMgmt/SpsService/QuerySps responded 200 in 400.6403 ms
2024-08-15 15:00:30.905 +08:00 [INF] SpsServiceController QuerySps START
2024-08-15 15:00:30.907 +08:00 [INF] SpsRepository QueryWallet START
2024-08-15 15:00:30.914 +08:00 [INF] SpsRepository QueryWallet END
2024-08-15 15:00:30.916 +08:00 [INF] SpsServiceController QuerySps END
2024-08-15 15:00:30.919 +08:00 [INF] HTTP POST /api/SystemMgmt/SpsService/QuerySps responded 200 in 14.8361 ms
2024-08-15 15:21:06.770 +08:00 [INF] SpsServiceController QuerySps START
2024-08-15 15:21:06.848 +08:00 [INF] SpsRepository QueryWallet START
2024-08-15 15:21:06.886 +08:00 [INF] SpsRepository QueryWallet END
2024-08-15 15:21:06.900 +08:00 [INF] SpsServiceController QuerySps END
2024-08-15 15:21:06.901 +08:00 [INF] HTTP POST /api/SystemMgmt/SpsService/QuerySps responded 200 in 132.9780 ms
2024-08-15 15:21:35.359 +08:00 [INF] SpsServiceController QuerySps START
2024-08-15 15:21:35.366 +08:00 [INF] SpsRepository QueryWallet START
2024-08-15 15:21:35.370 +08:00 [INF] SpsRepository QueryWallet END
2024-08-15 15:21:35.371 +08:00 [INF] SpsServiceController QuerySps END
2024-08-15 15:21:35.374 +08:00 [INF] HTTP POST /api/SystemMgmt/SpsService/QuerySps responded 200 in 15.1965 ms
2024-08-15 15:47:38.678 +08:00 [INF] Now listening on: http://localhost:5001
2024-08-15 15:47:39.039 +08:00 [INF] Application started. Press Ctrl+C to shut down.
2024-08-15 15:47:39.045 +08:00 [INF] Hosting environment: Development
2024-08-15 15:47:39.066 +08:00 [INF] Content root path: D:\Project\DotNetBackEnd\DotNetBackEndCleanArchitecture\DotNetBackEndCleanArchitecture\Presentation\DotNetBackEndService
2024-08-15 15:47:49.331 +08:00 [INF] HTTP GET / responded 404 in 2.7435 ms
2024-08-15 16:07:42.363 +08:00 [INF] Now listening on: http://localhost:5001
2024-08-15 16:07:42.382 +08:00 [INF] Application started. Press Ctrl+C to shut down.
2024-08-15 16:07:42.390 +08:00 [INF] Hosting environment: Development
2024-08-15 16:07:42.391 +08:00 [INF] Content root path: D:\Project\DotNetBackEnd\DotNetBackEndCleanArchitecture\DotNetBackEndCleanArchitecture\Presentation\DotNetBackEndService
2024-08-15 16:07:45.242 +08:00 [INF] HTTP GET / responded 404 in 3.1333 ms
2024-08-15 16:10:08.728 +08:00 [INF] SpsServiceController QuerySps START
2024-08-15 16:10:08.735 +08:00 [INF] SpsRepository QuerySps START
2024-08-15 16:10:09.742 +08:00 [INF] SpsRepository QuerySps END
2024-08-15 16:10:09.751 +08:00 [INF] SpsServiceController QuerySps END
2024-08-15 16:10:10.429 +08:00 [INF] HTTP POST /api/SystemMgmt/SpsService/QuerySps responded 200 in 1932.8461 ms
2024-08-15 16:11:17.286 +08:00 [INF] SpsServiceController QuerySps START
2024-08-15 16:11:17.300 +08:00 [INF] SpsRepository QuerySps START
2024-08-15 16:11:17.307 +08:00 [INF] SpsRepository QuerySps END
2024-08-15 16:11:17.308 +08:00 [INF] SpsServiceController QuerySps END
2024-08-15 16:11:17.310 +08:00 [INF] HTTP POST /api/SystemMgmt/SpsService/QuerySps responded 200 in 33.9503 ms
2024-08-15 16:11:35.991 +08:00 [INF] SpsServiceController PutSps START
2024-08-15 16:11:35.997 +08:00 [INF] SpsRepository PutSps START
2024-08-15 16:11:36.029 +08:00 [INF] SpsRepository PutSps END
2024-08-15 16:11:36.033 +08:00 [INF] SpsServiceController PutSps END
2024-08-15 16:11:36.041 +08:00 [INF] HTTP POST /api/SystemMgmt/SpsService/PutSps responded 200 in 89.9747 ms
2024-08-15 16:11:44.763 +08:00 [INF] SpsServiceController QuerySps START
2024-08-15 16:11:44.772 +08:00 [INF] SpsRepository QuerySps START
2024-08-15 16:11:44.792 +08:00 [INF] SpsRepository QuerySps END
2024-08-15 16:11:44.799 +08:00 [INF] SpsServiceController QuerySps END
2024-08-15 16:11:44.805 +08:00 [INF] HTTP POST /api/SystemMgmt/SpsService/QuerySps responded 200 in 51.7159 ms
2024-08-15 16:12:09.174 +08:00 [INF] SpsServiceController QuerySps START
2024-08-15 16:12:09.176 +08:00 [INF] SpsRepository QuerySps START
2024-08-15 16:12:09.192 +08:00 [INF] SpsRepository QuerySps END
2024-08-15 16:12:09.198 +08:00 [INF] SpsServiceController QuerySps END
2024-08-15 16:12:09.200 +08:00 [INF] HTTP POST /api/SystemMgmt/SpsService/QuerySps responded 200 in 27.5392 ms
2024-08-15 16:12:21.655 +08:00 [INF] SpsServiceController PutSps START
2024-08-15 16:12:21.658 +08:00 [INF] SpsRepository PutSps START
2024-08-15 16:12:21.663 +08:00 [INF] SpsRepository PutSps END
2024-08-15 16:12:21.664 +08:00 [INF] SpsServiceController PutSps END
2024-08-15 16:12:21.665 +08:00 [INF] HTTP POST /api/SystemMgmt/SpsService/PutSps responded 200 in 10.2764 ms
2024-08-15 16:12:25.935 +08:00 [INF] SpsServiceController QuerySps START
2024-08-15 16:12:25.937 +08:00 [INF] SpsRepository QuerySps START
2024-08-15 16:12:25.944 +08:00 [INF] SpsRepository QuerySps END
2024-08-15 16:12:25.947 +08:00 [INF] SpsServiceController QuerySps END
2024-08-15 16:12:25.949 +08:00 [INF] HTTP POST /api/SystemMgmt/SpsService/QuerySps responded 200 in 16.9109 ms
2024-08-15 16:13:01.405 +08:00 [INF] SpsServiceController PutSps START
2024-08-15 16:13:01.422 +08:00 [INF] SpsRepository PutSps START
2024-08-15 16:13:01.441 +08:00 [INF] SpsRepository PutSps END
2024-08-15 16:13:01.449 +08:00 [INF] SpsServiceController PutSps END
2024-08-15 16:13:01.453 +08:00 [INF] HTTP POST /api/SystemMgmt/SpsService/PutSps responded 200 in 48.5947 ms
2024-08-15 16:13:02.432 +08:00 [INF] SpsServiceController QuerySps START
2024-08-15 16:13:02.433 +08:00 [INF] SpsRepository QuerySps START
2024-08-15 16:13:02.440 +08:00 [INF] SpsRepository QuerySps END
2024-08-15 16:13:02.442 +08:00 [INF] SpsServiceController QuerySps END
2024-08-15 16:13:02.444 +08:00 [INF] HTTP POST /api/SystemMgmt/SpsService/QuerySps responded 200 in 13.0036 ms
2024-08-15 16:13:20.800 +08:00 [INF] SpsServiceController PutSps START
2024-08-15 16:13:20.811 +08:00 [INF] SpsRepository PutSps START
2024-08-15 16:13:20.827 +08:00 [INF] SpsRepository PutSps END
2024-08-15 16:13:20.833 +08:00 [INF] SpsServiceController PutSps END
2024-08-15 16:13:20.835 +08:00 [INF] HTTP POST /api/SystemMgmt/SpsService/PutSps responded 200 in 35.8784 ms
2024-08-15 16:13:22.311 +08:00 [INF] SpsServiceController QuerySps START
2024-08-15 16:13:22.312 +08:00 [INF] SpsRepository QuerySps START
2024-08-15 16:13:22.315 +08:00 [INF] SpsRepository QuerySps END
2024-08-15 16:13:22.316 +08:00 [INF] SpsServiceController QuerySps END
2024-08-15 16:13:22.317 +08:00 [INF] HTTP POST /api/SystemMgmt/SpsService/QuerySps responded 200 in 7.8822 ms
2024-08-15 16:15:17.213 +08:00 [INF] SpsServiceController QuerySps START
2024-08-15 16:15:17.291 +08:00 [INF] SpsRepository QuerySps START
2024-08-15 16:15:17.299 +08:00 [INF] SpsRepository QuerySps END
2024-08-15 16:15:17.303 +08:00 [INF] SpsServiceController QuerySps END
2024-08-15 16:15:17.305 +08:00 [INF] HTTP POST /api/SystemMgmt/SpsService/QuerySps responded 200 in 93.8334 ms
2024-08-15 16:15:21.552 +08:00 [INF] SpsServiceController QuerySps START
2024-08-15 16:15:21.554 +08:00 [INF] SpsRepository QuerySps START
2024-08-15 16:15:21.563 +08:00 [INF] SpsRepository QuerySps END
2024-08-15 16:15:21.563 +08:00 [INF] SpsServiceController QuerySps END
2024-08-15 16:15:21.565 +08:00 [INF] HTTP POST /api/SystemMgmt/SpsService/QuerySps responded 200 in 13.9842 ms
2024-08-15 16:15:51.248 +08:00 [INF] SpsServiceController QuerySps START
2024-08-15 16:15:51.260 +08:00 [INF] SpsRepository QuerySps START
2024-08-15 16:15:51.269 +08:00 [INF] SpsRepository QuerySps END
2024-08-15 16:15:51.278 +08:00 [INF] SpsServiceController QuerySps END
2024-08-15 16:15:51.280 +08:00 [INF] HTTP POST /api/SystemMgmt/SpsService/QuerySps responded 200 in 39.4392 ms
