2024-08-12 12:24:12.843 +08:00 [INF] Now listening on: http://localhost:5001
2024-08-12 12:24:12.882 +08:00 [INF] Application started. Press Ctrl+C to shut down.
2024-08-12 12:24:12.889 +08:00 [INF] Hosting environment: Development
2024-08-12 12:24:12.890 +08:00 [INF] Content root path: D:\Project\DotNetBackEnd\DotNetBackEndCleanArchitecture\DotNetBackEndCleanArchitecture\Presentation\DotNetBackEndService
2024-08-12 12:24:16.530 +08:00 [INF] HTTP GET / responded 404 in 1.8709 ms
2024-08-12 12:35:24.183 +08:00 [INF] Now listening on: http://localhost:5001
2024-08-12 12:35:24.207 +08:00 [INF] Application started. Press Ctrl+C to shut down.
2024-08-12 12:35:24.209 +08:00 [INF] Hosting environment: Development
2024-08-12 12:35:24.212 +08:00 [INF] Content root path: D:\Project\DotNetBackEnd\DotNetBackEndCleanArchitecture\DotNetBackEndCleanArchitecture\Presentation\DotNetBackEndService
2024-08-12 12:35:29.872 +08:00 [INF] HTTP GET / responded 404 in 2.0405 ms
2024-08-12 12:37:05.113 +08:00 [INF] Now listening on: http://localhost:5001
2024-08-12 12:37:05.142 +08:00 [INF] Application started. Press Ctrl+C to shut down.
2024-08-12 12:37:05.159 +08:00 [INF] Hosting environment: Development
2024-08-12 12:37:05.163 +08:00 [INF] Content root path: D:\Project\DotNetBackEnd\DotNetBackEndCleanArchitecture\DotNetBackEndCleanArchitecture\Presentation\DotNetBackEndService
2024-08-12 12:37:09.334 +08:00 [INF] HTTP GET / responded 404 in 17.4320 ms
2024-08-12 12:38:54.831 +08:00 [INF] Now listening on: http://localhost:5001
2024-08-12 12:38:54.851 +08:00 [INF] Application started. Press Ctrl+C to shut down.
2024-08-12 12:38:54.852 +08:00 [INF] Hosting environment: Development
2024-08-12 12:38:54.853 +08:00 [INF] Content root path: D:\Project\DotNetBackEnd\DotNetBackEndCleanArchitecture\DotNetBackEndCleanArchitecture\Presentation\DotNetBackEndService
2024-08-12 12:38:57.662 +08:00 [INF] HTTP GET / responded 404 in 1.8510 ms
2024-08-12 14:36:33.733 +08:00 [INF] Now listening on: http://localhost:5001
2024-08-12 14:36:33.774 +08:00 [INF] Application started. Press Ctrl+C to shut down.
2024-08-12 14:36:33.776 +08:00 [INF] Hosting environment: Development
2024-08-12 14:36:33.778 +08:00 [INF] Content root path: D:\Project\DotNetBackEnd\DotNetBackEndCleanArchitecture\DotNetBackEndCleanArchitecture\Presentation\DotNetBackEndService
2024-08-12 14:36:42.676 +08:00 [INF] HTTP GET / responded 404 in 2.0795 ms
2024-08-12 14:39:53.996 +08:00 [INF] HTTP POST /api/AuthenticationMgmt/KycService/CheckKyc responded 404 in 0.0829 ms
2024-08-12 14:44:55.798 +08:00 [INF] Now listening on: http://localhost:5001
2024-08-12 14:44:55.821 +08:00 [INF] Application started. Press Ctrl+C to shut down.
2024-08-12 14:44:55.824 +08:00 [INF] Hosting environment: Development
2024-08-12 14:44:55.825 +08:00 [INF] Content root path: D:\Project\DotNetBackEnd\DotNetBackEndCleanArchitecture\DotNetBackEndCleanArchitecture\Presentation\DotNetBackEndService
2024-08-12 14:45:03.573 +08:00 [INF] HTTP GET / responded 404 in 2.8634 ms
2024-08-12 14:45:44.663 +08:00 [INF] HTTP POST /api/AuthenticationMgmt/KycService/CheckKyc responded 404 in 0.0913 ms
2024-08-12 14:45:55.000 +08:00 [INF] HTTP POST /api/AuthenticationMgmt/KycService/CheckKyc responded 404 in 0.0420 ms
2024-08-12 14:46:20.955 +08:00 [INF] HTTP POST /api/AuthenticationMgmt/KycService/CheckKyc responded 404 in 0.0457 ms
2024-08-12 15:04:12.620 +08:00 [INF] Now listening on: http://localhost:5001
2024-08-12 15:04:12.644 +08:00 [INF] Application started. Press Ctrl+C to shut down.
2024-08-12 15:04:12.647 +08:00 [INF] Hosting environment: Development
2024-08-12 15:04:12.649 +08:00 [INF] Content root path: D:\Project\DotNetBackEnd\DotNetBackEndCleanArchitecture\DotNetBackEndCleanArchitecture\Presentation\DotNetBackEndService
2024-08-12 15:04:20.214 +08:00 [INF] HTTP GET / responded 404 in 52.1798 ms
2024-08-12 15:04:58.165 +08:00 [INF] HTTP POST /api/AuthenticationMgmt/KycService/CheckKyc responded 404 in 0.2254 ms
2024-08-12 15:06:40.559 +08:00 [INF] Now listening on: http://localhost:5001
2024-08-12 15:06:40.581 +08:00 [INF] Application started. Press Ctrl+C to shut down.
2024-08-12 15:06:40.582 +08:00 [INF] Hosting environment: Development
2024-08-12 15:06:40.583 +08:00 [INF] Content root path: D:\Project\DotNetBackEnd\DotNetBackEndCleanArchitecture\DotNetBackEndCleanArchitecture\Presentation\DotNetBackEndService
2024-08-12 15:06:46.648 +08:00 [INF] HTTP GET / responded 404 in 21.8441 ms
2024-08-12 15:07:46.027 +08:00 [INF] HTTP POST /api/AuthenticationMgmt/KycService/CheckKyc responded 404 in 0.1111 ms
2024-08-12 15:08:11.512 +08:00 [INF] WalletServiceController GetWallet START
2024-08-12 15:08:11.524 +08:00 [INF] WalletRepository GetWallet START
2024-08-12 15:08:13.146 +08:00 [INF] WalletRepository GetWallet END
2024-08-12 15:08:13.173 +08:00 [INF] WalletServiceController GetWallet END
2024-08-12 15:08:13.268 +08:00 [INF] HTTP POST /api/MemberMgmt/WalletService/GetWallet responded 200 in 1881.5172 ms
2024-08-12 15:10:49.829 +08:00 [INF] Now listening on: http://localhost:5001
2024-08-12 15:10:49.845 +08:00 [INF] Application started. Press Ctrl+C to shut down.
2024-08-12 15:10:49.847 +08:00 [INF] Hosting environment: Development
2024-08-12 15:10:49.849 +08:00 [INF] Content root path: D:\Project\DotNetBackEnd\DotNetBackEndCleanArchitecture\DotNetBackEndCleanArchitecture\Presentation\DotNetBackEndService
2024-08-12 15:10:53.712 +08:00 [INF] HTTP GET / responded 404 in 1.8423 ms
2024-08-12 15:11:50.085 +08:00 [INF] HTTP POST /api/AuthenticationMgmt/KycService/CheckKyc responded 404 in 0.0992 ms
2024-08-12 15:14:33.092 +08:00 [INF] Now listening on: http://localhost:5001
2024-08-12 15:14:33.104 +08:00 [INF] Application started. Press Ctrl+C to shut down.
2024-08-12 15:14:33.105 +08:00 [INF] Hosting environment: Development
2024-08-12 15:14:33.106 +08:00 [INF] Content root path: D:\Project\DotNetBackEnd\DotNetBackEndCleanArchitecture\DotNetBackEndCleanArchitecture\Presentation\DotNetBackEndService
2024-08-12 15:14:39.008 +08:00 [INF] HTTP GET / responded 404 in 2.5455 ms
2024-08-12 15:15:03.216 +08:00 [INF] HTTP POST /api/AuthenticationMgmt/KycService/CheckKyc responded 400 in 284.9943 ms
2024-08-12 15:15:43.759 +08:00 [INF] Now listening on: http://localhost:5001
2024-08-12 15:15:43.792 +08:00 [INF] Application started. Press Ctrl+C to shut down.
2024-08-12 15:15:43.794 +08:00 [INF] Hosting environment: Development
2024-08-12 15:15:43.795 +08:00 [INF] Content root path: D:\Project\DotNetBackEnd\DotNetBackEndCleanArchitecture\DotNetBackEndCleanArchitecture\Presentation\DotNetBackEndService
2024-08-12 15:15:46.419 +08:00 [INF] HTTP GET / responded 404 in 1.7588 ms
2024-08-12 15:16:40.380 +08:00 [INF] KycServiceController CheckKyc START
2024-08-12 15:16:40.386 +08:00 [INF] KycRepository CheckKyc START
2024-08-12 15:16:40.806 +08:00 [INF] KycRepository CheckKyc END
2024-08-12 15:16:40.826 +08:00 [INF] KycServiceController CheckKyc END
2024-08-12 15:16:40.909 +08:00 [INF] HTTP POST /api/AuthenticationMgmt/KycService/CheckKyc responded 200 in 2960.8942 ms
2024-08-12 15:17:11.351 +08:00 [INF] KycServiceController Postkyc START
2024-08-12 15:17:11.355 +08:00 [INF] KycRepository PostkKyc START
2024-08-12 15:17:11.415 +08:00 [INF] KycRepository PostkKyc Parameter '@akc_gender' must be defined. To use this as a variable, set 'Allow User Variables=true' in the connection string.
2024-08-12 15:17:11.417 +08:00 [INF] KycRepository PostkKyc END
2024-08-12 15:17:11.419 +08:00 [INF] KycServiceController Postkyc END
2024-08-12 15:17:11.430 +08:00 [INF] HTTP POST /api/AuthenticationMgmt/KycService/PostKyc responded 200 in 153.3016 ms
2024-08-12 15:38:54.017 +08:00 [INF] Now listening on: http://localhost:5001
2024-08-12 15:38:54.031 +08:00 [INF] Application started. Press Ctrl+C to shut down.
2024-08-12 15:38:54.037 +08:00 [INF] Hosting environment: Development
2024-08-12 15:38:54.038 +08:00 [INF] Content root path: D:\Project\DotNetBackEnd\DotNetBackEndCleanArchitecture\DotNetBackEndCleanArchitecture\Presentation\DotNetBackEndService
2024-08-12 15:38:58.032 +08:00 [INF] HTTP GET / responded 404 in 5.0908 ms
2024-08-12 15:40:41.835 +08:00 [INF] KycServiceController CheckKyc START
2024-08-12 15:40:41.841 +08:00 [INF] KycRepository CheckKyc START
2024-08-12 15:40:42.289 +08:00 [INF] KycRepository CheckKyc END
2024-08-12 15:40:42.308 +08:00 [INF] KycServiceController CheckKyc END
2024-08-12 15:40:42.357 +08:00 [INF] HTTP POST /api/AuthenticationMgmt/KycService/CheckKyc responded 200 in 3346.1514 ms
2024-08-12 15:41:18.916 +08:00 [INF] KycServiceController Postkyc START
2024-08-12 15:41:22.861 +08:00 [INF] KycRepository PostkKyc START
2024-08-12 15:41:22.900 +08:00 [INF] KycRepository PostkKyc END
2024-08-12 15:41:27.067 +08:00 [INF] KycServiceController Postkyc END
2024-08-12 15:41:27.085 +08:00 [INF] HTTP POST /api/AuthenticationMgmt/KycService/PostKyc responded 200 in 8218.7556 ms
2024-08-12 18:45:50.251 +08:00 [INF] Now listening on: http://localhost:5001
2024-08-12 18:45:50.264 +08:00 [INF] Application started. Press Ctrl+C to shut down.
2024-08-12 18:45:50.266 +08:00 [INF] Hosting environment: Development
2024-08-12 18:45:50.270 +08:00 [INF] Content root path: D:\Project\DotNetBackEnd\DotNetBackEndCleanArchitecture\DotNetBackEndCleanArchitecture\Presentation\DotNetBackEndService
2024-08-12 18:45:57.537 +08:00 [INF] HTTP GET / responded 404 in 4.0525 ms
2024-08-12 18:48:24.759 +08:00 [INF] Now listening on: http://localhost:5001
2024-08-12 18:48:24.773 +08:00 [INF] Application started. Press Ctrl+C to shut down.
2024-08-12 18:48:24.774 +08:00 [INF] Hosting environment: Development
2024-08-12 18:48:24.774 +08:00 [INF] Content root path: D:\Project\DotNetBackEnd\DotNetBackEndCleanArchitecture\DotNetBackEndCleanArchitecture\Presentation\DotNetBackEndService
2024-08-12 18:48:30.866 +08:00 [INF] HTTP GET / responded 404 in 2.2610 ms
2024-08-12 18:49:31.323 +08:00 [INF] KycServiceController QueryKycAdmin START
2024-08-12 18:49:31.334 +08:00 [INF] KycRepository QueryKycAdmin START
2024-08-12 18:49:32.426 +08:00 [INF] KycRepository QueryKycAdmin END
2024-08-12 18:49:32.428 +08:00 [INF] KycServiceController QueryKycAdmin END
2024-08-12 18:49:32.467 +08:00 [INF] HTTP POST /api/AuthenticationMgmt/KycService/QueryKycAdmin responded 200 in 1356.8136 ms
2024-08-12 18:50:12.906 +08:00 [INF] KycServiceController QueryKycAdmin START
2024-08-12 18:50:12.908 +08:00 [INF] KycRepository QueryKycAdmin START
2024-08-12 18:50:12.915 +08:00 [INF] KycRepository QueryKycAdmin END
2024-08-12 18:50:12.915 +08:00 [INF] KycServiceController QueryKycAdmin END
2024-08-12 18:50:12.917 +08:00 [INF] HTTP POST /api/AuthenticationMgmt/KycService/QueryKycAdmin responded 200 in 15.3334 ms
2024-08-12 19:15:55.366 +08:00 [INF] Now listening on: http://localhost:5001
2024-08-12 19:15:55.381 +08:00 [INF] Application started. Press Ctrl+C to shut down.
2024-08-12 19:15:55.382 +08:00 [INF] Hosting environment: Development
2024-08-12 19:15:55.383 +08:00 [INF] Content root path: D:\Project\DotNetBackEnd\DotNetBackEndCleanArchitecture\DotNetBackEndCleanArchitecture\Presentation\DotNetBackEndService
2024-08-12 19:16:01.984 +08:00 [INF] HTTP GET / responded 404 in 3.4069 ms
2024-08-12 19:16:20.824 +08:00 [INF] KycServiceController QueryKycAdmin START
2024-08-12 19:16:20.829 +08:00 [INF] KycRepository QueryKycAdmin START
2024-08-12 19:16:21.266 +08:00 [INF] KycRepository QueryKycAdmin END
2024-08-12 19:16:21.267 +08:00 [INF] KycServiceController QueryKycAdmin END
2024-08-12 19:16:21.302 +08:00 [INF] HTTP POST /api/AuthenticationMgmt/KycService/QueryKycAdmin responded 200 in 626.0653 ms
2024-08-12 19:24:21.528 +08:00 [INF] Now listening on: http://localhost:5001
2024-08-12 19:24:21.546 +08:00 [INF] Application started. Press Ctrl+C to shut down.
2024-08-12 19:24:21.548 +08:00 [INF] Hosting environment: Development
2024-08-12 19:24:21.552 +08:00 [INF] Content root path: D:\Project\DotNetBackEnd\DotNetBackEndCleanArchitecture\DotNetBackEndCleanArchitecture\Presentation\DotNetBackEndService
2024-08-12 19:24:25.732 +08:00 [INF] HTTP GET / responded 404 in 6.1482 ms
2024-08-12 19:24:49.175 +08:00 [INF] KycServiceController QueryKycAdmin START
2024-08-12 19:24:49.189 +08:00 [INF] KycRepository QueryKycAdmin START
2024-08-12 19:24:49.529 +08:00 [INF] KycRepository QueryKycAdmin END
2024-08-12 19:24:49.532 +08:00 [INF] KycServiceController QueryKycAdmin END
2024-08-12 19:24:49.560 +08:00 [INF] HTTP POST /api/AuthenticationMgmt/KycService/QueryKycAdmin responded 200 in 568.4419 ms
2024-08-12 22:11:35.108 +08:00 [INF] Now listening on: http://localhost:5001
2024-08-12 22:11:35.127 +08:00 [INF] Application started. Press Ctrl+C to shut down.
2024-08-12 22:11:35.128 +08:00 [INF] Hosting environment: Development
2024-08-12 22:11:35.129 +08:00 [INF] Content root path: D:\Project\DotNetBackEnd\DotNetBackEndCleanArchitecture\DotNetBackEndCleanArchitecture\Presentation\DotNetBackEndService
2024-08-12 22:11:37.360 +08:00 [INF] HTTP GET / responded 404 in 1.8671 ms
2024-08-12 22:12:24.214 +08:00 [INF] KycServiceController QueryKycAdmin START
2024-08-12 22:12:24.219 +08:00 [INF] KycRepository QueryKycAdmin START
2024-08-12 22:12:25.008 +08:00 [INF] KycRepository QueryKycAdmin END
2024-08-12 22:12:25.009 +08:00 [INF] KycServiceController QueryKycAdmin END
2024-08-12 22:12:25.060 +08:00 [INF] HTTP POST /api/AuthenticationMgmt/KycService/QueryKycAdmin responded 200 in 1027.8739 ms
2024-08-12 22:25:27.854 +08:00 [INF] Now listening on: http://localhost:5001
2024-08-12 22:25:27.871 +08:00 [INF] Application started. Press Ctrl+C to shut down.
2024-08-12 22:25:27.872 +08:00 [INF] Hosting environment: Development
2024-08-12 22:25:27.872 +08:00 [INF] Content root path: D:\Project\DotNetBackEnd\DotNetBackEndCleanArchitecture\DotNetBackEndCleanArchitecture\Presentation\DotNetBackEndService
2024-08-12 22:25:32.868 +08:00 [INF] HTTP GET / responded 404 in 5.0253 ms
2024-08-12 22:26:59.534 +08:00 [INF] KycServiceController CheckKyc START
2024-08-12 22:26:59.545 +08:00 [INF] KycRepository CheckKyc START
2024-08-12 22:26:59.921 +08:00 [INF] KycRepository CheckKyc END
2024-08-12 22:26:59.924 +08:00 [INF] KycServiceController CheckKyc END
2024-08-12 22:26:59.951 +08:00 [INF] HTTP POST /api/AuthenticationMgmt/KycService/CheckKyc responded 200 in 6169.8997 ms
2024-08-12 22:27:34.178 +08:00 [INF] KycServiceController CheckKyc START
2024-08-12 22:27:34.181 +08:00 [INF] KycRepository CheckKyc START
2024-08-12 22:27:34.188 +08:00 [INF] KycRepository CheckKyc END
2024-08-12 22:27:34.217 +08:00 [INF] KycServiceController CheckKyc END
2024-08-12 22:27:34.226 +08:00 [INF] HTTP POST /api/AuthenticationMgmt/KycService/CheckKyc responded 200 in 2084.2373 ms
2024-08-12 22:28:29.538 +08:00 [INF] KycServiceController CheckKyc START
2024-08-12 22:28:29.581 +08:00 [INF] KycRepository CheckKyc START
2024-08-12 22:28:29.589 +08:00 [INF] KycRepository CheckKyc END
2024-08-12 22:28:29.591 +08:00 [INF] KycServiceController CheckKyc END
2024-08-12 22:28:29.594 +08:00 [INF] HTTP POST /api/AuthenticationMgmt/KycService/CheckKyc responded 200 in 1455.3534 ms
2024-08-12 22:36:30.137 +08:00 [INF] Now listening on: http://localhost:5001
2024-08-12 22:36:30.149 +08:00 [INF] Application started. Press Ctrl+C to shut down.
2024-08-12 22:36:30.151 +08:00 [INF] Hosting environment: Development
2024-08-12 22:36:30.151 +08:00 [INF] Content root path: D:\Project\DotNetBackEnd\DotNetBackEndCleanArchitecture\DotNetBackEndCleanArchitecture\Presentation\DotNetBackEndService
2024-08-12 22:36:35.215 +08:00 [INF] HTTP GET / responded 404 in 1.7058 ms
2024-08-12 22:43:06.587 +08:00 [INF] KycServiceController CheckKyc START
2024-08-12 22:43:06.591 +08:00 [INF] KycRepository CheckKyc START
2024-08-12 22:43:06.965 +08:00 [INF] KycRepository CheckKyc END
2024-08-12 22:43:06.966 +08:00 [INF] KycServiceController CheckKyc END
2024-08-12 22:43:07.008 +08:00 [INF] HTTP POST /api/AuthenticationMgmt/KycService/CheckKyc responded 200 in 2756.5145 ms
2024-08-12 22:50:06.120 +08:00 [INF] Now listening on: http://localhost:5001
2024-08-12 22:50:06.132 +08:00 [INF] Application started. Press Ctrl+C to shut down.
2024-08-12 22:50:06.135 +08:00 [INF] Hosting environment: Development
2024-08-12 22:50:06.135 +08:00 [INF] Content root path: D:\Project\DotNetBackEnd\DotNetBackEndCleanArchitecture\DotNetBackEndCleanArchitecture\Presentation\DotNetBackEndService
2024-08-12 22:50:12.765 +08:00 [INF] HTTP GET / responded 404 in 3.8690 ms
2024-08-12 22:52:05.500 +08:00 [INF] KycServiceController CheckKyc START
2024-08-12 22:52:05.595 +08:00 [INF] KycRepository CheckKyc START
2024-08-12 22:52:05.903 +08:00 [INF] KycRepository CheckKyc END
2024-08-12 22:52:05.906 +08:00 [INF] KycServiceController CheckKyc END
2024-08-12 22:52:05.946 +08:00 [INF] HTTP POST /api/AuthenticationMgmt/KycService/CheckKyc responded 200 in 6103.6903 ms
2024-08-12 22:52:29.015 +08:00 [INF] KycServiceController Postkyc START
2024-08-12 22:52:30.451 +08:00 [INF] KycRepository PostkKyc START
2024-08-12 22:52:30.483 +08:00 [INF] KycRepository PostkKyc END
2024-08-12 22:52:30.483 +08:00 [INF] KycServiceController Postkyc END
2024-08-12 22:52:30.490 +08:00 [INF] HTTP POST /api/AuthenticationMgmt/KycService/PostKyc responded 200 in 1532.0724 ms
2024-08-12 22:52:44.181 +08:00 [INF] KycServiceController QueryKycAdmin START
2024-08-12 22:52:44.183 +08:00 [INF] KycRepository QueryKycAdmin START
2024-08-12 22:52:44.234 +08:00 [INF] KycRepository QueryKycAdmin END
2024-08-12 22:52:44.234 +08:00 [INF] KycServiceController QueryKycAdmin END
2024-08-12 22:52:44.251 +08:00 [INF] HTTP POST /api/AuthenticationMgmt/KycService/QueryKycAdmin responded 200 in 84.9457 ms
2024-08-12 22:59:11.616 +08:00 [INF] Now listening on: http://localhost:5001
2024-08-12 22:59:11.628 +08:00 [INF] Application started. Press Ctrl+C to shut down.
2024-08-12 22:59:11.629 +08:00 [INF] Hosting environment: Development
2024-08-12 22:59:11.631 +08:00 [INF] Content root path: D:\Project\DotNetBackEnd\DotNetBackEndCleanArchitecture\DotNetBackEndCleanArchitecture\Presentation\DotNetBackEndService
2024-08-12 22:59:18.825 +08:00 [INF] HTTP GET / responded 404 in 10.0422 ms
2024-08-12 22:59:38.817 +08:00 [INF] KycServiceController QueryKycAdmin START
2024-08-12 22:59:38.823 +08:00 [INF] KycRepository QueryKycAdmin START
2024-08-12 22:59:39.673 +08:00 [INF] KycRepository QueryKycAdmin END
2024-08-12 22:59:39.676 +08:00 [INF] KycServiceController QueryKycAdmin END
2024-08-12 22:59:39.710 +08:00 [INF] HTTP POST /api/AuthenticationMgmt/KycService/QueryKycAdmin responded 200 in 1191.0984 ms
2024-08-12 23:01:48.743 +08:00 [INF] Now listening on: http://localhost:5001
2024-08-12 23:01:48.758 +08:00 [INF] Application started. Press Ctrl+C to shut down.
2024-08-12 23:01:48.761 +08:00 [INF] Hosting environment: Development
2024-08-12 23:01:48.761 +08:00 [INF] Content root path: D:\Project\DotNetBackEnd\DotNetBackEndCleanArchitecture\DotNetBackEndCleanArchitecture\Presentation\DotNetBackEndService
2024-08-12 23:01:51.076 +08:00 [INF] HTTP GET / responded 404 in 4.7851 ms
2024-08-12 23:02:16.503 +08:00 [INF] KycServiceController QueryKycAdmin START
2024-08-12 23:02:16.508 +08:00 [INF] KycRepository QueryKycAdmin START
2024-08-12 23:02:17.485 +08:00 [INF] KycRepository QueryKycAdmin END
2024-08-12 23:02:17.486 +08:00 [INF] KycServiceController QueryKycAdmin END
2024-08-12 23:02:17.523 +08:00 [INF] HTTP POST /api/AuthenticationMgmt/KycService/QueryKycAdmin responded 200 in 1414.3094 ms
