2024-07-29 04:08:46.548 +08:00 [INF] ApplyDepositController GetDepositData START
2024-07-29 04:08:47.492 +08:00 [INF] ApplyDepositController GetDepositData END
2024-07-29 04:09:43.145 +08:00 [INF] ApplyDepositController PostApplyDeposit START
2024-07-29 04:09:43.636 +08:00 [INF] ApplyDepositController PostApplyDeposit END
2024-07-29 04:09:56.449 +08:00 [INF] ApplyDepositController PostApplyDeposit START
2024-07-29 04:09:56.576 +08:00 [INF] ApplyDepositController PostApplyDeposit END
2024-07-29 04:10:11.039 +08:00 [INF] ApplyDepositController PostApplyDeposit START
2024-07-29 04:10:11.318 +08:00 [INF] ApplyDepositController PostApplyDeposit END
2024-07-29 04:10:19.593 +08:00 [INF] ApplyDepositController PostApplyDeposit START
2024-07-29 04:10:19.764 +08:00 [INF] ApplyDepositController PostApplyDeposit END
2024-07-29 04:10:32.960 +08:00 [INF] ApplyDepositController QueryApplyDepositAdmin START
2024-07-29 04:10:33.079 +08:00 [INF] ApplyDepositController QueryApplyDepositAdmin START
2024-07-29 04:11:33.503 +08:00 [INF] ApplyDepositController PutApplyDeposit START
2024-07-29 04:11:33.722 +08:00 [INF] ApplyDepositController PutApplyDeposit END
2024-07-29 04:15:10.231 +08:00 [INF] ApplyDepositController PutApplyDeposit START
2024-07-29 04:15:10.352 +08:00 [INF] ApplyDepositController PutApplyDeposit END
2024-07-29 04:15:19.224 +08:00 [INF] ApplyDepositController PutApplyDeposit START
2024-07-29 04:15:19.701 +08:00 [INF] ApplyDepositController PutApplyDeposit END
2024-07-29 04:15:26.463 +08:00 [INF] ApplyDepositController PutApplyDeposit START
2024-07-29 04:15:26.702 +08:00 [INF] ApplyDepositController PutApplyDeposit END
2024-07-29 04:15:39.894 +08:00 [INF] ApplyDepositController PutApplyDeposit START
2024-07-29 04:15:39.997 +08:00 [INF] ApplyDepositController PutApplyDeposit END
