2025-03-06 04:39:09.926 +08:00 [INF] Now listening on: http://localhost:5000
2025-03-06 04:39:12.052 +08:00 [INF] Application started. Press Ctrl+C to shut down.
2025-03-06 04:39:15.801 +08:00 [INF] Hosting environment: Development
2025-03-06 04:39:15.803 +08:00 [INF] Content root path: D:\Project\DotNetBackEnd\DotNetBackEndCleanArchitecture\DotNetBackEndCleanArchitecture\DotNetBackEndApi
2025-03-06 04:39:15.792 +08:00 [INF] HTTP GET /swagger/index.html responded 200 in 332.2344 ms
2025-03-06 04:39:19.090 +08:00 [INF] HTTP GET /swagger/v1/swagger.json responded 200 in 1336.4820 ms
2025-03-06 04:45:52.155 +08:00 [INF] PointConversionController PsotGiftPoint START
2025-03-06 04:45:52.266 +08:00 [INF] Start processing HTTP request POST http://localhost:5001/api/FinancialMgmt/PointConversionService/PostGiftPoint
2025-03-06 04:45:52.278 +08:00 [INF] Sending HTTP request POST http://localhost:5001/api/FinancialMgmt/PointConversionService/PostGiftPoint
2025-03-06 04:46:11.096 +08:00 [INF] Received HTTP response headers after 18813.7138ms - 200
2025-03-06 04:46:11.099 +08:00 [INF] End processing HTTP request after 18837.2445ms - 200
2025-03-06 04:46:11.109 +08:00 [INF] PointConversionController PsotGiftPoint END
2025-03-06 04:46:11.133 +08:00 [INF] HTTP POST /api/PointConversion/GiftPoint responded 200 in 19100.5123 ms
2025-03-06 04:46:28.053 +08:00 [INF] PointConversionController PsotGiftPoint START
2025-03-06 04:46:28.094 +08:00 [INF] Start processing HTTP request POST http://localhost:5001/api/FinancialMgmt/PointConversionService/PostGiftPoint
2025-03-06 04:46:28.104 +08:00 [INF] Sending HTTP request POST http://localhost:5001/api/FinancialMgmt/PointConversionService/PostGiftPoint
2025-03-06 04:47:00.166 +08:00 [INF] Received HTTP response headers after 32061.3681ms - 200
2025-03-06 04:47:00.177 +08:00 [INF] End processing HTTP request after 32082.9605ms - 200
2025-03-06 04:47:00.181 +08:00 [INF] PointConversionController PsotGiftPoint END
2025-03-06 04:47:00.184 +08:00 [INF] HTTP POST /api/PointConversion/GiftPoint responded 200 in 32375.9347 ms
2025-03-06 04:47:04.998 +08:00 [INF] PointConversionController PsotGiftPoint START
2025-03-06 04:47:05.386 +08:00 [INF] Start processing HTTP request POST http://localhost:5001/api/FinancialMgmt/PointConversionService/PostGiftPoint
2025-03-06 04:47:05.390 +08:00 [INF] Sending HTTP request POST http://localhost:5001/api/FinancialMgmt/PointConversionService/PostGiftPoint
2025-03-06 04:47:21.797 +08:00 [INF] Received HTTP response headers after 16404.3184ms - 200
2025-03-06 04:47:21.803 +08:00 [INF] End processing HTTP request after 16416.918ms - 200
2025-03-06 04:47:21.812 +08:00 [INF] PointConversionController PsotGiftPoint END
2025-03-06 04:47:21.815 +08:00 [INF] HTTP POST /api/PointConversion/GiftPoint responded 200 in 16858.9024 ms
2025-03-06 04:47:29.376 +08:00 [INF] PointConversionController PsotGiftPoint START
2025-03-06 04:47:29.378 +08:00 [INF] Start processing HTTP request POST http://localhost:5001/api/FinancialMgmt/PointConversionService/PostGiftPoint
2025-03-06 04:47:29.380 +08:00 [INF] Sending HTTP request POST http://localhost:5001/api/FinancialMgmt/PointConversionService/PostGiftPoint
2025-03-06 04:47:46.730 +08:00 [INF] Received HTTP response headers after 17348.2213ms - 200
2025-03-06 04:47:46.734 +08:00 [INF] End processing HTTP request after 17356.27ms - 200
2025-03-06 04:47:46.740 +08:00 [INF] PointConversionController PsotGiftPoint END
2025-03-06 04:47:46.743 +08:00 [INF] HTTP POST /api/PointConversion/GiftPoint responded 200 in 17367.5441 ms
2025-03-06 04:48:14.343 +08:00 [INF] PointConversionController PsotGiftPoint START
2025-03-06 04:48:14.418 +08:00 [INF] Start processing HTTP request POST http://localhost:5001/api/FinancialMgmt/PointConversionService/PostGiftPoint
2025-03-06 04:48:14.420 +08:00 [INF] Sending HTTP request POST http://localhost:5001/api/FinancialMgmt/PointConversionService/PostGiftPoint
2025-03-06 04:48:17.430 +08:00 [INF] Received HTTP response headers after 3004.9732ms - 200
2025-03-06 04:48:17.891 +08:00 [INF] End processing HTTP request after 3473.1375ms - 200
2025-03-06 04:48:17.900 +08:00 [INF] PointConversionController PsotGiftPoint END
2025-03-06 04:48:17.904 +08:00 [INF] HTTP POST /api/PointConversion/GiftPoint responded 200 in 3564.5403 ms
2025-03-06 04:48:42.361 +08:00 [INF] WalletController GetWallet START
2025-03-06 04:48:42.467 +08:00 [INF] Start processing HTTP request POST http://localhost:5001/api/MemberMgmt/WalletService/GetWallet
2025-03-06 04:48:42.481 +08:00 [INF] Sending HTTP request POST http://localhost:5001/api/MemberMgmt/WalletService/GetWallet
2025-03-06 04:48:42.987 +08:00 [INF] Received HTTP response headers after 501.9333ms - 200
2025-03-06 04:48:43.001 +08:00 [INF] End processing HTTP request after 534.1259ms - 200
2025-03-06 04:48:43.059 +08:00 [INF] WalletController GetWallet START
2025-03-06 04:48:43.467 +08:00 [INF] HTTP GET /api/Wallet/283 responded 200 in 1116.4921 ms
2025-03-06 04:48:53.925 +08:00 [INF] WalletController GetWallet START
2025-03-06 04:48:53.931 +08:00 [INF] Start processing HTTP request POST http://localhost:5001/api/MemberMgmt/WalletService/GetWallet
2025-03-06 04:48:53.973 +08:00 [INF] Sending HTTP request POST http://localhost:5001/api/MemberMgmt/WalletService/GetWallet
2025-03-06 04:48:54.033 +08:00 [INF] Received HTTP response headers after 21.7769ms - 200
2025-03-06 04:48:54.037 +08:00 [INF] End processing HTTP request after 105.9016ms - 200
2025-03-06 04:48:54.043 +08:00 [INF] WalletController GetWallet START
2025-03-06 04:48:54.045 +08:00 [INF] HTTP GET /api/Wallet/281 responded 200 in 120.8838 ms
