2024-08-08 22:16:57.649 +08:00 [INF] TenderController QueryTenderAdmin START
2024-08-08 22:17:06.877 +08:00 [INF] TenderController QueryTenderAdmin START
2024-08-08 22:35:19.551 +08:00 [INF] TenderController GetTender START
2024-08-08 22:35:20.275 +08:00 [INF] ROSCAController GetTenderList END
2024-08-08 22:36:14.292 +08:00 [INF] TenderController Bidding START
2024-08-08 22:36:17.852 +08:00 [INF] TenderController Bidding END
2024-08-08 22:37:48.079 +08:00 [INF] TenderController GetTender START
2024-08-08 22:37:48.203 +08:00 [INF] ROSCAController GetTenderList END
2024-08-08 22:38:04.077 +08:00 [INF] TenderController Bidding START
2024-08-08 22:38:04.606 +08:00 [INF] TenderController Bidding END
2024-08-08 22:38:08.987 +08:00 [INF] TenderController GetTender START
2024-08-08 22:38:09.047 +08:00 [INF] ROSCAController GetTenderList END
2024-08-08 22:38:16.349 +08:00 [INF] TenderController Bidding START
2024-08-08 22:38:16.830 +08:00 [INF] TenderController Bidding END
2024-08-08 22:38:20.613 +08:00 [INF] TenderController GetTender START
2024-08-08 22:38:20.671 +08:00 [INF] ROSCAController GetTenderList END
2024-08-08 22:38:27.474 +08:00 [INF] TenderController Bidding START
2024-08-08 22:38:27.974 +08:00 [INF] TenderController Bidding END
2024-08-08 22:38:32.905 +08:00 [INF] TenderController Bidding START
2024-08-08 22:38:34.049 +08:00 [INF] TenderController Bidding END
2024-08-08 22:38:36.954 +08:00 [INF] TenderController Bidding START
2024-08-08 22:38:37.841 +08:00 [INF] TenderController Bidding END
2024-08-08 22:38:40.452 +08:00 [INF] TenderController Bidding START
2024-08-08 22:38:41.484 +08:00 [INF] TenderController Bidding END
2024-08-08 22:38:43.750 +08:00 [INF] TenderController Bidding START
2024-08-08 22:38:44.324 +08:00 [INF] TenderController Bidding END
2024-08-08 22:38:47.513 +08:00 [INF] TenderController Bidding START
2024-08-08 22:38:48.234 +08:00 [INF] TenderController Bidding END
2024-08-08 22:38:52.497 +08:00 [INF] TenderController Bidding START
2024-08-08 22:38:53.038 +08:00 [INF] TenderController Bidding END
2024-08-08 22:38:56.835 +08:00 [INF] TenderController GetTender START
2024-08-08 22:38:56.863 +08:00 [INF] ROSCAController GetTenderList END
2024-08-08 22:39:03.899 +08:00 [INF] TenderController Bidding START
2024-08-08 22:39:05.130 +08:00 [INF] TenderController Bidding END
2024-08-08 22:42:01.652 +08:00 [INF] TenderController QueryTenderAdmin START
2024-08-08 22:42:01.767 +08:00 [INF] TenderController QueryTenderAdmin START
2024-08-08 22:42:05.396 +08:00 [INF] TenderController QueryTenderAdmin START
2024-08-08 22:42:05.578 +08:00 [INF] TenderController QueryTenderAdmin START
2024-08-08 22:59:21.907 +08:00 [INF] TenderController QueryTenderAdmin START
2024-08-08 22:59:23.105 +08:00 [INF] TenderController QueryTenderAdmin START
2024-08-08 22:59:58.130 +08:00 [INF] TenderController QueryTenderAdmin START
2024-08-08 22:59:58.166 +08:00 [INF] TenderController QueryTenderAdmin START
2024-08-08 23:00:02.017 +08:00 [INF] TenderController QueryTenderAdmin START
2024-08-08 23:00:02.061 +08:00 [INF] TenderController QueryTenderAdmin START
2024-08-08 23:00:03.691 +08:00 [INF] TenderController QueryTenderAdmin START
2024-08-08 23:00:03.725 +08:00 [INF] TenderController QueryTenderAdmin START
2024-08-08 23:00:05.717 +08:00 [INF] TenderController QueryTenderAdmin START
2024-08-08 23:00:05.773 +08:00 [INF] TenderController QueryTenderAdmin START
