2024-05-27 02:48:25.390 +08:00 [INF] MemberController GetMemberList START
2024-05-27 02:48:27.938 +08:00 [INF] MemberController GetMemberList END
2024-05-27 12:31:19.224 +08:00 [INF] MemberController GetMemberList START
2024-05-27 16:20:00.814 +08:00 [INF] MemberController GetMemberList START
2024-05-27 16:20:07.210 +08:00 [INF] MemberController GetMemberList END
2024-05-27 17:35:18.017 +08:00 [INF] MembersController QueryMember START
2024-05-27 17:36:35.837 +08:00 [INF] MembersController QueryMember START
2024-05-27 17:36:40.629 +08:00 [INF] MembersController QueryMember START
2024-05-27 17:40:38.979 +08:00 [INF] MembersController QueryMember START
2024-05-27 17:44:28.583 +08:00 [INF] MembersController QueryMember START
2024-05-27 17:45:55.983 +08:00 [INF] MembersController QueryMember START
2024-05-27 17:46:04.379 +08:00 [INF] MembersController GetMember START
2024-05-27 17:46:04.540 +08:00 [INF] MembersController GetMember START
2024-05-27 17:48:12.607 +08:00 [INF] MembersController GetMember START
2024-05-27 17:48:12.703 +08:00 [INF] MembersController GetMember START
2024-05-27 17:48:18.683 +08:00 [INF] MembersController QueryMember START
2024-05-27 17:52:34.986 +08:00 [INF] MembersController QueryMember START
2024-05-27 17:53:16.785 +08:00 [INF] MembersController QueryMember START
2024-05-27 17:53:20.216 +08:00 [INF] MembersController QueryMember START
2024-05-27 17:55:23.884 +08:00 [INF] MembersController QueryMember START
2024-05-27 18:20:19.790 +08:00 [INF] MembersController QueryMember START
2024-05-27 18:20:29.397 +08:00 [INF] MembersController QueryMember START
2024-05-27 18:20:52.826 +08:00 [INF] MembersController GetMember START
2024-05-27 18:20:52.902 +08:00 [INF] MembersController GetMember START
2024-05-27 18:24:53.586 +08:00 [INF] MembersController QueryMember START
2024-05-27 18:26:57.860 +08:00 [INF] MembersController QueryMember START
2024-05-27 18:28:38.844 +08:00 [INF] MembersController QueryMember START
2024-05-27 18:29:04.843 +08:00 [INF] MembersController QueryMember START
2024-05-27 18:30:25.007 +08:00 [INF] MembersController PutMember START
2024-05-27 18:31:08.183 +08:00 [INF] MembersController PutMember START
2024-05-27 18:35:56.566 +08:00 [INF] MembersController PutMember START
2024-05-27 18:36:18.574 +08:00 [INF] MembersController PutMember START
2024-05-27 18:36:27.267 +08:00 [INF] MembersController GetMember START
2024-05-27 18:36:27.812 +08:00 [INF] MembersController GetMember START
2024-05-27 18:37:39.211 +08:00 [INF] MembersController GetMember START
2024-05-27 18:37:39.340 +08:00 [INF] MembersController GetMember START
2024-05-27 18:37:52.052 +08:00 [INF] MembersController GetMember START
2024-05-27 18:37:52.325 +08:00 [INF] MembersController GetMember START
