2024-08-21 15:12:09.097 +08:00 [INF] AnnouncementController GetAnnImage START
2024-08-21 15:12:09.136 +08:00 [INF] AnnouncementController GetAnnImage START
2024-08-21 15:12:11.654 +08:00 [INF] AnnouncementController GetAnnImage START
2024-08-21 15:15:59.027 +08:00 [INF] AnnouncementController GetAnnImage START
2024-08-21 15:15:59.049 +08:00 [INF] AnnouncementController GetAnnImage START
2024-08-21 15:15:59.140 +08:00 [INF] AnnouncementController GetAnnImage START
2024-08-21 15:15:59.660 +08:00 [INF] AnnouncementController GetAnnImage START
2024-08-21 15:15:59.768 +08:00 [INF] AnnouncementController GetAnnImage START
2024-08-21 15:16:03.902 +08:00 [INF] AnnouncementController PutAnnouncement START
2024-08-21 15:16:03.956 +08:00 [INF] AnnouncementController PutAnnouncement END
2024-08-21 15:36:23.390 +08:00 [INF] AnnouncementController GetAnnImage START
2024-08-21 15:36:23.397 +08:00 [INF] AnnouncementController GetAnnImage START
2024-08-21 15:36:23.780 +08:00 [INF] AnnouncementController GetAnnImage START
2024-08-21 15:36:51.370 +08:00 [INF] AnnouncementController PutAnnouncement START
2024-08-21 15:37:07.365 +08:00 [INF] AnnouncementController PutAnnouncement START
2024-08-21 15:45:55.218 +08:00 [INF] AnnouncementController PutAnnouncement START
2024-08-21 15:45:55.245 +08:00 [INF] AnnouncementController PutAnnouncement END
2024-08-21 15:45:56.522 +08:00 [INF] AnnouncementController PutAnnouncement START
2024-08-21 15:45:57.052 +08:00 [INF] AnnouncementController PutAnnouncement END
2024-08-21 15:46:12.744 +08:00 [INF] AnnouncementController GetAnnImage START
2024-08-21 15:46:16.273 +08:00 [INF] AnnouncementController GetAnnImage START
2024-08-21 15:46:16.348 +08:00 [INF] AnnouncementController GetAnnImage START
2024-08-21 15:46:36.272 +08:00 [INF] AnnouncementController PutAnnouncement START
2024-08-21 15:46:36.403 +08:00 [INF] AnnouncementController PutAnnouncement END
2024-08-21 16:35:36.663 +08:00 [INF] AnnouncementController GetAnnImages START
2024-08-21 16:35:36.746 +08:00 [INF] AnnouncementController GetAnnImages END
2024-08-21 16:36:03.824 +08:00 [INF] AnnouncementController GetAnnImage START
2024-08-21 16:37:35.830 +08:00 [INF] AnnouncementController GetAnnImages START
2024-08-21 16:37:36.009 +08:00 [INF] AnnouncementController GetAnnImages END
2024-08-21 16:37:40.372 +08:00 [INF] AnnouncementController GetAnnImage START
2024-08-21 16:37:40.780 +08:00 [INF] AnnouncementController GetAnnImage START
2024-08-21 16:37:40.792 +08:00 [INF] AnnouncementController GetAnnImage START
2024-08-21 16:37:50.502 +08:00 [INF] AnnouncementController PutAnnouncement START
2024-08-21 16:37:50.513 +08:00 [INF] AnnouncementController PutAnnouncement END
2024-08-21 16:37:51.669 +08:00 [INF] AnnouncementController GetAnnImages START
2024-08-21 16:37:51.969 +08:00 [INF] AnnouncementController GetAnnImages END
2024-08-21 16:37:52.055 +08:00 [INF] AnnouncementController GetAnnImage START
2024-08-21 16:38:39.260 +08:00 [INF] AnnouncementController GetAnnImages START
2024-08-21 16:38:39.291 +08:00 [INF] AnnouncementController GetAnnImages END
2024-08-21 16:38:39.465 +08:00 [INF] AnnouncementController GetAnnImage START
2024-08-21 16:38:39.517 +08:00 [INF] AnnouncementController GetAnnImage START
2024-08-21 16:38:40.402 +08:00 [INF] AnnouncementController GetAnnImage START
2024-08-21 16:38:44.695 +08:00 [INF] AnnouncementController GetAnnImages START
2024-08-21 16:38:44.720 +08:00 [INF] AnnouncementController GetAnnImages END
2024-08-21 16:38:45.231 +08:00 [INF] AnnouncementController GetAnnImage START
2024-08-21 16:38:45.482 +08:00 [INF] AnnouncementController GetAnnImage START
2024-08-21 16:38:47.366 +08:00 [INF] AnnouncementController GetAnnImage START
2024-08-21 16:41:07.169 +08:00 [INF] AnnouncementController GetAnnImages START
2024-08-21 16:41:07.173 +08:00 [INF] AnnouncementController GetAnnImages END
2024-08-21 16:41:07.520 +08:00 [INF] AnnouncementController GetAnnImage START
2024-08-21 16:41:07.979 +08:00 [INF] AnnouncementController GetAnnImages START
2024-08-21 16:41:09.286 +08:00 [INF] AnnouncementController GetAnnImages END
2024-08-21 16:41:09.786 +08:00 [INF] AnnouncementController GetAnnImage START
2024-08-21 16:41:13.315 +08:00 [INF] AnnouncementController GetAnnImages START
2024-08-21 16:41:13.344 +08:00 [INF] AnnouncementController GetAnnImages END
2024-08-21 16:41:13.964 +08:00 [INF] AnnouncementController GetAnnImage START
2024-08-21 16:44:11.379 +08:00 [INF] AnnouncementController GetAnnImages START
2024-08-21 16:44:11.410 +08:00 [INF] AnnouncementController GetAnnImages END
2024-08-21 16:44:12.086 +08:00 [INF] AnnouncementController GetAnnImage START
2024-08-21 16:49:21.235 +08:00 [INF] AnnouncementController GetAnnImages START
2024-08-21 16:49:21.255 +08:00 [INF] AnnouncementController GetAnnImages END
2024-08-21 16:49:21.948 +08:00 [INF] AnnouncementController GetAnnImage START
2024-08-21 16:50:18.393 +08:00 [INF] AnnouncementController GetAnnImages START
2024-08-21 16:50:18.423 +08:00 [INF] AnnouncementController GetAnnImages END
2024-08-21 16:50:18.688 +08:00 [INF] AnnouncementController GetAnnImage START
2024-08-21 16:52:08.111 +08:00 [INF] AnnouncementController GetAnnImages START
2024-08-21 16:52:08.120 +08:00 [INF] AnnouncementController GetAnnImages END
2024-08-21 16:52:08.462 +08:00 [INF] AnnouncementController GetAnnImage START
2024-08-21 16:58:46.524 +08:00 [INF] AnnouncementController GetAnnImages START
2024-08-21 16:58:46.544 +08:00 [INF] AnnouncementController GetAnnImages END
2024-08-21 16:58:46.789 +08:00 [INF] AnnouncementController GetAnnImage START
2024-08-21 17:05:09.395 +08:00 [INF] AnnouncementController GetAnnImages START
2024-08-21 17:05:09.399 +08:00 [INF] AnnouncementController GetAnnImages END
2024-08-21 17:05:11.236 +08:00 [INF] AnnouncementController GetAnnImage START
2024-08-21 17:05:40.627 +08:00 [INF] AnnouncementController GetAnnImages START
2024-08-21 17:05:40.639 +08:00 [INF] AnnouncementController GetAnnImages END
2024-08-21 17:05:41.916 +08:00 [INF] AnnouncementController GetAnnImage START
2024-08-21 17:07:09.347 +08:00 [INF] AnnouncementController GetAnnImages START
2024-08-21 17:07:09.348 +08:00 [INF] AnnouncementController GetAnnImages END
2024-08-21 17:07:09.593 +08:00 [INF] AnnouncementController GetAnnImage START
2024-08-21 17:07:45.386 +08:00 [INF] AnnouncementController GetAnnImages START
2024-08-21 17:07:45.389 +08:00 [INF] AnnouncementController GetAnnImages END
2024-08-21 17:07:46.050 +08:00 [INF] AnnouncementController GetAnnImage START
2024-08-21 17:08:08.735 +08:00 [INF] AnnouncementController GetAnnImages START
2024-08-21 17:08:08.743 +08:00 [INF] AnnouncementController GetAnnImages END
2024-08-21 17:08:08.988 +08:00 [INF] AnnouncementController GetAnnImage START
2024-08-21 17:09:33.118 +08:00 [INF] AnnouncementController GetAnnImages START
2024-08-21 17:09:33.119 +08:00 [INF] AnnouncementController GetAnnImages END
2024-08-21 17:09:33.648 +08:00 [INF] AnnouncementController GetAnnImage START
2024-08-21 17:13:50.821 +08:00 [INF] AnnouncementController GetAnnImages START
2024-08-21 17:13:50.823 +08:00 [INF] AnnouncementController GetAnnImages END
2024-08-21 17:13:50.972 +08:00 [INF] AnnouncementController GetAnnImages START
2024-08-21 17:13:50.974 +08:00 [INF] AnnouncementController GetAnnImages END
2024-08-21 17:15:25.469 +08:00 [INF] AnnouncementController GetAnnImages START
2024-08-21 17:15:25.471 +08:00 [INF] AnnouncementController GetAnnImages END
2024-08-21 17:15:25.519 +08:00 [INF] AnnouncementController GetAnnImages START
2024-08-21 17:15:25.520 +08:00 [INF] AnnouncementController GetAnnImages END
2024-08-21 17:15:45.385 +08:00 [INF] AnnouncementController GetAnnImages START
2024-08-21 17:15:45.387 +08:00 [INF] AnnouncementController GetAnnImages END
2024-08-21 17:16:01.776 +08:00 [INF] AnnouncementController GetAnnImages START
2024-08-21 17:16:01.867 +08:00 [INF] AnnouncementController GetAnnImages END
2024-08-21 17:16:02.887 +08:00 [INF] AnnouncementController GetAnnImage START
2024-08-21 17:16:17.582 +08:00 [INF] AnnouncementController GetAnnImages START
2024-08-21 17:16:17.703 +08:00 [INF] AnnouncementController GetAnnImages END
2024-08-21 17:17:09.241 +08:00 [INF] AnnouncementController GetAnnImages START
2024-08-21 17:17:09.252 +08:00 [INF] AnnouncementController GetAnnImages END
2024-08-21 17:17:09.449 +08:00 [INF] AnnouncementController GetAnnImage START
2024-08-21 17:17:09.881 +08:00 [INF] AnnouncementController GetAnnImage START
2024-08-21 17:17:10.770 +08:00 [INF] AnnouncementController GetAnnImage START
2024-08-21 17:17:31.397 +08:00 [INF] AnnouncementController GetAnnImages START
2024-08-21 17:17:31.408 +08:00 [INF] AnnouncementController GetAnnImages END
2024-08-21 17:17:31.554 +08:00 [INF] AnnouncementController GetAnnImage START
2024-08-21 17:17:31.557 +08:00 [INF] AnnouncementController GetAnnImage START
2024-08-21 17:17:32.348 +08:00 [INF] AnnouncementController GetAnnImage START
2024-08-21 17:17:38.831 +08:00 [INF] AnnouncementController GetAnnImages START
2024-08-21 17:17:38.832 +08:00 [INF] AnnouncementController GetAnnImages END
2024-08-21 17:17:38.943 +08:00 [INF] AnnouncementController GetAnnImage START
2024-08-21 17:17:38.970 +08:00 [INF] AnnouncementController GetAnnImage START
2024-08-21 17:17:39.063 +08:00 [INF] AnnouncementController GetAnnImage START
2024-08-21 17:17:50.408 +08:00 [INF] AnnouncementController PutAnnouncement START
2024-08-21 17:17:50.410 +08:00 [INF] AnnouncementController PutAnnouncement END
2024-08-21 17:17:57.508 +08:00 [INF] AnnouncementController PutAnnouncement START
2024-08-21 17:17:57.574 +08:00 [INF] AnnouncementController PutAnnouncement END
2024-08-21 17:17:58.640 +08:00 [INF] AnnouncementController GetAnnImages START
2024-08-21 17:17:58.646 +08:00 [INF] AnnouncementController GetAnnImages END
2024-08-21 17:17:58.957 +08:00 [INF] AnnouncementController GetAnnImage START
