2024-08-13 02:17:55.975 +08:00 [INF] AnnouncementController PutAnnouncement START
2024-08-13 02:18:21.093 +08:00 [INF] AnnouncementController PutAnnouncement END
2024-08-13 02:19:18.332 +08:00 [INF] AnnouncementController PutAnnouncement START
2024-08-13 02:20:54.610 +08:00 [INF] AnnouncementController PutAnnouncement START
2024-08-13 02:21:01.888 +08:00 [INF] AnnouncementController PutAnnouncement END
2024-08-13 02:21:15.623 +08:00 [INF] AnnouncementController PutAnnouncement START
2024-08-13 02:21:33.450 +08:00 [INF] AnnouncementController PutAnnouncement END
2024-08-13 02:21:57.099 +08:00 [INF] AnnouncementController PutAnnouncement START
2024-08-13 02:22:21.469 +08:00 [INF] AnnouncementController PutAnnouncement END
2024-08-13 02:22:38.141 +08:00 [INF] AnnouncementController PutAnnouncement START
2024-08-13 02:22:43.160 +08:00 [INF] AnnouncementController PutAnnouncement END
2024-08-13 02:54:41.118 +08:00 [INF] AnnouncementController GetAnnImages START
2024-08-13 02:54:41.197 +08:00 [INF] AnnouncementController GetAnnImages END
2024-08-13 02:54:56.929 +08:00 [INF] AnnouncementController GetAnnImages START
2024-08-13 02:57:57.729 +08:00 [INF] AnnouncementController GetAnnImages START
2024-08-13 02:58:12.838 +08:00 [INF] AnnouncementController GetAnnImages END
2024-08-13 02:58:22.232 +08:00 [INF] AnnouncementController GetAnnImage START
2024-08-13 02:58:27.872 +08:00 [INF] AnnouncementController GetAnnImage START
2024-08-13 02:58:33.315 +08:00 [INF] AnnouncementController GetAnnImage START
2024-08-13 02:58:33.872 +08:00 [INF] AnnouncementController GetAnnImage START
2024-08-13 02:58:33.928 +08:00 [INF] AnnouncementController GetAnnImage START
2024-08-13 02:58:33.937 +08:00 [INF] AnnouncementController GetAnnImage START
2024-08-13 02:58:33.964 +08:00 [INF] AnnouncementController GetAnnImage START
2024-08-13 02:58:34.093 +08:00 [INF] AnnouncementController GetAnnImage START
2024-08-13 02:58:34.285 +08:00 [INF] AnnouncementController GetAnnImage START
2024-08-13 02:58:34.572 +08:00 [INF] AnnouncementController GetAnnImage START
2024-08-13 02:58:34.712 +08:00 [INF] AnnouncementController GetAnnImage START
2024-08-13 02:58:34.718 +08:00 [INF] AnnouncementController GetAnnImage START
2024-08-13 02:58:34.836 +08:00 [INF] AnnouncementController GetAnnImage START
2024-08-13 10:51:14.175 +08:00 [INF] AnnouncementController GetAnnouncement START
2024-08-13 10:51:14.573 +08:00 [INF] AnnouncementController GetAnnouncement END
2024-08-13 10:52:22.912 +08:00 [INF] AnnouncementController GetAnnouncement START
2024-08-13 10:52:25.121 +08:00 [INF] AnnouncementController GetAnnouncement END
2024-08-13 10:54:21.429 +08:00 [INF] AnnouncementController GetAnnouncement START
2024-08-13 10:54:22.991 +08:00 [INF] AnnouncementController GetAnnouncement END
2024-08-13 10:54:38.112 +08:00 [INF] AnnouncementController GetAnnouncement START
2024-08-13 10:54:38.561 +08:00 [INF] AnnouncementController GetAnnouncement END
