2025-01-27 03:10:45.880 +08:00 [INF] AnnouncementController QueryAnnBoardAdmin START
2025-01-27 03:10:46.580 +08:00 [INF] AnnouncementController QueryAnnBoardAdmin START
2025-01-27 03:10:54.515 +08:00 [INF] AnnouncementController QueryAnnBoardAdmin START
2025-01-27 03:10:54.693 +08:00 [INF] AnnouncementController QueryAnnBoardAdmin START
2025-01-27 03:11:45.451 +08:00 [INF] AnnouncementController QueryAnnBoardAdmin START
2025-01-27 03:11:45.644 +08:00 [INF] AnnouncementController QueryAnnBoardAdmin START
2025-01-27 03:12:08.600 +08:00 [INF] AnnouncementController QueryAnnBoardAdmin START
2025-01-27 03:12:09.015 +08:00 [INF] AnnouncementController QueryAnnBoardAdmin START
2025-01-27 03:13:12.983 +08:00 [INF] AnnouncementController QueryAnnBoardAdmin START
2025-01-27 03:13:15.263 +08:00 [INF] AnnouncementController QueryAnnBoardAdmin START
2025-01-27 03:13:21.659 +08:00 [INF] AnnouncementController QueryAnnBoardAdmin START
2025-01-27 03:14:10.132 +08:00 [INF] AnnouncementController QueryAnnBoardAdmin START
2025-01-27 03:16:23.176 +08:00 [INF] AnnouncementController QueryAnnBoardAdmin START
2025-01-27 03:17:37.516 +08:00 [INF] AnnouncementController QueryAnnBoardAdmin START
2025-01-27 03:17:50.973 +08:00 [INF] AnnouncementController QueryAnnBoardUser START
2025-01-27 03:17:51.093 +08:00 [INF] AnnouncementController QueryAnnBoardUser START
2025-01-27 03:19:33.775 +08:00 [INF] AnnouncementController QueryAnnBoardAdmin START
2025-01-27 03:20:40.686 +08:00 [INF] AnnouncementController QueryAnnBoardAdmin START
2025-01-27 03:20:43.749 +08:00 [INF] AnnouncementController QueryAnnBoardAdmin START
2025-01-27 03:21:57.910 +08:00 [INF] AnnouncementController QueryAnnBoardAdmin START
2025-01-27 03:22:07.628 +08:00 [INF] AnnouncementController QueryAnnBoardAdmin START
2025-01-27 03:22:11.836 +08:00 [INF] AnnouncementController GetAnnBoardImage START
2025-01-27 03:22:31.963 +08:00 [INF] AnnouncementController PutAnnouncement START
2025-01-27 03:22:41.591 +08:00 [INF] AnnouncementController PutAnnouncement END
2025-01-27 03:22:43.895 +08:00 [INF] AnnouncementController QueryAnnBoardAdmin START
2025-01-27 03:22:44.084 +08:00 [INF] AnnouncementController QueryAnnBoardAdmin START
2025-01-27 03:22:44.599 +08:00 [INF] AnnouncementController GetAnnBoardImage START
2025-01-27 03:22:54.335 +08:00 [INF] AnnouncementController PutAnnouncement START
2025-01-27 03:22:54.398 +08:00 [INF] AnnouncementController PutAnnouncement END
2025-01-27 03:22:56.623 +08:00 [INF] AnnouncementController QueryAnnBoardAdmin START
2025-01-27 03:22:56.966 +08:00 [INF] AnnouncementController QueryAnnBoardAdmin START
2025-01-27 03:22:58.319 +08:00 [INF] AnnouncementController GetAnnBoardImage START
2025-01-27 03:23:12.386 +08:00 [INF] AnnouncementController PutAnnouncement START
2025-01-27 03:23:12.522 +08:00 [INF] AnnouncementController PutAnnouncement END
2025-01-27 03:23:16.194 +08:00 [INF] AnnouncementController QueryAnnBoardAdmin START
2025-01-27 03:23:16.275 +08:00 [INF] AnnouncementController QueryAnnBoardAdmin START
2025-01-27 04:00:48.941 +08:00 [INF] AnnouncementController QueryAnnBoardUser START
2025-01-27 04:00:49.140 +08:00 [INF] AnnouncementController QueryAnnBoardUser START
2025-01-27 04:01:34.458 +08:00 [INF] AnnouncementController QueryAnnBoardUser START
2025-01-27 04:01:34.605 +08:00 [INF] AnnouncementController QueryAnnBoardUser START
2025-01-27 04:02:34.809 +08:00 [INF] AnnouncementController QueryAnnBoardUser START
2025-01-27 04:03:46.346 +08:00 [INF] AnnouncementController QueryAnnBoardAdmin START
2025-01-27 04:03:47.071 +08:00 [INF] AnnouncementController QueryAnnBoardAdmin START
2025-01-27 04:03:53.691 +08:00 [INF] AnnouncementController QueryAnnBoardAdmin START
2025-01-27 04:03:53.749 +08:00 [INF] AnnouncementController QueryAnnBoardAdmin START
2025-01-27 04:03:57.563 +08:00 [INF] AnnouncementController QueryAnnBoardAdmin START
2025-01-27 04:03:57.679 +08:00 [INF] AnnouncementController QueryAnnBoardAdmin START
2025-01-27 04:04:08.529 +08:00 [INF] AnnouncementController QueryAnnBoardUser START
2025-01-27 04:04:08.634 +08:00 [INF] AnnouncementController QueryAnnBoardUser START
2025-01-27 04:05:38.247 +08:00 [INF] AnnouncementController QueryAnnBoardUser START
2025-01-27 04:05:41.910 +08:00 [INF] AnnouncementController QueryAnnBoardUser START
2025-01-27 04:05:56.432 +08:00 [INF] AnnouncementController GetAnnBoardImage START
2025-01-27 04:05:59.423 +08:00 [INF] AnnouncementController QueryAnnBoardAdmin START
2025-01-27 04:06:00.336 +08:00 [INF] AnnouncementController QueryAnnBoardAdmin START
2025-01-27 04:06:27.712 +08:00 [INF] AnnouncementController QueryAnnBoardAdmin START
2025-01-27 04:06:28.278 +08:00 [INF] AnnouncementController QueryAnnBoardAdmin START
2025-01-27 04:11:53.024 +08:00 [INF] AnnouncementController QueryAnnBoardAdmin START
2025-01-27 04:11:53.648 +08:00 [INF] AnnouncementController QueryAnnBoardAdmin START
2025-01-27 04:15:26.832 +08:00 [INF] AnnouncementController QueryAnnBoardAdmin START
2025-01-27 04:15:27.716 +08:00 [INF] AnnouncementController QueryAnnBoardAdmin START
2025-01-27 04:15:29.744 +08:00 [INF] AnnouncementController GetAnnBoardImage START
2025-01-27 04:15:45.209 +08:00 [INF] AnnouncementController PutAnnouncement START
2025-01-27 04:15:46.530 +08:00 [INF] AnnouncementController PutAnnouncement END
2025-01-27 04:15:48.435 +08:00 [INF] AnnouncementController QueryAnnBoardAdmin START
2025-01-27 04:15:48.527 +08:00 [INF] AnnouncementController QueryAnnBoardAdmin START
2025-01-27 04:15:50.754 +08:00 [INF] AnnouncementController GetAnnBoardImage START
2025-01-27 04:15:59.113 +08:00 [INF] AnnouncementController PutAnnouncement START
2025-01-27 04:15:59.150 +08:00 [INF] AnnouncementController PutAnnouncement END
2025-01-27 04:16:01.225 +08:00 [INF] AnnouncementController QueryAnnBoardAdmin START
2025-01-27 04:16:01.294 +08:00 [INF] AnnouncementController QueryAnnBoardAdmin START
2025-01-27 04:16:07.191 +08:00 [INF] AnnouncementController PutAnnouncement START
2025-01-27 04:16:07.283 +08:00 [INF] AnnouncementController PutAnnouncement END
2025-01-27 04:16:09.041 +08:00 [INF] AnnouncementController QueryAnnBoardAdmin START
2025-01-27 04:16:09.279 +08:00 [INF] AnnouncementController QueryAnnBoardAdmin START
2025-01-27 04:17:01.856 +08:00 [INF] AnnouncementController QueryAnnBoardAdmin START
2025-01-27 04:17:01.993 +08:00 [INF] AnnouncementController QueryAnnBoardAdmin START
2025-01-27 04:17:05.927 +08:00 [INF] AnnouncementController PutAnnouncement START
2025-01-27 04:17:06.067 +08:00 [INF] AnnouncementController PutAnnouncement END
2025-01-27 04:17:08.645 +08:00 [INF] AnnouncementController QueryAnnBoardAdmin START
2025-01-27 04:17:09.208 +08:00 [INF] AnnouncementController QueryAnnBoardAdmin START
2025-01-27 04:17:30.153 +08:00 [INF] AnnouncementController PutAnnouncement START
2025-01-27 04:17:30.201 +08:00 [INF] AnnouncementController PutAnnouncement END
2025-01-27 04:17:31.819 +08:00 [INF] AnnouncementController QueryAnnBoardAdmin START
2025-01-27 04:17:32.023 +08:00 [INF] AnnouncementController QueryAnnBoardAdmin START
2025-01-27 04:17:34.423 +08:00 [INF] AnnouncementController GetAnnBoardImage START
2025-01-27 04:17:39.806 +08:00 [INF] AnnouncementController PutAnnouncement START
2025-01-27 04:17:39.859 +08:00 [INF] AnnouncementController PutAnnouncement END
2025-01-27 04:17:41.226 +08:00 [INF] AnnouncementController QueryAnnBoardAdmin START
2025-01-27 04:17:41.299 +08:00 [INF] AnnouncementController QueryAnnBoardAdmin START
2025-01-27 04:19:41.268 +08:00 [INF] AnnouncementController QueryAnnBoardAdmin START
2025-01-27 04:19:41.350 +08:00 [INF] AnnouncementController QueryAnnBoardAdmin START
2025-01-27 04:19:53.810 +08:00 [INF] AnnouncementController PutAnnouncement START
2025-01-27 04:19:53.919 +08:00 [INF] AnnouncementController PutAnnouncement END
2025-01-27 04:19:56.875 +08:00 [INF] AnnouncementController QueryAnnBoardAdmin START
2025-01-27 04:19:57.173 +08:00 [INF] AnnouncementController QueryAnnBoardAdmin START
2025-01-27 04:19:57.896 +08:00 [INF] AnnouncementController GetAnnBoardImage START
2025-01-27 04:20:06.410 +08:00 [INF] AnnouncementController PutAnnouncement START
2025-01-27 04:20:06.507 +08:00 [INF] AnnouncementController PutAnnouncement END
2025-01-27 04:21:44.042 +08:00 [INF] AnnouncementController QueryAnnBoardAdmin START
2025-01-27 04:21:44.091 +08:00 [INF] AnnouncementController QueryAnnBoardAdmin START
2025-01-27 04:23:56.415 +08:00 [INF] AnnouncementController PutAnnouncement START
2025-01-27 04:23:57.000 +08:00 [INF] AnnouncementController PutAnnouncement END
2025-01-27 04:24:02.556 +08:00 [INF] AnnouncementController QueryAnnBoardAdmin START
2025-01-27 04:24:05.165 +08:00 [INF] AnnouncementController QueryAnnBoardAdmin START
2025-01-27 04:24:19.360 +08:00 [INF] AnnouncementController QueryAnnBoardAdmin START
2025-01-27 04:24:21.079 +08:00 [INF] AnnouncementController QueryAnnBoardAdmin START
2025-01-27 04:24:21.091 +08:00 [INF] AnnouncementController QueryAnnBoardAdmin START
2025-01-27 04:24:21.151 +08:00 [INF] AnnouncementController QueryAnnBoardAdmin START
2025-01-27 04:24:26.137 +08:00 [INF] AnnouncementController PutAnnouncement START
2025-01-27 04:24:26.349 +08:00 [INF] AnnouncementController PutAnnouncement END
2025-01-27 04:24:27.870 +08:00 [INF] AnnouncementController QueryAnnBoardAdmin START
2025-01-27 04:24:27.967 +08:00 [INF] AnnouncementController QueryAnnBoardAdmin START
2025-01-27 04:32:02.290 +08:00 [INF] AnnouncementController QueryAnnBoardAdmin START
2025-01-27 04:32:03.344 +08:00 [INF] AnnouncementController QueryAnnBoardAdmin START
2025-01-27 04:32:11.404 +08:00 [INF] AnnouncementController PutAnnouncement START
2025-01-27 04:32:11.521 +08:00 [INF] AnnouncementController PutAnnouncement END
2025-01-27 04:32:13.181 +08:00 [INF] AnnouncementController QueryAnnBoardAdmin START
2025-01-27 04:32:13.323 +08:00 [INF] AnnouncementController QueryAnnBoardAdmin START
2025-01-27 04:32:13.648 +08:00 [INF] AnnouncementController GetAnnBoardImage START
2025-01-27 04:32:18.692 +08:00 [INF] AnnouncementController PutAnnouncement START
2025-01-27 04:32:18.749 +08:00 [INF] AnnouncementController PutAnnouncement END
2025-01-27 04:32:20.299 +08:00 [INF] AnnouncementController QueryAnnBoardAdmin START
2025-01-27 04:32:20.521 +08:00 [INF] AnnouncementController QueryAnnBoardAdmin START
2025-01-27 04:32:23.497 +08:00 [INF] AnnouncementController QueryAnnBoardAdmin START
2025-01-27 04:32:23.890 +08:00 [INF] AnnouncementController QueryAnnBoardAdmin START
2025-01-27 04:33:58.415 +08:00 [INF] AnnouncementController QueryAnnBoardAdmin START
2025-01-27 04:33:59.156 +08:00 [INF] AnnouncementController QueryAnnBoardAdmin START
2025-01-27 04:35:00.373 +08:00 [INF] AnnouncementController QueryAnnBoardAdmin START
2025-01-27 04:35:00.733 +08:00 [INF] AnnouncementController QueryAnnBoardAdmin START
2025-01-27 04:35:06.403 +08:00 [INF] AnnouncementController QueryAnnBoardAdmin START
2025-01-27 04:35:07.418 +08:00 [INF] AnnouncementController QueryAnnBoardAdmin START
2025-01-27 04:35:39.188 +08:00 [INF] AnnouncementController QueryAnnBoardAdmin START
2025-01-27 04:35:39.851 +08:00 [INF] AnnouncementController QueryAnnBoardAdmin START
2025-01-27 04:37:16.886 +08:00 [INF] AnnouncementController QueryAnnBoardAdmin START
2025-01-27 04:37:18.072 +08:00 [INF] AnnouncementController QueryAnnBoardAdmin START
2025-01-27 04:37:32.486 +08:00 [INF] AnnouncementController QueryAnnBoardAdmin START
2025-01-27 04:37:33.135 +08:00 [INF] AnnouncementController QueryAnnBoardAdmin START
2025-01-27 04:38:19.627 +08:00 [INF] AnnouncementController QueryAnnBoardAdmin START
2025-01-27 04:38:19.772 +08:00 [INF] AnnouncementController QueryAnnBoardAdmin START
2025-01-27 04:38:40.529 +08:00 [INF] AnnouncementController QueryAnnBoardAdmin START
2025-01-27 04:38:40.716 +08:00 [INF] AnnouncementController QueryAnnBoardAdmin START
2025-01-27 04:39:33.105 +08:00 [INF] AnnouncementController QueryAnnBoardAdmin START
2025-01-27 04:39:33.400 +08:00 [INF] AnnouncementController QueryAnnBoardAdmin START
2025-01-27 04:40:16.794 +08:00 [INF] AnnouncementController QueryAnnBoardAdmin START
2025-01-27 04:40:16.930 +08:00 [INF] AnnouncementController QueryAnnBoardAdmin START
2025-01-27 04:40:19.577 +08:00 [INF] AnnouncementController GetAnnBoardImage START
2025-01-27 04:40:22.335 +08:00 [INF] AnnouncementController QueryAnnBoardAdmin START
2025-01-27 04:40:23.079 +08:00 [INF] AnnouncementController QueryAnnBoardAdmin START
2025-01-27 04:41:24.471 +08:00 [INF] AnnouncementController QueryAnnBoardAdmin START
2025-01-27 04:41:26.048 +08:00 [INF] AnnouncementController QueryAnnBoardAdmin START
2025-01-27 04:42:35.596 +08:00 [INF] AnnouncementController QueryAnnBoardAdmin START
2025-01-27 04:42:36.222 +08:00 [INF] AnnouncementController QueryAnnBoardAdmin START
2025-01-27 04:54:59.405 +08:00 [INF] AnnouncementController PostAnnouncement START
2025-01-27 04:55:04.637 +08:00 [INF] AnnouncementController PostAnnouncement END
2025-01-27 04:55:14.515 +08:00 [INF] AnnouncementController PostAnnouncement START
2025-01-27 04:55:40.585 +08:00 [INF] AnnouncementController PostAnnouncement END
2025-01-27 04:55:50.588 +08:00 [INF] AnnouncementController PostAnnouncement START
2025-01-27 04:59:09.779 +08:00 [INF] AnnouncementController PostAnnouncement END
2025-01-27 04:59:49.654 +08:00 [INF] AnnouncementController PostAnnouncement START
2025-01-27 04:59:56.905 +08:00 [INF] AnnouncementController PostAnnouncement END
2025-01-27 04:59:59.144 +08:00 [INF] AnnouncementController QueryAnnBoardAdmin START
2025-01-27 04:59:59.543 +08:00 [INF] AnnouncementController QueryAnnBoardAdmin START
2025-01-27 05:00:01.116 +08:00 [INF] AnnouncementController QueryAnnBoardAdmin START
2025-01-27 05:00:01.158 +08:00 [INF] AnnouncementController QueryAnnBoardAdmin START
2025-01-27 05:00:01.900 +08:00 [INF] AnnouncementController QueryAnnBoardAdmin START
2025-01-27 05:00:01.965 +08:00 [INF] AnnouncementController QueryAnnBoardAdmin START
2025-01-27 05:00:03.792 +08:00 [INF] AnnouncementController GetAnnBoardImage START
2025-01-27 05:00:38.161 +08:00 [INF] AnnouncementController PutAnnouncement START
2025-01-27 05:00:38.238 +08:00 [INF] AnnouncementController PutAnnouncement END
2025-01-27 05:00:40.025 +08:00 [INF] AnnouncementController QueryAnnBoardAdmin START
2025-01-27 05:00:40.552 +08:00 [INF] AnnouncementController QueryAnnBoardAdmin START
2025-01-27 05:01:16.203 +08:00 [INF] AnnouncementController GetAnnBoardImage START
2025-01-27 05:01:20.102 +08:00 [INF] AnnouncementController QueryAnnBoardAdmin START
2025-01-27 05:01:20.132 +08:00 [INF] AnnouncementController QueryAnnBoardAdmin START
2025-01-27 05:01:21.265 +08:00 [INF] AnnouncementController QueryAnnBoardAdmin START
2025-01-27 05:01:21.308 +08:00 [INF] AnnouncementController QueryAnnBoardAdmin START
2025-01-27 05:01:23.982 +08:00 [INF] AnnouncementController QueryAnnBoardAdmin START
2025-01-27 05:01:24.013 +08:00 [INF] AnnouncementController QueryAnnBoardAdmin START
2025-01-27 05:01:24.933 +08:00 [INF] AnnouncementController QueryAnnBoardAdmin START
2025-01-27 05:01:24.999 +08:00 [INF] AnnouncementController QueryAnnBoardAdmin START
2025-01-27 06:06:19.436 +08:00 [INF] AnnouncementController QueryAnnBoardAdmin START
2025-01-27 06:06:19.727 +08:00 [INF] AnnouncementController QueryAnnBoardAdmin START
2025-01-27 06:06:20.478 +08:00 [INF] AnnouncementController GetAnnBoardImage START
