2025-02-03 04:58:25.576 +08:00 [INF] Now listening on: http://localhost:5000
2025-02-03 04:58:36.494 +08:00 [INF] Application started. Press Ctrl+C to shut down.
2025-02-03 04:58:40.133 +08:00 [INF] Hosting environment: Development
2025-02-03 04:58:41.734 +08:00 [INF] HTTP GET /swagger/index.html responded 200 in 1764.4509 ms
2025-02-03 04:58:43.589 +08:00 [INF] Content root path: D:\Project\DotNetBackEnd\DotNetBackEndCleanArchitecture\DotNetBackEndCleanArchitecture\DotNetBackEndApi
2025-02-03 04:58:47.093 +08:00 [INF] HTTP GET /swagger/v1/swagger.json responded 200 in 2233.9857 ms
2025-02-03 05:03:26.351 +08:00 [INF] TenderController GetTenderRecord START
2025-02-03 05:03:26.526 +08:00 [INF] Start processing HTTP request POST http://localhost:5001/api/TenderMgmt/TenderService/GetTenderRecord
2025-02-03 05:03:26.532 +08:00 [INF] Sending HTTP request POST http://localhost:5001/api/TenderMgmt/TenderService/GetTenderRecord
2025-02-03 05:03:30.146 +08:00 [INF] Received HTTP response headers after 3607.9205ms - 200
2025-02-03 05:03:30.200 +08:00 [INF] End processing HTTP request after 3682.3778ms - 200
2025-02-03 05:03:30.249 +08:00 [INF] TenderController GetTenderRecord END
2025-02-03 05:03:30.308 +08:00 [INF] HTTP GET /api/Tender/GetTenderRecord responded 200 in 4242.1613 ms
2025-02-03 05:05:18.881 +08:00 [INF] Now listening on: http://localhost:5000
2025-02-03 05:05:19.044 +08:00 [INF] Application started. Press Ctrl+C to shut down.
2025-02-03 05:05:19.058 +08:00 [INF] Hosting environment: Development
2025-02-03 05:05:19.100 +08:00 [INF] Content root path: D:\Project\DotNetBackEnd\DotNetBackEndCleanArchitecture\DotNetBackEndCleanArchitecture\DotNetBackEndApi
2025-02-03 05:05:22.265 +08:00 [INF] HTTP GET /swagger/index.html responded 200 in 614.4459 ms
2025-02-03 05:05:23.821 +08:00 [INF] HTTP GET /swagger/v1/swagger.json responded 200 in 813.1588 ms
2025-02-03 05:14:01.300 +08:00 [INF] TenderController GetTenderRecord START
2025-02-03 05:14:01.399 +08:00 [INF] Start processing HTTP request POST http://localhost:5001/api/TenderMgmt/TenderService/GetTenderRecord
2025-02-03 05:14:01.404 +08:00 [INF] Sending HTTP request POST http://localhost:5001/api/TenderMgmt/TenderService/GetTenderRecord
2025-02-03 05:14:03.132 +08:00 [INF] Received HTTP response headers after 1721.4778ms - 200
2025-02-03 05:14:03.135 +08:00 [INF] End processing HTTP request after 1740.7344ms - 200
2025-02-03 05:14:03.181 +08:00 [INF] TenderController GetTenderRecord END
2025-02-03 05:14:03.212 +08:00 [INF] HTTP GET /api/Tender/GetTenderRecord responded 200 in 2197.6621 ms
2025-02-03 05:14:07.112 +08:00 [INF] TenderController GetTenderRecord START
2025-02-03 05:14:07.272 +08:00 [INF] Start processing HTTP request POST http://localhost:5001/api/TenderMgmt/TenderService/GetTenderRecord
2025-02-03 05:14:07.274 +08:00 [INF] Sending HTTP request POST http://localhost:5001/api/TenderMgmt/TenderService/GetTenderRecord
2025-02-03 05:14:07.349 +08:00 [INF] Received HTTP response headers after 74.5666ms - 200
2025-02-03 05:14:07.351 +08:00 [INF] End processing HTTP request after 79.3416ms - 200
2025-02-03 05:14:07.355 +08:00 [INF] TenderController GetTenderRecord END
2025-02-03 05:14:07.359 +08:00 [INF] HTTP GET /api/Tender/GetTenderRecord responded 200 in 257.8532 ms
2025-02-03 05:14:08.076 +08:00 [INF] TenderController GetTenderRecord START
2025-02-03 05:14:08.078 +08:00 [INF] Start processing HTTP request POST http://localhost:5001/api/TenderMgmt/TenderService/GetTenderRecord
2025-02-03 05:14:08.079 +08:00 [INF] Sending HTTP request POST http://localhost:5001/api/TenderMgmt/TenderService/GetTenderRecord
2025-02-03 05:14:08.205 +08:00 [INF] Received HTTP response headers after 47.412ms - 200
2025-02-03 05:14:08.207 +08:00 [INF] End processing HTTP request after 129.1832ms - 200
2025-02-03 05:14:08.208 +08:00 [INF] TenderController GetTenderRecord END
2025-02-03 05:14:08.209 +08:00 [INF] HTTP GET /api/Tender/GetTenderRecord responded 200 in 135.7420 ms
2025-02-03 05:14:09.090 +08:00 [INF] TenderController GetTenderRecord START
2025-02-03 05:14:09.123 +08:00 [INF] Start processing HTTP request POST http://localhost:5001/api/TenderMgmt/TenderService/GetTenderRecord
2025-02-03 05:14:09.125 +08:00 [INF] Sending HTTP request POST http://localhost:5001/api/TenderMgmt/TenderService/GetTenderRecord
2025-02-03 05:14:09.180 +08:00 [INF] Received HTTP response headers after 52.7268ms - 200
2025-02-03 05:14:09.247 +08:00 [INF] End processing HTTP request after 123.9662ms - 200
2025-02-03 05:14:09.249 +08:00 [INF] TenderController GetTenderRecord END
2025-02-03 05:14:09.250 +08:00 [INF] HTTP GET /api/Tender/GetTenderRecord responded 200 in 161.1293 ms
2025-02-03 05:44:18.401 +08:00 [INF] Now listening on: http://localhost:5000
2025-02-03 05:44:18.419 +08:00 [INF] Application started. Press Ctrl+C to shut down.
2025-02-03 05:44:18.422 +08:00 [INF] Hosting environment: Development
2025-02-03 05:44:18.423 +08:00 [INF] Content root path: D:\Project\DotNetBackEnd\DotNetBackEndCleanArchitecture\DotNetBackEndCleanArchitecture\DotNetBackEndApi
2025-02-03 05:44:36.539 +08:00 [INF] HTTP GET /swagger/index.html responded 200 in 799.5860 ms
2025-02-03 05:44:40.420 +08:00 [INF] HTTP GET /swagger/v1/swagger.json responded 200 in 1527.8869 ms
