2025-01-23 20:53:58.502 +08:00 [INF] AnnouncementController GetAnnImages START
2025-01-23 20:54:02.602 +08:00 [INF] AnnouncementController GetAnnImages END
2025-01-23 20:54:05.728 +08:00 [INF] AnnouncementController GetAnnImages START
2025-01-23 20:54:09.177 +08:00 [INF] AnnouncementController GetAnnImages END
2025-01-23 20:54:11.401 +08:00 [INF] AnnouncementController GetAnnImage START
2025-01-23 20:54:11.445 +08:00 [INF] AnnouncementController GetAnnImage START
2025-01-23 20:54:11.448 +08:00 [INF] AnnouncementController GetAnnImage START
2025-01-23 20:55:40.301 +08:00 [INF] AnnouncementController PutAnnouncement START
2025-01-23 20:55:40.310 +08:00 [INF] AnnouncementController PutAnnouncement END
2025-01-23 20:55:42.919 +08:00 [INF] AnnouncementController GetAnnImages START
2025-01-23 20:55:42.948 +08:00 [INF] AnnouncementController GetAnnImages END
2025-01-23 20:55:42.985 +08:00 [INF] AnnouncementController GetAnnImage START
2025-01-23 21:16:28.490 +08:00 [INF] AnnouncementController GetAnnImages START
2025-01-23 21:16:28.542 +08:00 [INF] AnnouncementController GetAnnImages END
2025-01-23 21:16:31.892 +08:00 [INF] AnnouncementController GetAnnImage START
2025-01-23 21:16:31.892 +08:00 [INF] AnnouncementController GetAnnImage START
2025-01-23 21:16:31.892 +08:00 [INF] AnnouncementController GetAnnImage START
2025-01-23 21:16:59.023 +08:00 [INF] AnnouncementController PutAnnouncement START
2025-01-23 21:16:59.052 +08:00 [INF] AnnouncementController PutAnnouncement END
2025-01-23 21:17:01.585 +08:00 [INF] AnnouncementController GetAnnImages START
2025-01-23 21:17:01.625 +08:00 [INF] AnnouncementController GetAnnImages END
2025-01-23 21:17:04.108 +08:00 [INF] AnnouncementController GetAnnImages START
2025-01-23 21:17:04.131 +08:00 [INF] AnnouncementController GetAnnImages END
2025-01-23 21:17:04.745 +08:00 [INF] AnnouncementController GetAnnImage START
2025-01-23 21:17:04.771 +08:00 [INF] AnnouncementController GetAnnImage START
2025-01-23 21:17:04.786 +08:00 [INF] AnnouncementController GetAnnImage START
2025-01-23 21:26:24.482 +08:00 [INF] AnnouncementController GetAnnImages START
2025-01-23 21:26:26.823 +08:00 [INF] AnnouncementController GetAnnImages END
2025-01-23 21:26:32.684 +08:00 [INF] AnnouncementController GetAnnImage START
2025-01-23 21:26:32.691 +08:00 [INF] AnnouncementController GetAnnImage START
2025-01-23 21:26:34.709 +08:00 [INF] AnnouncementController GetAnnImage START
2025-01-23 21:32:02.292 +08:00 [INF] AnnouncementController GetAnnImages START
2025-01-23 21:32:02.313 +08:00 [INF] AnnouncementController GetAnnImages END
2025-01-23 21:32:02.370 +08:00 [INF] AnnouncementController GetAnnImages START
2025-01-23 21:32:02.373 +08:00 [INF] AnnouncementController GetAnnImages END
2025-01-23 21:32:03.422 +08:00 [INF] AnnouncementController GetAnnImage START
2025-01-23 21:32:04.368 +08:00 [INF] AnnouncementController GetAnnImage START
2025-01-23 21:32:06.841 +08:00 [INF] AnnouncementController GetAnnImage START
