2025-02-06 16:57:03.157 +08:00 [INF] Now listening on: http://localhost:5000
2025-02-06 16:57:04.805 +08:00 [INF] Application started. Press Ctrl+C to shut down.
2025-02-06 16:57:05.277 +08:00 [INF] Hosting environment: Development
2025-02-06 16:57:05.821 +08:00 [INF] Content root path: D:\Project\DotNetBackEnd\DotNetBackEndCleanArchitecture\DotNetBackEndCleanArchitecture\DotNetBackEndApi
2025-02-06 16:57:05.816 +08:00 [INF] HTTP GET /swagger/index.html responded 200 in 437.2679 ms
2025-02-06 16:57:08.890 +08:00 [INF] HTTP GET /swagger/v1/swagger.json responded 200 in 1290.2445 ms
2025-02-06 17:05:06.130 +08:00 [INF] Now listening on: http://localhost:5000
2025-02-06 17:05:06.154 +08:00 [INF] Application started. Press Ctrl+C to shut down.
2025-02-06 17:05:06.157 +08:00 [INF] Hosting environment: Development
2025-02-06 17:05:06.159 +08:00 [INF] Content root path: D:\Project\DotNetBackEnd\DotNetBackEndCleanArchitecture\DotNetBackEndCleanArchitecture\DotNetBackEndApi
2025-02-06 17:05:09.603 +08:00 [INF] HTTP GET /swagger/index.html responded 200 in 506.7275 ms
2025-02-06 17:05:21.708 +08:00 [INF] HTTP GET /swagger/v1/swagger.json responded 200 in 735.0388 ms
2025-02-06 17:11:32.951 +08:00 [INF] HomePictureController GetBlooperImages START
2025-02-06 17:11:33.317 +08:00 [INF] HomePictureController GetBlooperImages END
2025-02-06 17:11:33.414 +08:00 [INF] HTTP GET /api/HomePicture/GetBlooperImages responded 200 in 535.2302 ms
2025-02-06 17:11:33.944 +08:00 [INF] HomePictureController GetBlooperImage START
2025-02-06 17:11:34.142 +08:00 [INF] HomePictureController GetBlooperImage START
2025-02-06 17:11:34.100 +08:00 [INF] HomePictureController GetBlooperImage START
2025-02-06 17:11:34.017 +08:00 [INF] HomePictureController GetBlooperImage START
2025-02-06 17:11:34.440 +08:00 [INF] HTTP GET /api/HomePicture/GetBlooperImage/3dc70f6d-d41a-44a6-a460-aa16b37662fe_3.jpg responded 200 in 666.2957 ms
2025-02-06 17:11:34.407 +08:00 [INF] HomePictureController GetBlooperImage START
2025-02-06 17:11:34.501 +08:00 [INF] HTTP GET /api/HomePicture/GetBlooperImage/3dc70f6d-d41a-44a6-a460-aa16b37662fe_2.jpg responded 200 in 727.6898 ms
2025-02-06 17:11:35.346 +08:00 [INF] HomePictureController GetBlooperImage START
2025-02-06 17:11:34.567 +08:00 [INF] HTTP GET /api/HomePicture/GetBlooperImage/3dc70f6d-d41a-44a6-a460-aa16b37662fe_6.jpg responded 200 in 160.5642 ms
2025-02-06 17:11:34.536 +08:00 [INF] HTTP GET /api/HomePicture/GetBlooperImage/3dc70f6d-d41a-44a6-a460-aa16b37662fe_1.jpg responded 200 in 950.7876 ms
2025-02-06 17:11:35.364 +08:00 [INF] HomePictureController GetBlooperImage START
2025-02-06 17:11:34.253 +08:00 [INF] HomePictureController GetBlooperImage START
2025-02-06 17:11:34.676 +08:00 [INF] HTTP GET /api/HomePicture/GetBlooperImage/3dc70f6d-d41a-44a6-a460-aa16b37662fe_4.jpg responded 200 in 534.9467 ms
2025-02-06 17:11:35.387 +08:00 [INF] HTTP GET /api/HomePicture/GetBlooperImage/3dc70f6d-d41a-44a6-a460-aa16b37662fe_8.jpg responded 200 in 54.5909 ms
2025-02-06 17:11:35.446 +08:00 [INF] HTTP GET /api/HomePicture/GetBlooperImage/3dc70f6d-d41a-44a6-a460-aa16b37662fe_5.jpg responded 200 in 1194.4455 ms
2025-02-06 17:11:35.578 +08:00 [INF] HTTP GET /api/HomePicture/GetBlooperImage/3dc70f6d-d41a-44a6-a460-aa16b37662fe_7.jpg responded 200 in 215.4305 ms
2025-02-06 17:13:36.131 +08:00 [INF] Now listening on: http://localhost:5000
2025-02-06 17:13:36.239 +08:00 [INF] Application started. Press Ctrl+C to shut down.
2025-02-06 17:13:36.261 +08:00 [INF] Hosting environment: Development
2025-02-06 17:13:36.276 +08:00 [INF] Content root path: D:\Project\DotNetBackEnd\DotNetBackEndCleanArchitecture\DotNetBackEndCleanArchitecture\DotNetBackEndApi
2025-02-06 17:13:38.141 +08:00 [INF] HTTP GET /swagger/index.html responded 200 in 363.2887 ms
2025-02-06 17:13:39.694 +08:00 [INF] HTTP GET /swagger/v1/swagger.json responded 200 in 858.6749 ms
2025-02-06 17:14:09.884 +08:00 [INF] HomePictureController PutBlooperFrontPage START
2025-02-06 17:14:09.904 +08:00 [INF] HomePictureController PutBlooperFrontPage END
2025-02-06 17:14:09.923 +08:00 [INF] HTTP PUT /api/HomePicture/PutBlooperFrontPage responded 200 in 251.4506 ms
2025-02-06 17:14:11.294 +08:00 [INF] HomePictureController GetBlooperImages START
2025-02-06 17:14:11.480 +08:00 [INF] HomePictureController GetBlooperImages END
2025-02-06 17:14:12.421 +08:00 [INF] HTTP GET /api/HomePicture/GetBlooperImages responded 200 in 1130.1769 ms
2025-02-06 17:14:12.524 +08:00 [INF] HomePictureController GetBlooperImage START
2025-02-06 17:14:12.634 +08:00 [INF] HTTP GET /api/HomePicture/GetBlooperImage/3dc70f6d-d41a-44a6-a460-aa16b37662fe_01.png responded 200 in 146.2103 ms
2025-02-06 17:14:19.269 +08:00 [INF] HomePictureController GetBlooperImages START
2025-02-06 17:14:19.276 +08:00 [INF] HomePictureController GetBlooperImages END
2025-02-06 17:14:19.278 +08:00 [INF] HTTP GET /api/HomePicture/GetBlooperImages responded 200 in 10.0255 ms
2025-02-06 17:14:20.269 +08:00 [INF] HomePictureController GetBlooperImage START
2025-02-06 17:14:21.488 +08:00 [INF] HomePictureController GetBlooperImage START
2025-02-06 17:14:21.945 +08:00 [INF] HTTP GET /api/HomePicture/GetBlooperImage/3dc70f6d-d41a-44a6-a460-aa16b37662fe_01.png responded 200 in 1678.0722 ms
2025-02-06 17:14:21.903 +08:00 [INF] HomePictureController GetBlooperImage START
2025-02-06 17:14:21.945 +08:00 [INF] HomePictureController GetBlooperImage START
2025-02-06 17:14:21.984 +08:00 [INF] HomePictureController GetBlooperImage START
2025-02-06 17:14:22.041 +08:00 [INF] HTTP GET /api/HomePicture/GetBlooperImage/3dc70f6d-d41a-44a6-a460-aa16b37662fe_1.jpg responded 200 in 552.6244 ms
2025-02-06 17:14:22.084 +08:00 [INF] HomePictureController GetBlooperImage START
2025-02-06 17:14:22.027 +08:00 [INF] HomePictureController GetBlooperImage START
2025-02-06 17:14:22.073 +08:00 [INF] HomePictureController GetBlooperImage START
2025-02-06 17:14:22.234 +08:00 [INF] HTTP GET /api/HomePicture/GetBlooperImage/3dc70f6d-d41a-44a6-a460-aa16b37662fe_4.jpg responded 200 in 290.0400 ms
2025-02-06 17:14:22.236 +08:00 [INF] HTTP GET /api/HomePicture/GetBlooperImage/3dc70f6d-d41a-44a6-a460-aa16b37662fe_3.jpg responded 200 in 251.9427 ms
2025-02-06 17:14:22.229 +08:00 [INF] HTTP GET /api/HomePicture/GetBlooperImage/3dc70f6d-d41a-44a6-a460-aa16b37662fe_2.jpg responded 200 in 202.2678 ms
2025-02-06 17:14:22.306 +08:00 [INF] HTTP GET /api/HomePicture/GetBlooperImage/3dc70f6d-d41a-44a6-a460-aa16b37662fe_5.jpg responded 200 in 403.7644 ms
2025-02-06 17:14:22.314 +08:00 [INF] HomePictureController GetBlooperImage START
2025-02-06 17:14:22.318 +08:00 [INF] HTTP GET /api/HomePicture/GetBlooperImage/3dc70f6d-d41a-44a6-a460-aa16b37662fe_8.jpg responded 200 in 234.6375 ms
2025-02-06 17:14:22.323 +08:00 [INF] HTTP GET /api/HomePicture/GetBlooperImage/3dc70f6d-d41a-44a6-a460-aa16b37662fe_7.jpg responded 200 in 250.8046 ms
2025-02-06 17:14:22.325 +08:00 [INF] HTTP GET /api/HomePicture/GetBlooperImage/3dc70f6d-d41a-44a6-a460-aa16b37662fe_6.jpg responded 200 in 11.2270 ms
2025-02-06 17:14:36.562 +08:00 [INF] HomePictureController PutBlooperFrontPage START
2025-02-06 17:14:36.566 +08:00 [INF] HomePictureController PutBlooperFrontPage END
2025-02-06 17:14:36.592 +08:00 [INF] HTTP PUT /api/HomePicture/PutBlooperFrontPage responded 200 in 31.3458 ms
2025-02-06 17:14:37.949 +08:00 [INF] HomePictureController GetBlooperImages START
2025-02-06 17:14:37.994 +08:00 [INF] HomePictureController GetBlooperImages END
2025-02-06 17:14:37.995 +08:00 [INF] HTTP GET /api/HomePicture/GetBlooperImages responded 200 in 46.6528 ms
2025-02-06 17:14:38.037 +08:00 [INF] HomePictureController GetBlooperImage START
2025-02-06 17:14:38.042 +08:00 [INF] HTTP GET /api/HomePicture/GetBlooperImage/3dc70f6d-d41a-44a6-a460-aa16b37662fe_03.png responded 200 in 5.9811 ms
2025-02-06 17:16:22.236 +08:00 [INF] HomePictureController PutBlooperFrontPage START
2025-02-06 17:16:44.093 +08:00 [INF] HomePictureController PutBlooperFrontPage END
2025-02-06 17:16:44.114 +08:00 [INF] HTTP PUT /api/HomePicture/PutBlooperFrontPage responded 200 in 49510.0792 ms
2025-02-06 17:16:46.567 +08:00 [INF] HomePictureController GetBlooperImages START
2025-02-06 17:16:46.599 +08:00 [INF] HomePictureController GetBlooperImages END
2025-02-06 17:16:46.619 +08:00 [INF] HTTP GET /api/HomePicture/GetBlooperImages responded 200 in 54.5565 ms
2025-02-06 17:18:02.380 +08:00 [INF] HomePictureController GetBlooperImages START
2025-02-06 17:18:02.483 +08:00 [INF] HomePictureController GetBlooperImages END
2025-02-06 17:18:02.487 +08:00 [INF] HTTP GET /api/HomePicture/GetBlooperImages responded 200 in 107.4267 ms
2025-02-06 17:18:02.677 +08:00 [INF] HomePictureController GetBlooperImage START
2025-02-06 17:18:02.719 +08:00 [INF] HomePictureController GetBlooperImage START
2025-02-06 17:18:02.761 +08:00 [INF] HomePictureController GetBlooperImage START
2025-02-06 17:18:05.138 +08:00 [INF] HomePictureController GetBlooperImage START
2025-02-06 17:18:05.160 +08:00 [INF] HomePictureController GetBlooperImage START
2025-02-06 17:18:05.162 +08:00 [INF] HomePictureController GetBlooperImage START
2025-02-06 17:18:05.195 +08:00 [INF] HTTP GET /api/HomePicture/GetBlooperImage/3dc70f6d-d41a-44a6-a460-aa16b37662fe_01.jpg responded 200 in 2518.1172 ms
2025-02-06 17:18:05.195 +08:00 [INF] HTTP GET /api/HomePicture/GetBlooperImage/3dc70f6d-d41a-44a6-a460-aa16b37662fe_02.jpg responded 200 in 2478.5823 ms
2025-02-06 17:18:05.273 +08:00 [INF] HTTP GET /api/HomePicture/GetBlooperImage/3dc70f6d-d41a-44a6-a460-aa16b37662fe_04.jpg responded 200 in 136.8387 ms
2025-02-06 17:18:05.276 +08:00 [INF] HTTP GET /api/HomePicture/GetBlooperImage/3dc70f6d-d41a-44a6-a460-aa16b37662fe_03.jpg responded 200 in 2515.3180 ms
2025-02-06 17:18:05.300 +08:00 [INF] HTTP GET /api/HomePicture/GetBlooperImage/3dc70f6d-d41a-44a6-a460-aa16b37662fe_06.jpg responded 200 in 138.0987 ms
2025-02-06 17:18:05.316 +08:00 [INF] HomePictureController GetBlooperImage START
2025-02-06 17:18:05.282 +08:00 [INF] HTTP GET /api/HomePicture/GetBlooperImage/3dc70f6d-d41a-44a6-a460-aa16b37662fe_05.jpg responded 200 in 121.9676 ms
2025-02-06 17:18:05.351 +08:00 [INF] HTTP GET /api/HomePicture/GetBlooperImage/3dc70f6d-d41a-44a6-a460-aa16b37662fe_08.jpg responded 200 in 35.0481 ms
2025-02-06 17:18:05.333 +08:00 [INF] HomePictureController GetBlooperImage START
2025-02-06 17:18:05.409 +08:00 [INF] HTTP GET /api/HomePicture/GetBlooperImage/3dc70f6d-d41a-44a6-a460-aa16b37662fe_07.jpg responded 200 in 76.0320 ms
2025-02-06 17:18:11.712 +08:00 [INF] HomePictureController PutBlooperFrontPage START
2025-02-06 17:18:11.734 +08:00 [INF] HomePictureController PutBlooperFrontPage END
2025-02-06 17:18:11.739 +08:00 [INF] HTTP PUT /api/HomePicture/PutBlooperFrontPage responded 200 in 29.7491 ms
2025-02-06 17:18:13.074 +08:00 [INF] HomePictureController GetBlooperImages START
2025-02-06 17:18:13.133 +08:00 [INF] HomePictureController GetBlooperImages END
2025-02-06 17:18:13.155 +08:00 [INF] HTTP GET /api/HomePicture/GetBlooperImages responded 200 in 81.1731 ms
2025-02-06 17:18:13.255 +08:00 [INF] HomePictureController GetBlooperImage START
2025-02-06 17:18:13.353 +08:00 [INF] HTTP GET /api/HomePicture/GetBlooperImage/3dc70f6d-d41a-44a6-a460-aa16b37662fe_01.png responded 200 in 98.1588 ms
2025-02-06 17:18:15.749 +08:00 [INF] HomePictureController GetBlooperImages START
2025-02-06 17:18:15.796 +08:00 [INF] HomePictureController GetBlooperImages END
2025-02-06 17:18:15.802 +08:00 [INF] HTTP GET /api/HomePicture/GetBlooperImages responded 200 in 54.0086 ms
2025-02-06 17:18:15.905 +08:00 [INF] HomePictureController GetBlooperImage START
2025-02-06 17:18:16.090 +08:00 [INF] HomePictureController GetBlooperImage START
2025-02-06 17:18:17.136 +08:00 [INF] HTTP GET /api/HomePicture/GetBlooperImage/3dc70f6d-d41a-44a6-a460-aa16b37662fe_01.png responded 200 in 1231.0697 ms
2025-02-06 17:18:17.151 +08:00 [INF] HTTP GET /api/HomePicture/GetBlooperImage/3dc70f6d-d41a-44a6-a460-aa16b37662fe_04.jpg responded 200 in 1060.9407 ms
2025-02-06 17:18:15.906 +08:00 [INF] HomePictureController GetBlooperImage START
2025-02-06 17:18:15.922 +08:00 [INF] HomePictureController GetBlooperImage START
2025-02-06 17:18:17.243 +08:00 [INF] HomePictureController GetBlooperImage START
2025-02-06 17:18:16.924 +08:00 [INF] HomePictureController GetBlooperImage START
2025-02-06 17:18:17.157 +08:00 [INF] HomePictureController GetBlooperImage START
2025-02-06 17:18:17.211 +08:00 [INF] HomePictureController GetBlooperImage START
2025-02-06 17:18:17.255 +08:00 [INF] HTTP GET /api/HomePicture/GetBlooperImage/3dc70f6d-d41a-44a6-a460-aa16b37662fe_02.jpg responded 200 in 1348.8047 ms
2025-02-06 17:18:17.336 +08:00 [INF] HTTP GET /api/HomePicture/GetBlooperImage/3dc70f6d-d41a-44a6-a460-aa16b37662fe_03.jpg responded 200 in 1414.7947 ms
2025-02-06 17:18:17.339 +08:00 [INF] HTTP GET /api/HomePicture/GetBlooperImage/3dc70f6d-d41a-44a6-a460-aa16b37662fe_06.jpg responded 200 in 181.8915 ms
2025-02-06 17:18:17.341 +08:00 [INF] HTTP GET /api/HomePicture/GetBlooperImage/3dc70f6d-d41a-44a6-a460-aa16b37662fe_08.jpg responded 200 in 98.9204 ms
2025-02-06 17:18:17.350 +08:00 [INF] HTTP GET /api/HomePicture/GetBlooperImage/3dc70f6d-d41a-44a6-a460-aa16b37662fe_05.jpg responded 200 in 425.7108 ms
2025-02-06 17:18:17.323 +08:00 [INF] HTTP GET /api/HomePicture/GetBlooperImage/3dc70f6d-d41a-44a6-a460-aa16b37662fe_07.jpg responded 200 in 112.6172 ms
2025-02-06 17:19:18.187 +08:00 [INF] HomePictureController PutBlooperFrontPage START
2025-02-06 17:20:16.743 +08:00 [INF] HomePictureController PutBlooperFrontPage END
2025-02-06 17:20:16.760 +08:00 [INF] HTTP PUT /api/HomePicture/PutBlooperFrontPage responded 200 in 58565.4212 ms
2025-02-06 17:20:18.814 +08:00 [INF] HomePictureController GetBlooperImages START
2025-02-06 17:20:18.816 +08:00 [INF] HomePictureController GetBlooperImages END
2025-02-06 17:20:18.887 +08:00 [INF] HTTP GET /api/HomePicture/GetBlooperImages responded 200 in 73.1707 ms
2025-02-06 17:20:39.930 +08:00 [INF] HomePictureController GetBlooperImages START
2025-02-06 17:20:39.950 +08:00 [INF] HomePictureController GetBlooperImages END
2025-02-06 17:20:39.952 +08:00 [INF] HTTP GET /api/HomePicture/GetBlooperImages responded 200 in 21.6237 ms
2025-02-06 17:20:40.263 +08:00 [INF] HomePictureController GetBlooperImage START
2025-02-06 17:20:40.515 +08:00 [INF] HomePictureController GetBlooperImage START
2025-02-06 17:20:40.310 +08:00 [INF] HomePictureController GetBlooperImage START
2025-02-06 17:20:40.755 +08:00 [INF] HomePictureController GetBlooperImage START
2025-02-06 17:20:40.755 +08:00 [INF] HTTP GET /api/HomePicture/GetBlooperImage/3dc70f6d-d41a-44a6-a460-aa16b37662fe_01.png responded 200 in 498.5622 ms
2025-02-06 17:20:40.811 +08:00 [INF] HTTP GET /api/HomePicture/GetBlooperImage/3dc70f6d-d41a-44a6-a460-aa16b37662fe_02.jpg responded 200 in 500.8984 ms
2025-02-06 17:20:40.673 +08:00 [INF] HomePictureController GetBlooperImage START
2025-02-06 17:20:40.712 +08:00 [INF] HomePictureController GetBlooperImage START
2025-02-06 17:20:40.901 +08:00 [INF] HomePictureController GetBlooperImage START
2025-02-06 17:20:40.921 +08:00 [INF] HTTP GET /api/HomePicture/GetBlooperImage/3dc70f6d-d41a-44a6-a460-aa16b37662fe_03.jpg responded 200 in 405.6817 ms
2025-02-06 17:20:40.940 +08:00 [INF] HomePictureController GetBlooperImage START
2025-02-06 17:20:40.953 +08:00 [INF] HTTP GET /api/HomePicture/GetBlooperImage/3dc70f6d-d41a-44a6-a460-aa16b37662fe_05.jpg responded 200 in 240.9738 ms
2025-02-06 17:20:40.976 +08:00 [INF] HTTP GET /api/HomePicture/GetBlooperImage/3dc70f6d-d41a-44a6-a460-aa16b37662fe_04.jpg responded 200 in 305.1566 ms
2025-02-06 17:20:40.979 +08:00 [INF] HTTP GET /api/HomePicture/GetBlooperImage/3dc70f6d-d41a-44a6-a460-aa16b37662fe_07.jpg responded 200 in 77.6969 ms
2025-02-06 17:20:40.983 +08:00 [INF] HTTP GET /api/HomePicture/GetBlooperImage/3dc70f6d-d41a-44a6-a460-aa16b37662fe_00.jpg responded 200 in 42.9610 ms
2025-02-06 17:20:40.953 +08:00 [INF] HTTP GET /api/HomePicture/GetBlooperImage/3dc70f6d-d41a-44a6-a460-aa16b37662fe_06.jpg responded 200 in 200.1499 ms
2025-02-06 17:20:47.182 +08:00 [INF] HomePictureController PutBlooperFrontPage START
2025-02-06 17:20:50.095 +08:00 [INF] HomePictureController PutBlooperFrontPage END
2025-02-06 17:20:50.099 +08:00 [INF] HTTP PUT /api/HomePicture/PutBlooperFrontPage responded 200 in 2917.1412 ms
2025-02-06 17:20:52.481 +08:00 [INF] HomePictureController GetBlooperImages START
2025-02-06 17:20:52.992 +08:00 [INF] HomePictureController GetBlooperImages END
2025-02-06 17:20:53.003 +08:00 [INF] HTTP GET /api/HomePicture/GetBlooperImages responded 200 in 521.6762 ms
2025-02-06 17:20:53.034 +08:00 [INF] HomePictureController GetBlooperImage START
2025-02-06 17:20:53.037 +08:00 [INF] HTTP GET /api/HomePicture/GetBlooperImage/3dc70f6d-d41a-44a6-a460-aa16b37662fe_03.png responded 200 in 3.8235 ms
2025-02-06 18:16:30.847 +08:00 [INF] Now listening on: http://localhost:5000
2025-02-06 18:16:30.926 +08:00 [INF] Application started. Press Ctrl+C to shut down.
2025-02-06 18:16:30.935 +08:00 [INF] Hosting environment: Development
2025-02-06 18:16:30.936 +08:00 [INF] Content root path: D:\Project\DotNetBackEnd\DotNetBackEndCleanArchitecture\DotNetBackEndCleanArchitecture\DotNetBackEndApi
2025-02-06 18:16:33.009 +08:00 [INF] HTTP GET /swagger/index.html responded 200 in 493.7814 ms
2025-02-06 18:16:35.126 +08:00 [INF] HTTP GET /swagger/v1/swagger.json responded 200 in 1459.8121 ms
2025-02-06 18:16:41.704 +08:00 [INF] HomePictureController GetAnnImages START
2025-02-06 18:16:41.827 +08:00 [INF] HomePictureController GetAnnImages END
2025-02-06 18:16:41.847 +08:00 [INF] HTTP GET /api/HomePicture/GetAnnImages responded 200 in 212.9355 ms
2025-02-06 18:16:42.829 +08:00 [INF] HomePictureController GetAnnImage START
2025-02-06 18:16:45.337 +08:00 [INF] HomePictureController GetAnnImage START
2025-02-06 18:16:47.460 +08:00 [INF] HTTP GET /api/HomePicture/GetAnnImage/8e394045-1298-4610-9a2c-4bc9b08bc71a_00.png responded 404 in 5164.5546 ms
2025-02-06 18:16:42.829 +08:00 [INF] HomePictureController GetAnnImage START
2025-02-06 18:16:47.540 +08:00 [INF] HTTP GET /api/HomePicture/GetAnnImage/8e394045-1298-4610-9a2c-4bc9b08bc71a_01.png responded 404 in 4730.5039 ms
2025-02-06 18:16:47.461 +08:00 [INF] HTTP GET /api/HomePicture/GetAnnImage/8e394045-1298-4610-9a2c-4bc9b08bc71a_02.png responded 404 in 2124.7920 ms
2025-02-06 18:16:49.726 +08:00 [INF] HomePictureController GetAnnImages START
2025-02-06 18:16:49.729 +08:00 [INF] HomePictureController GetAnnImages END
2025-02-06 18:16:49.730 +08:00 [INF] HTTP GET /api/HomePicture/GetAnnImages responded 200 in 4.1079 ms
2025-02-06 18:16:51.083 +08:00 [INF] HomePictureController GetAnnImage START
2025-02-06 18:16:51.148 +08:00 [INF] HomePictureController GetAnnImage START
2025-02-06 18:16:51.149 +08:00 [INF] HomePictureController GetAnnImage START
2025-02-06 18:16:52.355 +08:00 [INF] HTTP GET /api/HomePicture/GetAnnImage/8e394045-1298-4610-9a2c-4bc9b08bc71a_00.png responded 404 in 1272.0397 ms
2025-02-06 18:16:52.356 +08:00 [INF] HTTP GET /api/HomePicture/GetAnnImage/8e394045-1298-4610-9a2c-4bc9b08bc71a_02.png responded 404 in 1207.8080 ms
2025-02-06 18:16:52.355 +08:00 [INF] HTTP GET /api/HomePicture/GetAnnImage/8e394045-1298-4610-9a2c-4bc9b08bc71a_01.png responded 404 in 1207.3468 ms
2025-02-06 18:21:08.464 +08:00 [INF] Now listening on: http://localhost:5000
2025-02-06 18:21:08.509 +08:00 [INF] Application started. Press Ctrl+C to shut down.
2025-02-06 18:21:08.522 +08:00 [INF] Hosting environment: Development
2025-02-06 18:21:08.533 +08:00 [INF] Content root path: D:\Project\DotNetBackEnd\DotNetBackEndCleanArchitecture\DotNetBackEndCleanArchitecture\DotNetBackEndApi
2025-02-06 18:21:12.326 +08:00 [INF] HTTP GET /swagger/index.html responded 200 in 268.7903 ms
2025-02-06 18:21:13.738 +08:00 [INF] HTTP GET /swagger/v1/swagger.json responded 200 in 821.6120 ms
2025-02-06 18:21:19.033 +08:00 [INF] HomePictureController GetAnnImages START
2025-02-06 18:21:19.126 +08:00 [INF] HomePictureController GetAnnImages END
2025-02-06 18:21:19.149 +08:00 [INF] HTTP GET /api/HomePicture/GetAnnImages responded 200 in 162.3486 ms
2025-02-06 18:21:19.915 +08:00 [INF] HomePictureController GetAnnImage START
2025-02-06 18:21:19.920 +08:00 [INF] HomePictureController GetAnnImage START
2025-02-06 18:21:22.783 +08:00 [INF] HTTP GET /api/HomePicture/GetAnnImage/a39d806f-7463-4fd4-947f-7f81295b4213_01.png responded 200 in 2911.5340 ms
2025-02-06 18:21:22.835 +08:00 [INF] HTTP GET /api/HomePicture/GetAnnImage/a39d806f-7463-4fd4-947f-7f81295b4213_00.png responded 200 in 3369.0761 ms
2025-02-06 18:21:22.807 +08:00 [INF] HomePictureController GetAnnImage START
2025-02-06 18:21:22.904 +08:00 [INF] HTTP GET /api/HomePicture/GetAnnImage/a39d806f-7463-4fd4-947f-7f81295b4213_02.png responded 200 in 98.0183 ms
2025-02-06 18:21:28.953 +08:00 [INF] HomePictureController PutAnnFrontPage START
2025-02-06 18:21:28.968 +08:00 [INF] HomePictureController PutAnnFrontPage END
2025-02-06 18:21:28.974 +08:00 [INF] HTTP PUT /api/HomePicture/PutAnnFrontPage responded 200 in 211.9194 ms
2025-02-06 18:21:30.233 +08:00 [INF] HomePictureController GetAnnImages START
2025-02-06 18:21:30.235 +08:00 [INF] HomePictureController GetAnnImages END
2025-02-06 18:21:30.237 +08:00 [INF] HTTP GET /api/HomePicture/GetAnnImages responded 200 in 4.0169 ms
2025-02-06 18:21:38.873 +08:00 [INF] HomePictureController PutAnnFrontPage START
2025-02-06 18:21:38.886 +08:00 [INF] HomePictureController PutAnnFrontPage END
2025-02-06 18:21:38.891 +08:00 [INF] HTTP PUT /api/HomePicture/PutAnnFrontPage responded 200 in 85.7360 ms
2025-02-06 18:21:40.228 +08:00 [INF] HomePictureController GetAnnImages START
2025-02-06 18:21:40.307 +08:00 [INF] HomePictureController GetAnnImages END
2025-02-06 18:21:40.319 +08:00 [INF] HTTP GET /api/HomePicture/GetAnnImages responded 200 in 92.0498 ms
2025-02-06 18:21:40.444 +08:00 [INF] HomePictureController GetAnnImage START
2025-02-06 18:21:40.647 +08:00 [INF] HTTP GET /api/HomePicture/GetAnnImage/a39d806f-7463-4fd4-947f-7f81295b4213_02.jpg responded 200 in 202.5959 ms
2025-02-06 18:21:49.139 +08:00 [INF] HomePictureController GetAnnImage START
2025-02-06 18:21:49.196 +08:00 [INF] HTTP GET /api/HomePicture/GetAnnImage/a39d806f-7463-4fd4-947f-7f81295b4213_02.jpg responded 200 in 57.7351 ms
2025-02-06 18:21:49.229 +08:00 [INF] HTTP GET /favicon.ico responded 404 in 1.7918 ms
