2025-01-27 05:07:11.206 +08:00 [INF] HomePictureController GetAnnImages START
2025-01-27 05:07:11.253 +08:00 [INF] HomePictureController GetAnnImages END
2025-01-27 05:07:16.520 +08:00 [INF] HomePictureController GetAnnImages START
2025-01-27 05:07:16.558 +08:00 [INF] HomePictureController GetAnnImages END
2025-01-27 05:07:53.752 +08:00 [INF] HomePictureController GetAnnImages START
2025-01-27 05:08:42.850 +08:00 [INF] HomePictureController GetAnnImages END
2025-01-27 05:09:23.513 +08:00 [INF] HomePictureController GetAnnImages START
2025-01-27 05:09:23.573 +08:00 [INF] HomePictureController GetAnnImages END
2025-01-27 05:09:23.976 +08:00 [INF] HomePictureController GetAnnImage START
2025-01-27 05:09:28.063 +08:00 [INF] HomePictureController GetAnnImage START
2025-01-27 05:09:26.760 +08:00 [INF] HomePictureController GetAnnImage START
2025-01-27 05:11:10.375 +08:00 [INF] HomePictureController GetAnnImages START
2025-01-27 05:11:10.440 +08:00 [INF] HomePictureController GetAnnImages END
2025-01-27 05:11:11.153 +08:00 [INF] HomePictureController GetAnnImage START
2025-01-27 05:11:11.160 +08:00 [INF] HomePictureController GetAnnImage START
2025-01-27 05:11:13.704 +08:00 [INF] HomePictureController GetAnnImage START
2025-01-27 05:11:22.319 +08:00 [INF] HomePictureController PutAnnouncement START
2025-01-27 05:11:22.368 +08:00 [INF] HomePictureController PutAnnouncement END
2025-01-27 05:11:23.651 +08:00 [INF] HomePictureController GetAnnImages START
2025-01-27 05:11:23.703 +08:00 [INF] HomePictureController GetAnnImages END
2025-01-27 05:11:33.810 +08:00 [INF] HomePictureController GetAnnImages START
2025-01-27 05:11:33.910 +08:00 [INF] HomePictureController GetAnnImages END
2025-01-27 05:11:34.740 +08:00 [INF] HomePictureController GetAnnImage START
2025-01-27 05:11:34.741 +08:00 [INF] HomePictureController GetAnnImage START
2025-01-27 05:11:34.846 +08:00 [INF] HomePictureController GetAnnImage START
2025-01-27 07:37:37.560 +08:00 [INF] HomePictureController GetAnnImages START
2025-01-27 07:37:37.688 +08:00 [INF] HomePictureController GetAnnImages END
