2025-01-09 14:39:52.568 +08:00 [INF] Now listening on: http://localhost:5000
2025-01-09 14:39:56.755 +08:00 [INF] Application started. Press Ctrl+C to shut down.
2025-01-09 14:39:59.314 +08:00 [INF] Hosting environment: Development
2025-01-09 14:40:00.771 +08:00 [INF] HTTP GET /swagger/index.html responded 200 in 1522.8223 ms
2025-01-09 14:40:02.067 +08:00 [INF] Content root path: D:\Project\DotNetBackEnd\DotNetBackEndCleanArchitecture\DotNetBackEndCleanArchitecture\DotNetBackEndApi
2025-01-09 14:40:03.350 +08:00 [ERR] HTTP GET /swagger/v1/swagger.json responded 500 in 1076.8215 ms
Swashbuckle.AspNetCore.SwaggerGen.SwaggerGeneratorException: Conflicting method/path combination "GET api/Tender/GetParticipationRecord" for actions - DotNetBackEndApi.Controllers.TenderMgmt.TenderController.GetParticipationRecord (DotNetBackEndApi),DotNetBackEndApi.Controllers.TenderMgmt.TenderController.GetTenderRecord (DotNetBackEndApi). Actions require a unique method/path combination for Swagger/OpenAPI 3.0. Use ConflictingActionsResolver as a workaround
   at Swashbuckle.AspNetCore.SwaggerGen.SwaggerGenerator.GenerateOperations(IEnumerable`1 apiDescriptions, SchemaRepository schemaRepository)
   at Swashbuckle.AspNetCore.SwaggerGen.SwaggerGenerator.GeneratePaths(IEnumerable`1 apiDescriptions, SchemaRepository schemaRepository)
   at Swashbuckle.AspNetCore.SwaggerGen.SwaggerGenerator.GetSwaggerDocumentWithoutFilters(String documentName, String host, String basePath)
   at Swashbuckle.AspNetCore.SwaggerGen.SwaggerGenerator.GetSwaggerAsync(String documentName, String host, String basePath)
   at Swashbuckle.AspNetCore.Swagger.SwaggerMiddleware.Invoke(HttpContext httpContext, ISwaggerProvider swaggerProvider)
   at Serilog.AspNetCore.RequestLoggingMiddleware.Invoke(HttpContext httpContext)
2025-01-09 14:40:03.759 +08:00 [ERR] An unhandled exception has occurred while executing the request.
Swashbuckle.AspNetCore.SwaggerGen.SwaggerGeneratorException: Conflicting method/path combination "GET api/Tender/GetParticipationRecord" for actions - DotNetBackEndApi.Controllers.TenderMgmt.TenderController.GetParticipationRecord (DotNetBackEndApi),DotNetBackEndApi.Controllers.TenderMgmt.TenderController.GetTenderRecord (DotNetBackEndApi). Actions require a unique method/path combination for Swagger/OpenAPI 3.0. Use ConflictingActionsResolver as a workaround
   at Swashbuckle.AspNetCore.SwaggerGen.SwaggerGenerator.GenerateOperations(IEnumerable`1 apiDescriptions, SchemaRepository schemaRepository)
   at Swashbuckle.AspNetCore.SwaggerGen.SwaggerGenerator.GeneratePaths(IEnumerable`1 apiDescriptions, SchemaRepository schemaRepository)
   at Swashbuckle.AspNetCore.SwaggerGen.SwaggerGenerator.GetSwaggerDocumentWithoutFilters(String documentName, String host, String basePath)
   at Swashbuckle.AspNetCore.SwaggerGen.SwaggerGenerator.GetSwaggerAsync(String documentName, String host, String basePath)
   at Swashbuckle.AspNetCore.Swagger.SwaggerMiddleware.Invoke(HttpContext httpContext, ISwaggerProvider swaggerProvider)
   at Serilog.AspNetCore.RequestLoggingMiddleware.Invoke(HttpContext httpContext)
   at Microsoft.AspNetCore.Diagnostics.DeveloperExceptionPageMiddlewareImpl.Invoke(HttpContext context)
2025-01-09 14:41:09.816 +08:00 [INF] Now listening on: http://localhost:5000
2025-01-09 14:41:09.830 +08:00 [INF] Application started. Press Ctrl+C to shut down.
2025-01-09 14:41:09.830 +08:00 [INF] Hosting environment: Development
2025-01-09 14:41:09.831 +08:00 [INF] Content root path: D:\Project\DotNetBackEnd\DotNetBackEndCleanArchitecture\DotNetBackEndCleanArchitecture\DotNetBackEndApi
2025-01-09 14:41:13.924 +08:00 [INF] HTTP GET /swagger/index.html responded 200 in 631.2681 ms
2025-01-09 14:41:16.509 +08:00 [INF] HTTP GET /swagger/v1/swagger.json responded 200 in 639.7914 ms
2025-01-09 14:42:20.434 +08:00 [INF] TenderController GetTenderRecord START
2025-01-09 14:42:20.487 +08:00 [INF] Start processing HTTP request POST http://localhost:5001/api/TenderMgmt/TenderService/GetTenderRecord
2025-01-09 14:42:20.492 +08:00 [INF] Sending HTTP request POST http://localhost:5001/api/TenderMgmt/TenderService/GetTenderRecord
2025-01-09 14:42:22.754 +08:00 [INF] Received HTTP response headers after 2257.6962ms - 200
2025-01-09 14:42:22.758 +08:00 [INF] End processing HTTP request after 2276.5817ms - 200
2025-01-09 14:42:22.788 +08:00 [INF] TenderController GetTenderRecord END
2025-01-09 14:42:22.814 +08:00 [INF] HTTP GET /api/Tender/GetTenderRecord responded 200 in 2508.1658 ms
2025-01-09 15:03:50.792 +08:00 [INF] TenderController GetTenderRecord START
2025-01-09 15:03:50.796 +08:00 [INF] Start processing HTTP request POST http://localhost:5001/api/TenderMgmt/TenderService/GetTenderRecord
2025-01-09 15:03:50.797 +08:00 [INF] Sending HTTP request POST http://localhost:5001/api/TenderMgmt/TenderService/GetTenderRecord
2025-01-09 15:03:50.894 +08:00 [INF] Received HTTP response headers after 96.1763ms - 200
2025-01-09 15:03:50.898 +08:00 [INF] End processing HTTP request after 101.6661ms - 200
2025-01-09 15:03:50.900 +08:00 [INF] TenderController GetTenderRecord END
2025-01-09 15:03:50.904 +08:00 [INF] HTTP GET /api/Tender/GetTenderRecord responded 200 in 117.3316 ms
2025-01-09 16:50:06.136 +08:00 [INF] TenderController GetTenderRecord START
2025-01-09 16:50:06.139 +08:00 [INF] Start processing HTTP request POST http://localhost:5001/api/TenderMgmt/TenderService/GetTenderRecord
2025-01-09 16:50:06.140 +08:00 [INF] Sending HTTP request POST http://localhost:5001/api/TenderMgmt/TenderService/GetTenderRecord
2025-01-09 16:52:53.292 +08:00 [INF] Received HTTP response headers after 167142.1299ms - 200
2025-01-09 16:52:53.304 +08:00 [INF] End processing HTTP request after 167162.6164ms - 200
2025-01-09 16:52:53.305 +08:00 [INF] TenderController GetTenderRecord END
2025-01-09 16:52:53.306 +08:00 [INF] HTTP GET /api/Tender/GetTenderRecord responded 200 in 167171.1485 ms
2025-01-09 16:52:56.799 +08:00 [INF] TenderController GetTenderRecord START
2025-01-09 16:52:56.802 +08:00 [INF] Start processing HTTP request POST http://localhost:5001/api/TenderMgmt/TenderService/GetTenderRecord
2025-01-09 16:52:56.813 +08:00 [INF] Sending HTTP request POST http://localhost:5001/api/TenderMgmt/TenderService/GetTenderRecord
2025-01-09 16:52:58.246 +08:00 [INF] Received HTTP response headers after 1417.8245ms - 200
2025-01-09 16:52:58.248 +08:00 [INF] End processing HTTP request after 1446.2107ms - 200
2025-01-09 16:52:58.251 +08:00 [INF] TenderController GetTenderRecord END
2025-01-09 16:52:58.254 +08:00 [INF] HTTP GET /api/Tender/GetTenderRecord responded 200 in 1466.1885 ms
2025-01-09 16:56:07.999 +08:00 [INF] Now listening on: http://localhost:5000
2025-01-09 16:56:08.875 +08:00 [INF] Application started. Press Ctrl+C to shut down.
2025-01-09 16:56:08.880 +08:00 [INF] Hosting environment: Development
2025-01-09 16:56:08.888 +08:00 [INF] Content root path: D:\Project\DotNetBackEnd\DotNetBackEndCleanArchitecture\DotNetBackEndCleanArchitecture\DotNetBackEndApi
2025-01-09 16:56:09.834 +08:00 [INF] HTTP GET /swagger/index.html responded 200 in 280.5786 ms
2025-01-09 16:56:12.557 +08:00 [INF] HTTP GET /swagger/v1/swagger.json responded 200 in 1157.3163 ms
2025-01-09 17:00:42.982 +08:00 [INF] TenderController GetTenderRecord START
2025-01-09 17:00:43.043 +08:00 [INF] Start processing HTTP request POST http://localhost:5001/api/TenderMgmt/TenderService/GetTenderRecord
2025-01-09 17:00:43.047 +08:00 [INF] Sending HTTP request POST http://localhost:5001/api/TenderMgmt/TenderService/GetTenderRecord
2025-01-09 17:00:49.319 +08:00 [INF] Received HTTP response headers after 6269.5168ms - 200
2025-01-09 17:00:49.326 +08:00 [INF] End processing HTTP request after 6291.0943ms - 200
2025-01-09 17:00:49.349 +08:00 [INF] TenderController GetTenderRecord END
2025-01-09 17:00:49.401 +08:00 [INF] HTTP GET /api/Tender/GetTenderRecord responded 200 in 6523.2843 ms
2025-01-09 17:01:37.075 +08:00 [INF] Now listening on: http://localhost:5000
2025-01-09 17:01:37.094 +08:00 [INF] Application started. Press Ctrl+C to shut down.
2025-01-09 17:01:37.122 +08:00 [INF] Hosting environment: Development
2025-01-09 17:01:37.123 +08:00 [INF] Content root path: D:\Project\DotNetBackEnd\DotNetBackEndCleanArchitecture\DotNetBackEndCleanArchitecture\DotNetBackEndApi
2025-01-09 17:01:42.188 +08:00 [INF] HTTP GET /swagger/index.html responded 200 in 521.8724 ms
2025-01-09 17:01:43.694 +08:00 [INF] HTTP GET /swagger/v1/swagger.json responded 200 in 766.8570 ms
2025-01-09 17:14:48.866 +08:00 [INF] TenderController GetTenderRecord START
2025-01-09 17:14:48.917 +08:00 [INF] Start processing HTTP request POST http://localhost:5001/api/TenderMgmt/TenderService/GetTenderRecord
2025-01-09 17:14:48.924 +08:00 [INF] Sending HTTP request POST http://localhost:5001/api/TenderMgmt/TenderService/GetTenderRecord
2025-01-09 17:14:50.031 +08:00 [INF] Received HTTP response headers after 1100.7444ms - 200
2025-01-09 17:14:50.042 +08:00 [INF] End processing HTTP request after 1131.2896ms - 200
2025-01-09 17:14:50.063 +08:00 [INF] TenderController GetTenderRecord END
2025-01-09 17:14:50.084 +08:00 [INF] HTTP GET /api/Tender/GetTenderRecord responded 200 in 1332.4568 ms
2025-01-09 17:15:01.173 +08:00 [INF] TenderController GetTenderRecord START
2025-01-09 17:15:01.223 +08:00 [INF] Start processing HTTP request POST http://localhost:5001/api/TenderMgmt/TenderService/GetTenderRecord
2025-01-09 17:15:01.227 +08:00 [INF] Sending HTTP request POST http://localhost:5001/api/TenderMgmt/TenderService/GetTenderRecord
2025-01-09 17:15:01.345 +08:00 [INF] Received HTTP response headers after 109.2666ms - 200
2025-01-09 17:15:01.347 +08:00 [INF] End processing HTTP request after 123.9325ms - 200
2025-01-09 17:15:01.521 +08:00 [INF] TenderController GetTenderRecord END
2025-01-09 17:15:01.788 +08:00 [INF] HTTP GET /api/Tender/GetTenderRecord responded 200 in 622.3885 ms
