2024-07-29 03:54:53.990 +08:00 [INF] TenderController PostTender START
2024-07-29 03:54:56.803 +08:00 [INF] TenderController PostTender END
2024-07-29 04:45:15.354 +08:00 [INF] TenderController GetTender START
2024-07-29 04:45:15.495 +08:00 [INF] ROSCAController GetTenderList END
2024-07-29 04:50:56.419 +08:00 [INF] TenderController GetTender START
2024-07-29 04:50:57.637 +08:00 [INF] ROSCAController GetTenderList END
2024-07-29 04:51:45.909 +08:00 [INF] TenderController Bidding START
2024-07-29 04:51:47.135 +08:00 [INF] TenderController Bidding END
2024-07-29 04:52:17.981 +08:00 [INF] TenderController Bidding START
2024-07-29 04:52:24.358 +08:00 [INF] TenderController Bidding END
2024-07-29 04:54:27.802 +08:00 [INF] TenderController Bidding START
2024-07-29 04:54:34.293 +08:00 [INF] TenderController Bidding END
2024-07-29 04:54:41.030 +08:00 [INF] TenderController Bidding START
2024-07-29 04:54:41.518 +08:00 [INF] TenderController Bidding END
2024-07-29 04:54:44.547 +08:00 [INF] TenderController Bidding START
2024-07-29 04:54:44.989 +08:00 [INF] TenderController Bidding END
2024-07-29 04:54:45.686 +08:00 [INF] TenderController Bidding START
2024-07-29 04:54:46.171 +08:00 [INF] TenderController Bidding END
2024-07-29 04:54:54.228 +08:00 [INF] TenderController GetTender START
2024-07-29 04:54:54.352 +08:00 [INF] ROSCAController GetTenderList END
