2025-02-06 17:11:32.951 +08:00 [INF] HomePictureController GetBlooperImages START
2025-02-06 17:11:33.317 +08:00 [INF] HomePictureController GetBlooperImages END
2025-02-06 17:11:33.944 +08:00 [INF] HomePictureController GetBlooperImage START
2025-02-06 17:11:34.142 +08:00 [INF] HomePictureController GetBlooperImage START
2025-02-06 17:11:34.100 +08:00 [INF] HomePictureController GetBlooperImage START
2025-02-06 17:11:34.017 +08:00 [INF] HomePictureController GetBlooperImage START
2025-02-06 17:11:34.407 +08:00 [INF] HomePictureController GetBlooperImage START
2025-02-06 17:11:35.346 +08:00 [INF] HomePictureController GetBlooperImage START
2025-02-06 17:11:35.364 +08:00 [INF] HomePictureController GetBlooperImage START
2025-02-06 17:11:34.253 +08:00 [INF] HomePictureController GetBlooperImage START
2025-02-06 17:14:09.884 +08:00 [INF] HomePictureController PutBlooperFrontPage START
2025-02-06 17:14:09.904 +08:00 [INF] HomePictureController PutBlooperFrontPage END
2025-02-06 17:14:11.294 +08:00 [INF] HomePictureController GetBlooperImages START
2025-02-06 17:14:11.480 +08:00 [INF] HomePictureController GetBlooperImages END
2025-02-06 17:14:12.524 +08:00 [INF] HomePictureController GetBlooperImage START
2025-02-06 17:14:19.269 +08:00 [INF] HomePictureController GetBlooperImages START
2025-02-06 17:14:19.276 +08:00 [INF] HomePictureController GetBlooperImages END
2025-02-06 17:14:20.269 +08:00 [INF] HomePictureController GetBlooperImage START
2025-02-06 17:14:21.488 +08:00 [INF] HomePictureController GetBlooperImage START
2025-02-06 17:14:21.903 +08:00 [INF] HomePictureController GetBlooperImage START
2025-02-06 17:14:21.945 +08:00 [INF] HomePictureController GetBlooperImage START
2025-02-06 17:14:21.984 +08:00 [INF] HomePictureController GetBlooperImage START
2025-02-06 17:14:22.084 +08:00 [INF] HomePictureController GetBlooperImage START
2025-02-06 17:14:22.027 +08:00 [INF] HomePictureController GetBlooperImage START
2025-02-06 17:14:22.073 +08:00 [INF] HomePictureController GetBlooperImage START
2025-02-06 17:14:22.314 +08:00 [INF] HomePictureController GetBlooperImage START
2025-02-06 17:14:36.562 +08:00 [INF] HomePictureController PutBlooperFrontPage START
2025-02-06 17:14:36.566 +08:00 [INF] HomePictureController PutBlooperFrontPage END
2025-02-06 17:14:37.949 +08:00 [INF] HomePictureController GetBlooperImages START
2025-02-06 17:14:37.994 +08:00 [INF] HomePictureController GetBlooperImages END
2025-02-06 17:14:38.037 +08:00 [INF] HomePictureController GetBlooperImage START
2025-02-06 17:16:22.236 +08:00 [INF] HomePictureController PutBlooperFrontPage START
2025-02-06 17:16:44.093 +08:00 [INF] HomePictureController PutBlooperFrontPage END
2025-02-06 17:16:46.567 +08:00 [INF] HomePictureController GetBlooperImages START
2025-02-06 17:16:46.599 +08:00 [INF] HomePictureController GetBlooperImages END
2025-02-06 17:18:02.380 +08:00 [INF] HomePictureController GetBlooperImages START
2025-02-06 17:18:02.483 +08:00 [INF] HomePictureController GetBlooperImages END
2025-02-06 17:18:02.677 +08:00 [INF] HomePictureController GetBlooperImage START
2025-02-06 17:18:02.719 +08:00 [INF] HomePictureController GetBlooperImage START
2025-02-06 17:18:02.761 +08:00 [INF] HomePictureController GetBlooperImage START
2025-02-06 17:18:05.138 +08:00 [INF] HomePictureController GetBlooperImage START
2025-02-06 17:18:05.160 +08:00 [INF] HomePictureController GetBlooperImage START
2025-02-06 17:18:05.162 +08:00 [INF] HomePictureController GetBlooperImage START
2025-02-06 17:18:05.316 +08:00 [INF] HomePictureController GetBlooperImage START
2025-02-06 17:18:05.333 +08:00 [INF] HomePictureController GetBlooperImage START
2025-02-06 17:18:11.712 +08:00 [INF] HomePictureController PutBlooperFrontPage START
2025-02-06 17:18:11.734 +08:00 [INF] HomePictureController PutBlooperFrontPage END
2025-02-06 17:18:13.074 +08:00 [INF] HomePictureController GetBlooperImages START
2025-02-06 17:18:13.133 +08:00 [INF] HomePictureController GetBlooperImages END
2025-02-06 17:18:13.255 +08:00 [INF] HomePictureController GetBlooperImage START
2025-02-06 17:18:15.749 +08:00 [INF] HomePictureController GetBlooperImages START
2025-02-06 17:18:15.796 +08:00 [INF] HomePictureController GetBlooperImages END
2025-02-06 17:18:15.905 +08:00 [INF] HomePictureController GetBlooperImage START
2025-02-06 17:18:16.090 +08:00 [INF] HomePictureController GetBlooperImage START
2025-02-06 17:18:15.906 +08:00 [INF] HomePictureController GetBlooperImage START
2025-02-06 17:18:15.922 +08:00 [INF] HomePictureController GetBlooperImage START
2025-02-06 17:18:17.243 +08:00 [INF] HomePictureController GetBlooperImage START
2025-02-06 17:18:16.924 +08:00 [INF] HomePictureController GetBlooperImage START
2025-02-06 17:18:17.157 +08:00 [INF] HomePictureController GetBlooperImage START
2025-02-06 17:18:17.211 +08:00 [INF] HomePictureController GetBlooperImage START
2025-02-06 17:19:18.187 +08:00 [INF] HomePictureController PutBlooperFrontPage START
2025-02-06 17:20:16.743 +08:00 [INF] HomePictureController PutBlooperFrontPage END
2025-02-06 17:20:18.814 +08:00 [INF] HomePictureController GetBlooperImages START
2025-02-06 17:20:18.816 +08:00 [INF] HomePictureController GetBlooperImages END
2025-02-06 17:20:39.930 +08:00 [INF] HomePictureController GetBlooperImages START
2025-02-06 17:20:39.950 +08:00 [INF] HomePictureController GetBlooperImages END
2025-02-06 17:20:40.263 +08:00 [INF] HomePictureController GetBlooperImage START
2025-02-06 17:20:40.515 +08:00 [INF] HomePictureController GetBlooperImage START
2025-02-06 17:20:40.310 +08:00 [INF] HomePictureController GetBlooperImage START
2025-02-06 17:20:40.755 +08:00 [INF] HomePictureController GetBlooperImage START
2025-02-06 17:20:40.673 +08:00 [INF] HomePictureController GetBlooperImage START
2025-02-06 17:20:40.712 +08:00 [INF] HomePictureController GetBlooperImage START
2025-02-06 17:20:40.901 +08:00 [INF] HomePictureController GetBlooperImage START
2025-02-06 17:20:40.940 +08:00 [INF] HomePictureController GetBlooperImage START
2025-02-06 17:20:47.182 +08:00 [INF] HomePictureController PutBlooperFrontPage START
2025-02-06 17:20:50.095 +08:00 [INF] HomePictureController PutBlooperFrontPage END
2025-02-06 17:20:52.481 +08:00 [INF] HomePictureController GetBlooperImages START
2025-02-06 17:20:52.992 +08:00 [INF] HomePictureController GetBlooperImages END
2025-02-06 17:20:53.034 +08:00 [INF] HomePictureController GetBlooperImage START
2025-02-06 18:16:41.704 +08:00 [INF] HomePictureController GetAnnImages START
2025-02-06 18:16:41.827 +08:00 [INF] HomePictureController GetAnnImages END
2025-02-06 18:16:42.829 +08:00 [INF] HomePictureController GetAnnImage START
2025-02-06 18:16:45.337 +08:00 [INF] HomePictureController GetAnnImage START
2025-02-06 18:16:42.829 +08:00 [INF] HomePictureController GetAnnImage START
2025-02-06 18:16:49.726 +08:00 [INF] HomePictureController GetAnnImages START
2025-02-06 18:16:49.729 +08:00 [INF] HomePictureController GetAnnImages END
2025-02-06 18:16:51.083 +08:00 [INF] HomePictureController GetAnnImage START
2025-02-06 18:16:51.148 +08:00 [INF] HomePictureController GetAnnImage START
2025-02-06 18:16:51.149 +08:00 [INF] HomePictureController GetAnnImage START
2025-02-06 18:21:19.033 +08:00 [INF] HomePictureController GetAnnImages START
2025-02-06 18:21:19.126 +08:00 [INF] HomePictureController GetAnnImages END
2025-02-06 18:21:19.915 +08:00 [INF] HomePictureController GetAnnImage START
2025-02-06 18:21:19.920 +08:00 [INF] HomePictureController GetAnnImage START
2025-02-06 18:21:22.807 +08:00 [INF] HomePictureController GetAnnImage START
2025-02-06 18:21:28.953 +08:00 [INF] HomePictureController PutAnnFrontPage START
2025-02-06 18:21:28.968 +08:00 [INF] HomePictureController PutAnnFrontPage END
2025-02-06 18:21:30.233 +08:00 [INF] HomePictureController GetAnnImages START
2025-02-06 18:21:30.235 +08:00 [INF] HomePictureController GetAnnImages END
2025-02-06 18:21:38.873 +08:00 [INF] HomePictureController PutAnnFrontPage START
2025-02-06 18:21:38.886 +08:00 [INF] HomePictureController PutAnnFrontPage END
2025-02-06 18:21:40.228 +08:00 [INF] HomePictureController GetAnnImages START
2025-02-06 18:21:40.307 +08:00 [INF] HomePictureController GetAnnImages END
2025-02-06 18:21:40.444 +08:00 [INF] HomePictureController GetAnnImage START
2025-02-06 18:21:49.139 +08:00 [INF] HomePictureController GetAnnImage START
