2024-06-06 14:24:35.060 +08:00 [INF] ApplyDepositController GetDepositData START
2024-06-06 14:24:35.197 +08:00 [INF] ApplyDepositController GetDepositData END
2024-06-06 14:25:25.163 +08:00 [INF] ApplyDepositController PostApplyDeposit START
2024-06-06 14:25:25.259 +08:00 [INF] ApplyDepositController PostApplyDeposit END
2024-06-06 14:25:35.614 +08:00 [INF] ApplyDepositController PostApplyDeposit START
2024-06-06 14:25:35.730 +08:00 [INF] ApplyDepositController PostApplyDeposit END
2024-06-06 14:26:25.628 +08:00 [INF] ApplyDepositController QueryApplyDepositAdmin START
2024-06-06 14:26:26.188 +08:00 [INF] ApplyDepositController QueryApplyDepositAdmin START
2024-06-06 14:26:56.367 +08:00 [INF] ApplyDepositController PutApplyDeposit START
2024-06-06 14:26:56.524 +08:00 [INF] ApplyDepositController PutApplyDeposit END
2024-06-06 14:28:02.653 +08:00 [INF] ApplyDepositController PutApplyDeposit START
2024-06-06 14:29:47.026 +08:00 [INF] ApplyDepositController PutApplyDeposit START
2024-06-06 14:29:55.026 +08:00 [INF] ApplyDepositController PutApplyDeposit END
2024-06-06 14:30:41.945 +08:00 [INF] ApplyDepositController PutApplyDeposit START
2024-06-06 14:30:42.076 +08:00 [INF] ApplyDepositController PutApplyDeposit END
2024-06-06 14:30:54.783 +08:00 [INF] ApplyDepositController PutApplyDeposit START
2024-06-06 14:31:16.369 +08:00 [INF] ApplyDepositController PutApplyDeposit END
2024-06-06 14:32:30.030 +08:00 [INF] ApplyDepositController PutApplyDeposit START
2024-06-06 14:33:18.056 +08:00 [INF] ApplyDepositController PutApplyDeposit END
2024-06-06 14:33:25.374 +08:00 [INF] ApplyDepositController PutApplyDeposit START
2024-06-06 14:33:37.279 +08:00 [INF] ApplyDepositController PutApplyDeposit END
2024-06-06 14:33:44.501 +08:00 [INF] ApplyDepositController PutApplyDeposit START
2024-06-06 14:33:44.568 +08:00 [INF] ApplyDepositController PutApplyDeposit END
2024-06-06 14:33:59.731 +08:00 [INF] ApplyDepositController QueryApplyDepositUser START
2024-06-06 14:33:59.863 +08:00 [INF] ApplyDepositController QueryApplyDepositUser START
2024-06-06 14:34:20.448 +08:00 [INF] ApplyDepositController QueryApplyDepositUser START
2024-06-06 14:34:20.580 +08:00 [INF] ApplyDepositController QueryApplyDepositUser START
2024-06-06 14:35:41.374 +08:00 [INF] ApplyDepositController PutApplyDeposit START
2024-06-06 14:35:41.503 +08:00 [INF] ApplyDepositController PutApplyDeposit END
2024-06-06 16:40:10.760 +08:00 [INF] ApplyDepositController PutApplyDeposit START
2024-06-06 16:52:38.008 +08:00 [INF] ApplyDepositController PutApplyDeposit START
2024-06-06 16:56:25.924 +08:00 [INF] ApplyDepositController PutApplyDeposit START
2024-06-06 17:46:47.822 +08:00 [INF] ApplyDepositController PutApplyDeposit START
2024-06-06 17:46:48.915 +08:00 [INF] ApplyDepositController PutApplyDeposit END
2024-06-06 17:47:51.574 +08:00 [INF] ApplyDepositController PutApplyDeposit START
2024-06-06 17:50:39.013 +08:00 [INF] ApplyDepositController PutApplyDeposit END
2024-06-06 17:50:44.649 +08:00 [INF] ApplyDepositController PutApplyDeposit START
2024-06-06 17:50:53.736 +08:00 [INF] ApplyDepositController PutApplyDeposit END
2024-06-06 17:51:22.608 +08:00 [INF] ApplyDepositController PutApplyDeposit START
2024-06-06 17:51:30.169 +08:00 [INF] ApplyDepositController PutApplyDeposit END
2024-06-06 17:51:34.056 +08:00 [INF] ApplyDepositController PutApplyDeposit START
2024-06-06 17:51:48.392 +08:00 [INF] ApplyDepositController PutApplyDeposit END
2024-06-06 17:52:04.286 +08:00 [INF] ApplyDepositController PutApplyDeposit START
2024-06-06 17:52:07.085 +08:00 [INF] ApplyDepositController PutApplyDeposit END
2024-06-06 17:52:18.482 +08:00 [INF] ApplyDepositController QueryApplyDepositUser START
2024-06-06 17:52:18.933 +08:00 [INF] ApplyDepositController QueryApplyDepositUser START
