2024-10-16 10:56:12.539 +08:00 [INF] AnnouncementController GetAnnImages START
2024-10-16 10:56:12.731 +08:00 [INF] AnnouncementController GetAnnImages END
2024-10-16 10:56:14.795 +08:00 [INF] AnnouncementController GetAnnImage START
2024-10-16 10:56:14.795 +08:00 [INF] AnnouncementController GetAnnImage START
2024-10-16 10:56:15.351 +08:00 [INF] AnnouncementController GetAnnImage START
2024-10-16 10:56:15.358 +08:00 [INF] AnnouncementController GetAnnImage START
2024-10-16 10:56:35.975 +08:00 [INF] AnnouncementController PutAnnouncement START
2024-10-16 10:56:36.270 +08:00 [INF] AnnouncementController PutAnnouncement END
2024-10-16 10:56:38.211 +08:00 [INF] AnnouncementController GetAnnImages START
2024-10-16 10:56:38.215 +08:00 [INF] AnnouncementController GetAnnImages END
2024-10-16 10:56:38.289 +08:00 [INF] AnnouncementController GetAnnImage START
2024-10-16 10:56:54.061 +08:00 [INF] AnnouncementController GetAnnImages START
2024-10-16 10:56:54.109 +08:00 [INF] AnnouncementController GetAnnImages END
2024-10-16 10:56:54.641 +08:00 [INF] AnnouncementController GetAnnImage START
2024-10-16 10:56:54.642 +08:00 [INF] AnnouncementController GetAnnImage START
2024-10-16 10:56:54.893 +08:00 [INF] AnnouncementController GetAnnImage START
2024-10-16 10:57:06.215 +08:00 [INF] AnnouncementController PutAnnouncement START
2024-10-16 10:57:06.312 +08:00 [INF] AnnouncementController PutAnnouncement END
2024-10-16 10:57:08.522 +08:00 [INF] AnnouncementController GetAnnImages START
2024-10-16 10:57:08.525 +08:00 [INF] AnnouncementController GetAnnImages END
2024-10-16 10:57:08.650 +08:00 [INF] AnnouncementController GetAnnImage START
2024-10-16 10:57:26.087 +08:00 [INF] AnnouncementController PutAnnouncement START
2024-10-16 10:57:26.304 +08:00 [INF] AnnouncementController PutAnnouncement END
2024-10-16 10:57:28.256 +08:00 [INF] AnnouncementController GetAnnImages START
2024-10-16 10:57:28.339 +08:00 [INF] AnnouncementController GetAnnImages END
2024-10-16 10:57:28.523 +08:00 [INF] AnnouncementController GetAnnImage START
2024-10-16 10:57:45.830 +08:00 [INF] AnnouncementController PutAnnouncement START
2024-10-16 10:57:45.909 +08:00 [INF] AnnouncementController PutAnnouncement END
2024-10-16 10:57:48.012 +08:00 [INF] AnnouncementController GetAnnImages START
2024-10-16 10:57:48.027 +08:00 [INF] AnnouncementController GetAnnImages END
2024-10-16 10:57:48.137 +08:00 [INF] AnnouncementController GetAnnImage START
2024-10-16 11:20:09.817 +08:00 [INF] AnnouncementController GetAnnImages START
2024-10-16 11:28:19.787 +08:00 [INF] AnnouncementController GetAnnImages START
