2024-07-07 14:48:56.990 +08:00 [INF] TenderController PostTender START
2024-07-07 14:48:59.181 +08:00 [INF] TenderController PostTender END
2024-07-07 14:57:10.032 +08:00 [INF] TenderController GetTender START
2024-07-07 14:57:10.136 +08:00 [INF] ROSCAController GetTenderList END
2024-07-07 14:57:52.356 +08:00 [INF] TenderController Bidding START
2024-07-07 14:57:52.721 +08:00 [INF] TenderController Bidding END
2024-07-07 14:58:19.678 +08:00 [INF] TenderController Bidding START
2024-07-07 14:58:19.762 +08:00 [INF] TenderController Bidding END
2024-07-07 14:59:16.122 +08:00 [INF] TenderController Bidding START
2024-07-07 15:00:34.116 +08:00 [INF] TenderController Bidding END
2024-07-07 15:05:33.092 +08:00 [INF] TenderController Bidding START
2024-07-07 15:05:45.995 +08:00 [INF] TenderController Bidding END
2024-07-07 15:19:23.947 +08:00 [INF] TenderController Bidding START
2024-07-07 15:19:32.530 +08:00 [INF] TenderController Bidding END
2024-07-07 15:19:37.596 +08:00 [INF] TenderController Bidding START
2024-07-07 15:19:38.232 +08:00 [INF] TenderController Bidding END
2024-07-07 15:19:45.675 +08:00 [INF] TenderController Bidding START
2024-07-07 15:19:45.832 +08:00 [INF] TenderController Bidding END
2024-07-07 15:19:51.295 +08:00 [INF] TenderController Bidding START
2024-07-07 15:19:51.476 +08:00 [INF] TenderController Bidding END
2024-07-07 15:19:56.670 +08:00 [INF] TenderController Bidding START
2024-07-07 15:19:56.720 +08:00 [INF] TenderController Bidding END
2024-07-07 15:20:10.542 +08:00 [INF] TenderController GetTender START
2024-07-07 15:20:10.633 +08:00 [INF] ROSCAController GetTenderList END
2024-07-07 15:20:23.073 +08:00 [INF] TenderController QueryTenderAdmin START
2024-07-07 15:20:23.227 +08:00 [INF] TenderController QueryTenderAdmin START
2024-07-07 15:20:56.608 +08:00 [INF] TenderController QueryTenderAdmin START
2024-07-07 15:20:56.713 +08:00 [INF] TenderController QueryTenderAdmin START
2024-07-07 18:29:26.480 +08:00 [INF] TenderController WinningTender START
2024-07-07 18:30:32.953 +08:00 [INF] TenderController WinningTender END
2024-07-07 19:39:07.339 +08:00 [INF] TenderController WinningTender START
2024-07-07 19:43:13.724 +08:00 [INF] TenderController WinningTender START
2024-07-07 19:45:24.723 +08:00 [INF] TenderController WinningTender START
2024-07-07 19:46:12.987 +08:00 [INF] TenderController WinningTender END
2024-07-07 19:49:17.506 +08:00 [INF] TenderController WinningTender START
2024-07-07 19:53:25.951 +08:00 [INF] TenderController WinningTender START
2024-07-07 19:53:41.596 +08:00 [INF] TenderController WinningTender END
2024-07-07 19:55:01.188 +08:00 [INF] TenderController WinningTender START
2024-07-07 19:55:05.595 +08:00 [INF] TenderController WinningTender END
2024-07-07 20:55:41.327 +08:00 [INF] TenderController WinningTender START
2024-07-07 20:57:51.798 +08:00 [INF] TenderController WinningTender END
2024-07-07 21:01:40.554 +08:00 [INF] TenderController WinningTender START
2024-07-07 21:02:03.276 +08:00 [INF] TenderController WinningTender END
2024-07-07 21:04:26.584 +08:00 [INF] TenderController WinningTender START
2024-07-07 21:04:30.285 +08:00 [INF] TenderController WinningTender END
