2024-10-25 14:49:48.336 +08:00 [INF] Now listening on: http://localhost:5000
2024-10-25 14:49:54.135 +08:00 [INF] Application started. Press Ctrl+C to shut down.
2024-10-25 14:49:54.325 +08:00 [INF] Hosting environment: Development
2024-10-25 14:49:54.328 +08:00 [INF] Content root path: D:\Project\DotNetBackEnd\DotNetBackEndCleanArchitecture\DotNetBackEndCleanArchitecture\DotNetBackEndApi
2024-10-25 14:49:55.499 +08:00 [INF] HTTP GET /swagger/index.html responded 200 in 878.4703 ms
2024-10-25 14:49:58.886 +08:00 [INF] HTTP GET /swagger/v1/swagger.json responded 200 in 1991.5489 ms
2024-10-25 14:50:43.097 +08:00 [INF] BalancesController QueryMemberBalanceUser START
2024-10-25 14:50:43.221 +08:00 [INF] Start processing HTTP request POST http://localhost:5001/api/FinancialMgmt/BalancesService/QueryMemberBalanceUser
2024-10-25 14:50:43.226 +08:00 [INF] Sending HTTP request POST http://localhost:5001/api/FinancialMgmt/BalancesService/QueryMemberBalanceUser
2024-10-25 14:50:45.775 +08:00 [INF] Received HTTP response headers after 2529.9042ms - 200
2024-10-25 14:50:45.781 +08:00 [INF] End processing HTTP request after 2571.0241ms - 200
2024-10-25 14:50:45.825 +08:00 [INF] BalancesController QueryMemberBalanceUser END
2024-10-25 14:50:45.844 +08:00 [INF] HTTP GET /api/Balances/QueryMemberBalanceUser responded 200 in 3094.5562 ms
2024-10-25 14:50:52.072 +08:00 [INF] BalancesController QueryMemberBalanceUser START
2024-10-25 14:50:52.103 +08:00 [INF] Start processing HTTP request POST http://localhost:5001/api/FinancialMgmt/BalancesService/QueryMemberBalanceUser
2024-10-25 14:50:52.107 +08:00 [INF] Sending HTTP request POST http://localhost:5001/api/FinancialMgmt/BalancesService/QueryMemberBalanceUser
2024-10-25 14:50:52.149 +08:00 [INF] Received HTTP response headers after 40.9861ms - 200
2024-10-25 14:50:52.153 +08:00 [INF] End processing HTTP request after 50.4329ms - 200
2024-10-25 14:50:52.157 +08:00 [INF] BalancesController QueryMemberBalanceUser END
2024-10-25 14:50:52.167 +08:00 [INF] HTTP GET /api/Balances/QueryMemberBalanceUser responded 200 in 146.8409 ms
2024-10-25 14:51:53.333 +08:00 [INF] Now listening on: http://localhost:5000
2024-10-25 14:51:53.352 +08:00 [INF] Application started. Press Ctrl+C to shut down.
2024-10-25 14:51:53.354 +08:00 [INF] Hosting environment: Development
2024-10-25 14:51:53.356 +08:00 [INF] Content root path: D:\Project\DotNetBackEnd\DotNetBackEndCleanArchitecture\DotNetBackEndCleanArchitecture\DotNetBackEndApi
2024-10-25 14:52:03.752 +08:00 [INF] HTTP GET /swagger/index.html responded 200 in 820.2655 ms
2024-10-25 14:52:07.484 +08:00 [INF] HTTP GET /swagger/v1/swagger.json responded 200 in 766.6842 ms
2024-10-25 14:52:54.593 +08:00 [INF] BalancesController QueryMemberBalanceUser START
2024-10-25 14:52:54.858 +08:00 [INF] Start processing HTTP request POST http://localhost:5001/api/FinancialMgmt/BalancesService/QueryMemberBalanceUser
2024-10-25 14:52:54.862 +08:00 [INF] Sending HTTP request POST http://localhost:5001/api/FinancialMgmt/BalancesService/QueryMemberBalanceUser
2024-10-25 14:52:55.833 +08:00 [INF] Received HTTP response headers after 953.5686ms - 200
2024-10-25 14:52:55.839 +08:00 [INF] End processing HTTP request after 991.7092ms - 200
2024-10-25 14:52:55.891 +08:00 [INF] BalancesController QueryMemberBalanceUser END
2024-10-25 14:52:55.929 +08:00 [INF] HTTP GET /api/Balances/QueryMemberBalanceUser responded 200 in 1553.1775 ms
2024-10-25 15:05:18.243 +08:00 [INF] Now listening on: http://localhost:5000
2024-10-25 15:05:18.270 +08:00 [INF] Application started. Press Ctrl+C to shut down.
2024-10-25 15:05:18.273 +08:00 [INF] Hosting environment: Development
2024-10-25 15:05:18.275 +08:00 [INF] Content root path: D:\Project\DotNetBackEnd\DotNetBackEndCleanArchitecture\DotNetBackEndCleanArchitecture\DotNetBackEndApi
2024-10-25 15:05:27.889 +08:00 [INF] HTTP GET /swagger/index.html responded 200 in 396.0296 ms
2024-10-25 15:05:29.940 +08:00 [INF] HTTP GET /swagger/v1/swagger.json responded 200 in 815.3900 ms
2024-10-25 15:07:51.032 +08:00 [INF] KycController PostKyc START
2024-10-25 15:07:51.083 +08:00 [INF] Start processing HTTP request POST http://localhost:5001/api/AuthenticationMgmt/KycService/CheckKyc
2024-10-25 15:07:51.094 +08:00 [INF] Sending HTTP request POST http://localhost:5001/api/AuthenticationMgmt/KycService/CheckKyc
2024-10-25 15:07:52.714 +08:00 [INF] Received HTTP response headers after 1614.3959ms - 200
2024-10-25 15:07:52.758 +08:00 [INF] End processing HTTP request after 1679.5789ms - 200
2024-10-25 15:08:16.667 +08:00 [INF] Start processing HTTP request POST http://localhost:5001/api/AuthenticationMgmt/KycService/PostKyc
2024-10-25 15:08:16.678 +08:00 [INF] Sending HTTP request POST http://localhost:5001/api/AuthenticationMgmt/KycService/PostKyc
2024-10-25 15:08:16.844 +08:00 [INF] Received HTTP response headers after 131.4555ms - 200
2024-10-25 15:08:16.846 +08:00 [INF] End processing HTTP request after 178.2831ms - 200
2024-10-25 15:08:16.853 +08:00 [INF] KycController PostKyc END
2024-10-25 15:08:16.875 +08:00 [INF] HTTP POST /api/Kyc responded 200 in 25972.8147 ms
2024-10-25 15:09:23.225 +08:00 [INF] KycController PostKyc START
2024-10-25 15:09:23.272 +08:00 [INF] Start processing HTTP request POST http://localhost:5001/api/AuthenticationMgmt/KycService/CheckKyc
2024-10-25 15:09:23.273 +08:00 [INF] Sending HTTP request POST http://localhost:5001/api/AuthenticationMgmt/KycService/CheckKyc
2024-10-25 15:09:23.331 +08:00 [INF] Received HTTP response headers after 56.5486ms - 200
2024-10-25 15:09:23.333 +08:00 [INF] End processing HTTP request after 61.4003ms - 200
2024-10-25 15:10:46.500 +08:00 [INF] Now listening on: http://localhost:5000
2024-10-25 15:10:46.530 +08:00 [INF] Application started. Press Ctrl+C to shut down.
2024-10-25 15:10:46.538 +08:00 [INF] Hosting environment: Development
2024-10-25 15:10:46.541 +08:00 [INF] Content root path: D:\Project\DotNetBackEnd\DotNetBackEndCleanArchitecture\DotNetBackEndCleanArchitecture\DotNetBackEndApi
2024-10-25 15:10:59.657 +08:00 [INF] HTTP GET /swagger/index.html responded 200 in 773.9258 ms
2024-10-25 15:11:03.286 +08:00 [INF] HTTP GET /swagger/v1/swagger.json responded 200 in 700.4593 ms
2024-10-25 15:11:39.936 +08:00 [INF] ApplyWithdrawController PostApplyWithdraw START
2024-10-25 15:11:40.009 +08:00 [INF] Start processing HTTP request POST http://localhost:5001/api/FinancialMgmt/ApplyWithdrawService/PostApplyWithdraw
2024-10-25 15:11:40.015 +08:00 [INF] Sending HTTP request POST http://localhost:5001/api/FinancialMgmt/ApplyWithdrawService/PostApplyWithdraw
2024-10-25 15:12:32.972 +08:00 [INF] Now listening on: http://localhost:5000
2024-10-25 15:12:32.988 +08:00 [INF] Application started. Press Ctrl+C to shut down.
2024-10-25 15:12:32.989 +08:00 [INF] Hosting environment: Development
2024-10-25 15:12:32.990 +08:00 [INF] Content root path: D:\Project\DotNetBackEnd\DotNetBackEndCleanArchitecture\DotNetBackEndCleanArchitecture\DotNetBackEndApi
2024-10-25 15:12:41.018 +08:00 [INF] HTTP GET /swagger/index.html responded 200 in 738.1951 ms
2024-10-25 15:12:43.743 +08:00 [INF] HTTP GET /swagger/v1/swagger.json responded 200 in 628.7234 ms
2024-10-25 15:13:27.060 +08:00 [INF] ApplyWithdrawController PostApplyWithdraw START
2024-10-25 15:13:27.107 +08:00 [INF] Start processing HTTP request POST http://localhost:5001/api/FinancialMgmt/ApplyWithdrawService/PostApplyWithdraw
2024-10-25 15:13:27.112 +08:00 [INF] Sending HTTP request POST http://localhost:5001/api/FinancialMgmt/ApplyWithdrawService/PostApplyWithdraw
2024-10-25 15:13:32.390 +08:00 [INF] Received HTTP response headers after 5271.5382ms - 200
2024-10-25 15:13:32.395 +08:00 [INF] End processing HTTP request after 5293.4296ms - 200
2024-10-25 15:13:32.404 +08:00 [INF] ApplyWithdrawController PostApplyWithdraw END
2024-10-25 15:13:32.418 +08:00 [INF] HTTP POST /api/ApplyWithdraw responded 200 in 5482.9488 ms
2024-10-25 15:13:41.104 +08:00 [INF] ApplyWithdrawController PostApplyWithdraw START
2024-10-25 15:13:41.150 +08:00 [INF] Start processing HTTP request POST http://localhost:5001/api/FinancialMgmt/ApplyWithdrawService/PostApplyWithdraw
2024-10-25 15:13:41.157 +08:00 [INF] Sending HTTP request POST http://localhost:5001/api/FinancialMgmt/ApplyWithdrawService/PostApplyWithdraw
2024-10-25 15:13:46.528 +08:00 [INF] Received HTTP response headers after 5366.716ms - 200
2024-10-25 15:13:46.530 +08:00 [INF] End processing HTTP request after 5380.3174ms - 200
2024-10-25 15:13:46.533 +08:00 [INF] ApplyWithdrawController PostApplyWithdraw END
2024-10-25 15:13:46.537 +08:00 [INF] HTTP POST /api/ApplyWithdraw responded 200 in 5465.9477 ms
