2024-08-07 14:22:32.895 +08:00 [INF] ScheduleController GroupDebitSchedule START
2024-08-07 14:23:55.305 +08:00 [INF] ScheduleController GroupDebitSchedule END
2024-08-07 14:29:24.592 +08:00 [INF] ScheduleController PendingPaymentSchedule START
2024-08-07 14:29:26.723 +08:00 [INF] ScheduleController PendingPaymentSchedule END
2024-08-07 14:29:38.826 +08:00 [INF] ScheduleController PendingPaymentSchedule START
2024-08-07 14:30:00.640 +08:00 [INF] ScheduleController PendingPaymentSchedule END
2024-08-07 14:35:19.430 +08:00 [INF] ScheduleController PendingPaymentSchedule START
2024-08-07 14:35:22.614 +08:00 [INF] ScheduleController PendingPaymentSchedule END
2024-08-07 14:35:54.443 +08:00 [INF] ScheduleController PendingPaymentSchedule START
2024-08-07 14:38:36.702 +08:00 [INF] ScheduleController PendingPaymentSchedule END
2024-08-07 14:48:49.523 +08:00 [INF] ScheduleController PendingPaymentSchedule START
2024-08-07 14:48:49.523 +08:00 [INF] ScheduleController PendingPaymentSchedule START
2024-08-07 14:52:53.989 +08:00 [INF] ScheduleController PendingPaymentSchedule END
2024-08-07 14:52:54.427 +08:00 [INF] ScheduleController PendingPaymentSchedule END
2024-08-07 14:54:10.009 +08:00 [INF] ScheduleController PendingPaymentSchedule START
2024-08-07 14:54:10.011 +08:00 [INF] ScheduleController PendingPaymentSchedule START
2024-08-07 14:54:57.799 +08:00 [INF] ScheduleController PendingPaymentSchedule END
2024-08-07 14:54:57.800 +08:00 [INF] ScheduleController PendingPaymentSchedule END
2024-08-07 14:56:26.508 +08:00 [INF] ScheduleController PendingPaymentSchedule START
2024-08-07 14:56:26.548 +08:00 [INF] ScheduleController PendingPaymentSchedule START
2024-08-07 14:56:48.621 +08:00 [INF] ScheduleController PendingPaymentSchedule END
2024-08-07 14:56:48.621 +08:00 [INF] ScheduleController PendingPaymentSchedule END
2024-08-07 15:22:32.521 +08:00 [INF] ScheduleController SettlementPeaceSchedule START
2024-08-07 15:22:56.906 +08:00 [INF] ScheduleController SettlementPeaceSchedule END
2024-08-07 15:22:59.758 +08:00 [INF] ScheduleController SettlementPeaceSchedule START
2024-08-07 15:35:59.780 +08:00 [INF] ScheduleController SettlementPeaceSchedule END
2024-08-07 15:38:00.763 +08:00 [INF] ScheduleController SettlementPeaceSchedule START
2024-08-07 15:39:30.027 +08:00 [INF] ScheduleController SettlementPeaceSchedule END
2024-08-07 15:39:32.312 +08:00 [INF] ScheduleController SettlementPeaceSchedule START
2024-08-07 15:39:35.294 +08:00 [INF] ScheduleController SettlementPeaceSchedule END
2024-08-07 15:39:38.241 +08:00 [INF] ScheduleController SettlementPeaceSchedule START
2024-08-07 15:39:42.113 +08:00 [INF] ScheduleController SettlementPeaceSchedule END
2024-08-07 15:39:45.510 +08:00 [INF] ScheduleController SettlementPeaceSchedule START
2024-08-07 15:39:58.530 +08:00 [INF] ScheduleController SettlementPeaceSchedule END
2024-08-07 15:40:02.260 +08:00 [INF] ScheduleController SettlementPeaceSchedule START
2024-08-07 15:40:04.211 +08:00 [INF] ScheduleController SettlementPeaceSchedule END
2024-08-07 15:40:08.426 +08:00 [INF] ScheduleController SettlementPeaceSchedule START
2024-08-07 15:40:42.262 +08:00 [INF] ScheduleController SettlementPeaceSchedule END
2024-08-07 15:40:46.291 +08:00 [INF] ScheduleController SettlementPeaceSchedule START
2024-08-07 15:44:24.755 +08:00 [INF] ScheduleController SettlementPeaceSchedule START
2024-08-07 15:44:43.772 +08:00 [INF] ScheduleController SettlementPeaceSchedule END
