2025-01-26 04:51:24.692 +08:00 [INF] AnnouncementController QueryAnnAdmin START
2025-01-26 04:51:28.330 +08:00 [INF] AnnouncementController QueryAnnAdmin START
2025-01-26 04:51:28.514 +08:00 [INF] AnnouncementController QueryAnnAdmin START
2025-01-26 04:51:28.902 +08:00 [INF] AnnouncementController QueryAnnAdmin START
2025-01-26 04:52:06.499 +08:00 [INF] AnnouncementController QueryAnnAdmin START
2025-01-26 04:52:06.588 +08:00 [INF] AnnouncementController QueryAnnAdmin START
2025-01-26 04:53:50.357 +08:00 [INF] AnnouncementController QueryAnnAdmin START
2025-01-26 04:54:01.404 +08:00 [INF] AnnouncementController QueryAnnAdmin START
2025-01-26 04:55:44.094 +08:00 [INF] AnnouncementController QueryAnnAdmin START
2025-01-26 04:55:49.236 +08:00 [INF] AnnouncementController QueryAnnAdmin START
2025-01-26 04:55:52.695 +08:00 [INF] AnnouncementController QueryAnnAdmin START
2025-01-26 04:55:52.743 +08:00 [INF] AnnouncementController QueryAnnAdmin START
2025-01-26 04:55:57.545 +08:00 [INF] AnnouncementController QueryAnnAdmin START
2025-01-26 04:55:57.590 +08:00 [INF] AnnouncementController QueryAnnAdmin START
2025-01-26 05:05:09.337 +08:00 [INF] AnnouncementController QueryAnnAdmin START
2025-01-26 05:05:09.384 +08:00 [INF] AnnouncementController QueryAnnAdmin START
2025-01-26 05:06:00.132 +08:00 [INF] AnnouncementController QueryAnnAdmin START
2025-01-26 05:06:00.312 +08:00 [INF] AnnouncementController QueryAnnAdmin START
2025-01-26 05:07:46.805 +08:00 [INF] AnnouncementController QueryAnnAdmin START
2025-01-26 05:07:47.085 +08:00 [INF] AnnouncementController QueryAnnAdmin START
2025-01-26 05:08:26.136 +08:00 [INF] AnnouncementController QueryAnnAdmin START
2025-01-26 05:08:26.566 +08:00 [INF] AnnouncementController QueryAnnAdmin START
2025-01-26 05:08:55.278 +08:00 [INF] AnnouncementController QueryAnnAdmin START
2025-01-26 05:08:55.605 +08:00 [INF] AnnouncementController QueryAnnAdmin START
2025-01-26 05:09:29.951 +08:00 [INF] AnnouncementController QueryAnnAdmin START
2025-01-26 05:09:30.214 +08:00 [INF] AnnouncementController QueryAnnAdmin START
2025-01-26 05:09:37.526 +08:00 [INF] AnnouncementController QueryAnnAdmin START
2025-01-26 05:09:37.873 +08:00 [INF] AnnouncementController QueryAnnAdmin START
2025-01-26 05:10:55.940 +08:00 [INF] AnnouncementController QueryAnnAdmin START
2025-01-26 05:10:56.001 +08:00 [INF] AnnouncementController QueryAnnAdmin START
2025-01-26 05:12:04.806 +08:00 [INF] AnnouncementController QueryAnnAdmin START
2025-01-26 05:12:04.955 +08:00 [INF] AnnouncementController QueryAnnAdmin START
2025-01-26 05:12:56.427 +08:00 [INF] AnnouncementController QueryAnnAdmin START
2025-01-26 05:12:56.592 +08:00 [INF] AnnouncementController QueryAnnAdmin START
2025-01-26 05:15:50.399 +08:00 [INF] AnnouncementController QueryAnnAdmin START
2025-01-26 05:15:50.840 +08:00 [INF] AnnouncementController QueryAnnAdmin START
2025-01-26 05:16:11.175 +08:00 [INF] AnnouncementController QueryAnnAdmin START
2025-01-26 05:16:15.000 +08:00 [INF] AnnouncementController QueryAnnAdmin START
2025-01-26 05:22:08.393 +08:00 [INF] AnnouncementController QueryAnnAdmin START
2025-01-26 05:22:08.997 +08:00 [INF] AnnouncementController QueryAnnAdmin START
2025-01-26 05:26:16.049 +08:00 [INF] AnnouncementController QueryAnnAdmin START
2025-01-26 05:26:16.221 +08:00 [INF] AnnouncementController QueryAnnAdmin START
2025-01-26 05:26:43.686 +08:00 [INF] AnnouncementController QueryAnnAdmin START
2025-01-26 05:26:43.895 +08:00 [INF] AnnouncementController QueryAnnAdmin START
2025-01-26 05:29:51.105 +08:00 [INF] AnnouncementController QueryAnnAdmin START
2025-01-26 05:29:51.830 +08:00 [INF] AnnouncementController QueryAnnAdmin START
2025-01-26 05:29:51.850 +08:00 [INF] AnnouncementController QueryAnnAdmin START
2025-01-26 05:29:52.081 +08:00 [INF] AnnouncementController QueryAnnAdmin START
2025-01-26 05:31:15.351 +08:00 [INF] AnnouncementController QueryAnnAdmin START
2025-01-26 05:31:15.794 +08:00 [INF] AnnouncementController QueryAnnAdmin START
2025-01-26 05:32:30.250 +08:00 [INF] AnnouncementController QueryAnnAdmin START
2025-01-26 05:32:31.093 +08:00 [INF] AnnouncementController QueryAnnAdmin START
2025-01-26 05:33:42.634 +08:00 [INF] AnnouncementController QueryAnnAdmin START
2025-01-26 05:33:43.118 +08:00 [INF] AnnouncementController QueryAnnAdmin START
2025-01-26 05:33:43.425 +08:00 [INF] AnnouncementController QueryAnnAdmin START
2025-01-26 05:33:43.503 +08:00 [INF] AnnouncementController QueryAnnAdmin START
2025-01-26 05:39:46.230 +08:00 [INF] AnnouncementController QueryAnnAdmin START
2025-01-26 05:39:46.360 +08:00 [INF] AnnouncementController QueryAnnAdmin START
2025-01-26 05:39:46.441 +08:00 [INF] AnnouncementController QueryAnnAdmin START
2025-01-26 05:39:46.620 +08:00 [INF] AnnouncementController QueryAnnAdmin START
2025-01-26 05:42:12.914 +08:00 [INF] AnnouncementController QueryAnnAdmin START
2025-01-26 05:42:13.704 +08:00 [INF] AnnouncementController QueryAnnAdmin START
2025-01-26 05:43:03.774 +08:00 [INF] AnnouncementController QueryAnnAdmin START
2025-01-26 05:43:03.817 +08:00 [INF] AnnouncementController QueryAnnAdmin START
2025-01-26 05:45:51.292 +08:00 [INF] AnnouncementController QueryAnnAdmin START
2025-01-26 05:45:51.338 +08:00 [INF] AnnouncementController QueryAnnAdmin START
2025-01-26 05:53:58.804 +08:00 [INF] AnnouncementController QueryAnnAdmin START
2025-01-26 05:53:58.899 +08:00 [INF] AnnouncementController QueryAnnAdmin START
2025-01-26 05:58:14.616 +08:00 [INF] AnnouncementController QueryAnnAdmin START
2025-01-26 05:58:16.431 +08:00 [INF] AnnouncementController QueryAnnAdmin START
2025-01-26 05:58:16.454 +08:00 [INF] AnnouncementController QueryAnnAdmin START
2025-01-26 05:58:17.230 +08:00 [INF] AnnouncementController QueryAnnAdmin START
2025-01-26 05:58:17.240 +08:00 [INF] AnnouncementController QueryAnnAdmin START
2025-01-26 05:58:17.307 +08:00 [INF] AnnouncementController QueryAnnAdmin START
2025-01-26 05:59:14.294 +08:00 [INF] AnnouncementController QueryAnnAdmin START
2025-01-26 05:59:14.367 +08:00 [INF] AnnouncementController QueryAnnAdmin START
2025-01-26 06:01:13.035 +08:00 [INF] AnnouncementController QueryAnnAdmin START
2025-01-26 06:01:13.362 +08:00 [INF] AnnouncementController QueryAnnAdmin START
2025-01-26 07:03:30.970 +08:00 [INF] AnnouncementController QueryAnnAdmin START
2025-01-26 07:03:31.110 +08:00 [INF] AnnouncementController QueryAnnAdmin START
2025-01-26 07:03:50.410 +08:00 [INF] AnnouncementController QueryAnnAdmin START
2025-01-26 07:03:51.449 +08:00 [INF] AnnouncementController QueryAnnAdmin START
2025-01-26 07:04:36.495 +08:00 [INF] AnnouncementController QueryAnnAdmin START
2025-01-26 07:04:36.568 +08:00 [INF] AnnouncementController QueryAnnAdmin START
2025-01-26 07:04:43.025 +08:00 [INF] AnnouncementController QueryAnnAdmin START
2025-01-26 07:04:43.210 +08:00 [INF] AnnouncementController QueryAnnAdmin START
2025-01-26 07:05:51.240 +08:00 [INF] AnnouncementController QueryAnnAdmin START
2025-01-26 07:05:51.289 +08:00 [INF] AnnouncementController QueryAnnAdmin START
2025-01-26 07:06:03.653 +08:00 [INF] AnnouncementController QueryAnnAdmin START
2025-01-26 07:06:03.907 +08:00 [INF] AnnouncementController QueryAnnAdmin START
2025-01-26 07:06:30.771 +08:00 [INF] AnnouncementController QueryAnnAdmin START
2025-01-26 07:06:30.914 +08:00 [INF] AnnouncementController QueryAnnAdmin START
2025-01-26 16:22:20.448 +08:00 [INF] AnnouncementController QueryAnnAdmin START
2025-01-26 16:22:20.525 +08:00 [INF] AnnouncementController QueryAnnAdmin START
2025-01-26 16:28:38.137 +08:00 [INF] AnnouncementController QueryAnnAdmin START
2025-01-26 16:28:38.206 +08:00 [INF] AnnouncementController QueryAnnAdmin START
2025-01-26 16:34:23.461 +08:00 [INF] AnnouncementController QueryAnnAdmin START
2025-01-26 16:34:23.564 +08:00 [INF] AnnouncementController QueryAnnAdmin START
2025-01-26 16:35:02.740 +08:00 [INF] AnnouncementController QueryAnnAdmin START
2025-01-26 16:35:02.936 +08:00 [INF] AnnouncementController QueryAnnAdmin START
2025-01-26 16:42:32.802 +08:00 [INF] AnnouncementController QueryAnnAdmin START
2025-01-26 16:42:33.881 +08:00 [INF] AnnouncementController QueryAnnAdmin START
2025-01-26 16:43:41.619 +08:00 [INF] AnnouncementController QueryAnnAdmin START
2025-01-26 16:43:41.660 +08:00 [INF] AnnouncementController QueryAnnAdmin START
2025-01-26 16:51:08.146 +08:00 [INF] AnnouncementController QueryAnnAdmin START
2025-01-26 16:51:08.266 +08:00 [INF] AnnouncementController QueryAnnAdmin START
2025-01-26 16:53:36.534 +08:00 [INF] AnnouncementController QueryAnnAdmin START
2025-01-26 16:53:36.639 +08:00 [INF] AnnouncementController QueryAnnAdmin START
2025-01-26 16:58:19.206 +08:00 [INF] AnnouncementController QueryAnnAdmin START
2025-01-26 16:58:20.202 +08:00 [INF] AnnouncementController QueryAnnAdmin START
2025-01-26 17:02:37.463 +08:00 [INF] AnnouncementController QueryAnnAdmin START
2025-01-26 17:02:38.814 +08:00 [INF] AnnouncementController QueryAnnAdmin START
2025-01-26 17:03:49.072 +08:00 [INF] AnnouncementController QueryAnnAdmin START
2025-01-26 17:03:50.902 +08:00 [INF] AnnouncementController QueryAnnAdmin START
2025-01-26 17:05:28.140 +08:00 [INF] AnnouncementController QueryAnnAdmin START
2025-01-26 17:05:29.727 +08:00 [INF] AnnouncementController QueryAnnAdmin START
2025-01-26 17:11:23.664 +08:00 [INF] AnnouncementController QueryAnnAdmin START
2025-01-26 17:11:27.120 +08:00 [INF] AnnouncementController QueryAnnAdmin START
2025-01-26 17:20:03.655 +08:00 [INF] AnnouncementController QueryAnnAdmin START
2025-01-26 17:20:04.855 +08:00 [INF] AnnouncementController QueryAnnAdmin START
2025-01-26 17:22:49.112 +08:00 [INF] AnnouncementController PutAnnouncement START
2025-01-26 17:24:09.743 +08:00 [INF] AnnouncementController PutAnnouncement START
2025-01-26 17:24:41.065 +08:00 [INF] AnnouncementController QueryAnnAdmin START
2025-01-26 17:24:41.767 +08:00 [INF] AnnouncementController QueryAnnAdmin START
2025-01-26 17:29:30.383 +08:00 [INF] AnnouncementController PutAnnouncement START
2025-01-26 17:29:30.746 +08:00 [INF] AnnouncementController QueryAnnAdmin START
2025-01-26 17:29:30.857 +08:00 [INF] AnnouncementController QueryAnnAdmin START
2025-01-26 17:29:30.927 +08:00 [INF] AnnouncementController QueryAnnAdmin START
2025-01-26 17:29:30.962 +08:00 [INF] AnnouncementController QueryAnnAdmin START
2025-01-26 17:29:33.982 +08:00 [INF] AnnouncementController QueryAnnAdmin START
2025-01-26 17:29:34.133 +08:00 [INF] AnnouncementController QueryAnnAdmin START
2025-01-26 17:30:08.555 +08:00 [INF] AnnouncementController PutAnnouncement START
2025-01-26 17:35:43.164 +08:00 [INF] AnnouncementController QueryAnnAdmin START
2025-01-26 17:35:43.861 +08:00 [INF] AnnouncementController QueryAnnAdmin START
2025-01-26 17:37:02.839 +08:00 [INF] AnnouncementController QueryAnnAdmin START
2025-01-26 17:37:03.633 +08:00 [INF] AnnouncementController QueryAnnAdmin START
2025-01-26 17:38:13.817 +08:00 [INF] AnnouncementController QueryAnnAdmin START
2025-01-26 17:38:13.861 +08:00 [INF] AnnouncementController QueryAnnAdmin START
2025-01-26 17:38:39.219 +08:00 [INF] AnnouncementController QueryAnnAdmin START
2025-01-26 17:38:39.958 +08:00 [INF] AnnouncementController QueryAnnAdmin START
2025-01-26 17:38:39.986 +08:00 [INF] AnnouncementController QueryAnnAdmin START
2025-01-26 17:38:40.089 +08:00 [INF] AnnouncementController QueryAnnAdmin START
2025-01-26 17:40:16.739 +08:00 [INF] AnnouncementController QueryAnnAdmin START
2025-01-26 17:40:16.821 +08:00 [INF] AnnouncementController QueryAnnAdmin START
2025-01-26 17:44:17.781 +08:00 [INF] AnnouncementController PutAnnouncement START
2025-01-26 17:45:24.091 +08:00 [INF] AnnouncementController QueryAnnAdmin START
2025-01-26 17:45:24.368 +08:00 [INF] AnnouncementController QueryAnnAdmin START
2025-01-26 17:54:24.665 +08:00 [INF] AnnouncementController QueryAnnAdmin START
2025-01-26 17:54:26.635 +08:00 [INF] AnnouncementController QueryAnnAdmin START
2025-01-26 17:54:37.424 +08:00 [INF] AnnouncementController QueryAnnAdmin START
2025-01-26 17:54:37.766 +08:00 [INF] AnnouncementController QueryAnnAdmin START
2025-01-26 18:14:15.115 +08:00 [INF] AnnouncementController QueryAnnAdmin START
2025-01-26 18:14:15.875 +08:00 [INF] AnnouncementController QueryAnnAdmin START
2025-01-26 18:15:32.242 +08:00 [INF] AnnouncementController QueryAnnAdmin START
2025-01-26 18:15:33.072 +08:00 [INF] AnnouncementController QueryAnnAdmin START
2025-01-26 18:20:09.735 +08:00 [INF] AnnouncementController QueryAnnAdmin START
2025-01-26 18:20:09.928 +08:00 [INF] AnnouncementController QueryAnnAdmin START
2025-01-26 18:28:01.264 +08:00 [INF] AnnouncementController QueryAnnAdmin START
2025-01-26 18:28:01.916 +08:00 [INF] AnnouncementController QueryAnnAdmin START
2025-01-26 18:28:05.857 +08:00 [INF] AnnouncementController QueryAnnAdmin START
2025-01-26 18:28:06.543 +08:00 [INF] AnnouncementController QueryAnnAdmin START
2025-01-26 18:30:45.052 +08:00 [INF] AnnouncementController QueryAnnAdmin START
2025-01-26 18:30:45.270 +08:00 [INF] AnnouncementController QueryAnnAdmin START
2025-01-26 18:30:53.986 +08:00 [INF] AnnouncementController QueryAnnAdmin START
2025-01-26 18:30:55.242 +08:00 [INF] AnnouncementController QueryAnnAdmin START
2025-01-26 18:30:55.253 +08:00 [INF] AnnouncementController QueryAnnAdmin START
2025-01-26 18:30:55.633 +08:00 [INF] AnnouncementController QueryAnnAdmin START
2025-01-26 18:32:06.202 +08:00 [INF] AnnouncementController QueryAnnAdmin START
2025-01-26 18:32:07.826 +08:00 [INF] AnnouncementController QueryAnnAdmin START
2025-01-26 18:32:08.238 +08:00 [INF] AnnouncementController QueryAnnAdmin START
2025-01-26 18:32:08.667 +08:00 [INF] AnnouncementController QueryAnnAdmin START
2025-01-26 18:34:08.806 +08:00 [INF] AnnouncementController QueryAnnAdmin START
2025-01-26 18:34:08.854 +08:00 [INF] AnnouncementController QueryAnnAdmin START
2025-01-26 18:43:52.647 +08:00 [INF] AnnouncementController QueryAnnAdmin START
2025-01-26 18:43:54.155 +08:00 [INF] AnnouncementController QueryAnnAdmin START
2025-01-26 18:44:14.725 +08:00 [INF] AnnouncementController QueryAnnAdmin START
2025-01-26 18:44:14.930 +08:00 [INF] AnnouncementController QueryAnnAdmin START
2025-01-26 18:45:46.216 +08:00 [INF] AnnouncementController QueryAnnAdmin START
2025-01-26 18:45:46.884 +08:00 [INF] AnnouncementController QueryAnnAdmin START
2025-01-26 18:54:53.108 +08:00 [INF] AnnouncementController QueryAnnAdmin START
2025-01-26 18:54:53.839 +08:00 [INF] AnnouncementController QueryAnnAdmin START
2025-01-26 18:55:03.260 +08:00 [INF] AnnouncementController PutAnnouncement START
2025-01-26 18:55:31.936 +08:00 [INF] AnnouncementController PutAnnouncement END
2025-01-26 18:56:44.603 +08:00 [INF] AnnouncementController PutAnnouncement START
2025-01-26 18:56:51.009 +08:00 [INF] AnnouncementController PutAnnouncement END
2025-01-26 19:00:22.655 +08:00 [INF] AnnouncementController PutAnnouncement START
2025-01-26 19:00:37.766 +08:00 [INF] AnnouncementController PutAnnouncement END
2025-01-26 19:00:40.436 +08:00 [INF] AnnouncementController QueryAnnAdmin START
2025-01-26 19:00:40.570 +08:00 [INF] AnnouncementController QueryAnnAdmin START
2025-01-26 19:15:30.064 +08:00 [INF] AnnouncementController QueryAnnAdmin START
2025-01-26 19:17:41.582 +08:00 [INF] AnnouncementController QueryAnnAdmin START
2025-01-26 19:19:38.006 +08:00 [INF] AnnouncementController QueryAnnAdmin START
2025-01-26 19:21:44.269 +08:00 [INF] AnnouncementController QueryAnnAdmin START
2025-01-26 19:21:48.177 +08:00 [INF] AnnouncementController GetAnnImages START
2025-01-26 19:21:48.217 +08:00 [INF] AnnouncementController GetAnnImages END
2025-01-26 19:21:48.482 +08:00 [INF] AnnouncementController GetAnnImage START
2025-01-26 19:21:48.492 +08:00 [INF] AnnouncementController GetAnnImage START
2025-01-26 19:21:48.495 +08:00 [INF] AnnouncementController GetAnnImage START
2025-01-26 19:22:13.770 +08:00 [INF] AnnouncementController GetAnnImages START
2025-01-26 19:25:20.951 +08:00 [INF] AnnouncementController QueryAnnAdmin START
2025-01-26 19:25:27.302 +08:00 [INF] AnnouncementController QueryAnnAdmin START
2025-01-26 19:49:40.644 +08:00 [INF] AnnouncementController QueryAnnAdmin START
2025-01-26 19:50:55.778 +08:00 [INF] AnnouncementController QueryAnnAdmin START
2025-01-26 19:51:18.244 +08:00 [INF] AnnouncementController QueryAnnAdmin START
2025-01-26 19:51:18.379 +08:00 [INF] AnnouncementController QueryAnnAdmin START
2025-01-26 19:51:20.813 +08:00 [INF] AnnouncementController QueryAnnAdmin START
2025-01-26 20:00:43.881 +08:00 [INF] AnnouncementController GetAnnImages START
2025-01-26 20:00:43.947 +08:00 [INF] AnnouncementController GetAnnImages END
2025-01-26 20:00:44.187 +08:00 [INF] AnnouncementController GetAnnImage START
2025-01-26 20:00:44.187 +08:00 [INF] AnnouncementController GetAnnImage START
2025-01-26 20:00:44.188 +08:00 [INF] AnnouncementController GetAnnImage START
2025-01-26 20:00:57.666 +08:00 [INF] AnnouncementController QueryAnnAdmin START
2025-01-26 20:01:21.988 +08:00 [INF] AnnouncementController QueryAnnAdmin START
2025-01-26 20:01:29.803 +08:00 [INF] AnnouncementController GetAnnBoardImage START
2025-01-26 20:02:10.196 +08:00 [INF] AnnouncementController GetAnnBoardImage START
2025-01-26 20:02:33.466 +08:00 [INF] AnnouncementController PutAnnouncement START
2025-01-26 20:02:40.802 +08:00 [INF] AnnouncementController PutAnnouncement END
2025-01-26 20:02:42.330 +08:00 [INF] AnnouncementController QueryAnnAdmin START
2025-01-26 20:02:45.399 +08:00 [INF] AnnouncementController QueryAnnAdmin START
2025-01-26 20:02:47.585 +08:00 [INF] AnnouncementController GetAnnBoardImage START
2025-01-26 20:03:07.039 +08:00 [INF] AnnouncementController PutAnnouncement START
2025-01-26 20:03:10.005 +08:00 [INF] AnnouncementController PutAnnouncement END
2025-01-26 20:03:12.637 +08:00 [INF] AnnouncementController QueryAnnAdmin START
2025-01-26 20:03:15.308 +08:00 [INF] AnnouncementController QueryAnnAdmin START
2025-01-26 20:03:37.387 +08:00 [INF] AnnouncementController QueryAnnAdmin START
2025-01-26 20:03:43.823 +08:00 [INF] AnnouncementController QueryAnnAdmin START
2025-01-26 20:03:43.922 +08:00 [INF] AnnouncementController QueryAnnAdmin START
2025-01-26 20:03:44.125 +08:00 [INF] AnnouncementController QueryAnnAdmin START
2025-01-26 20:03:44.150 +08:00 [INF] AnnouncementController QueryAnnAdmin START
2025-01-26 20:03:44.211 +08:00 [INF] AnnouncementController QueryAnnAdmin START
2025-01-26 20:03:46.002 +08:00 [INF] AnnouncementController GetAnnBoardImage START
