2024-07-07 15:22:42.522 +08:00 [INF] ScheduleController BiddingSchedule START
2024-07-07 15:26:07.508 +08:00 [INF] ScheduleController BiddingSchedule END
2024-07-07 15:30:39.823 +08:00 [INF] ScheduleController BiddingSchedule START
2024-07-07 15:30:51.293 +08:00 [INF] ScheduleController BiddingSchedule END
2024-07-07 15:51:13.475 +08:00 [INF] ScheduleController BiddingSchedule START
2024-07-07 16:13:30.769 +08:00 [INF] ScheduleController BiddingSchedule START
2024-07-07 16:16:43.508 +08:00 [INF] ScheduleController BiddingSchedule END
2024-07-07 16:19:28.117 +08:00 [INF] ScheduleController BiddingSchedule START
2024-07-07 16:20:14.893 +08:00 [INF] ScheduleController BiddingSchedule END
2024-07-07 16:23:23.843 +08:00 [INF] ScheduleController BiddingSchedule START
2024-07-07 16:23:59.668 +08:00 [INF] ScheduleController BiddingSchedule END
2024-07-07 16:27:53.567 +08:00 [INF] ScheduleController BiddingSchedule START
2024-07-07 16:27:54.955 +08:00 [INF] ScheduleController BiddingSchedule END
2024-07-07 16:30:11.150 +08:00 [INF] ScheduleController BiddingSchedule START
2024-07-07 16:33:29.088 +08:00 [INF] ScheduleController BiddingSchedule END
2024-07-07 16:35:30.787 +08:00 [INF] ScheduleController BiddingSchedule START
2024-07-07 16:38:15.647 +08:00 [INF] ScheduleController BiddingSchedule END
2024-07-07 16:42:50.971 +08:00 [INF] ScheduleController BiddingSchedule START
2024-07-07 16:42:51.787 +08:00 [INF] ScheduleController BiddingSchedule END
2024-07-07 16:43:07.802 +08:00 [INF] ScheduleController BiddingSchedule START
2024-07-07 16:43:07.898 +08:00 [INF] ScheduleController BiddingSchedule END
2024-07-07 16:43:39.441 +08:00 [INF] ScheduleController BiddingSchedule START
2024-07-07 16:43:39.926 +08:00 [INF] ScheduleController BiddingSchedule END
2024-07-07 16:43:57.905 +08:00 [INF] ScheduleController BiddingSchedule START
2024-07-07 16:44:20.908 +08:00 [INF] ScheduleController BiddingSchedule END
2024-07-07 16:47:21.155 +08:00 [INF] ScheduleController BiddingSchedule START
2024-07-07 16:47:42.532 +08:00 [INF] ScheduleController BiddingSchedule END
2024-07-07 16:49:02.760 +08:00 [INF] ScheduleController BiddingSchedule START
2024-07-07 16:49:09.310 +08:00 [INF] ScheduleController BiddingSchedule END
2024-07-07 16:51:00.431 +08:00 [INF] ScheduleController BiddingSchedule START
2024-07-07 16:52:35.676 +08:00 [INF] ScheduleController BiddingSchedule END
2024-07-07 16:54:07.321 +08:00 [INF] ScheduleController BiddingSchedule START
2024-07-07 16:54:52.174 +08:00 [INF] ScheduleController BiddingSchedule END
2024-07-07 16:59:20.818 +08:00 [INF] ScheduleController BiddingSchedule START
2024-07-07 17:04:21.053 +08:00 [INF] ScheduleController BiddingSchedule START
2024-07-07 17:22:54.769 +08:00 [INF] ScheduleController BiddingSchedule START
2024-07-07 17:23:20.474 +08:00 [INF] ScheduleController BiddingSchedule END
2024-07-07 17:30:43.410 +08:00 [INF] ScheduleController BiddingSchedule START
2024-07-07 17:30:49.081 +08:00 [INF] ScheduleController BiddingSchedule END
2024-07-07 18:03:19.535 +08:00 [INF] ScheduleController BiddingSchedule START
2024-07-07 18:03:21.139 +08:00 [INF] ScheduleController BiddingSchedule END
2024-07-07 18:08:57.659 +08:00 [INF] ScheduleController BiddingSchedule START
2024-07-07 18:09:00.295 +08:00 [INF] ScheduleController BiddingSchedule END
2024-07-07 18:18:10.458 +08:00 [INF] ScheduleController SettlementRewardSchedule START
2024-07-07 18:19:34.975 +08:00 [INF] ScheduleController SettlementRewardSchedule END
2024-07-07 18:24:39.253 +08:00 [INF] ScheduleController SettlementRewardSchedule START
2024-07-07 18:24:58.158 +08:00 [INF] ScheduleController SettlementRewardSchedule END
2024-07-07 19:57:24.655 +08:00 [INF] ScheduleController SettlementPeaceSchedule START
2024-07-07 20:14:38.496 +08:00 [INF] ScheduleController SettlementPeaceSchedule START
2024-07-07 20:27:32.879 +08:00 [INF] ScheduleController SettlementPeaceSchedule START
2024-07-07 20:28:47.558 +08:00 [INF] ScheduleController SettlementPeaceSchedule END
2024-07-07 20:34:40.511 +08:00 [INF] ScheduleController SettlementPeaceSchedule START
2024-07-07 21:06:50.531 +08:00 [INF] ScheduleController SettlementPeaceSchedule START
2024-07-07 21:06:59.243 +08:00 [INF] ScheduleController SettlementPeaceSchedule END
